::Queue started at 24-Feb-2013 10:22:29, with machine clock reading 97272.9091.::
space	194549.8024
RightShift	194551.7637
::Experiment started at 24-Feb-2013 10:22:32, with machine clock reading 97275.9576.::
::TTL #1 expected (time-based): 0 recorded: 0 ::
=+	194551.9106
::Onset of cue expected: [N/A SELF PACED]  recorded: 0.016024 ::
cue	0.0160
::Onset of trial expected: [N/A SELF PACED]  recorded: 0.53355 ::
trial	0.5336
::Onset of return expected: [N/A SELF PACED]  recorded: 1.8528 ::
return	1.8528
::Onset of trial expected: [N/A SELF PACED]  recorded: 2.5876 ::
trial	2.5876
::Onset of return expected: [N/A SELF PACED]  recorded: 3.673 ::
return	3.6730
::Onset of trial expected: [N/A SELF PACED]  recorded: 4.4078 ::
trial	4.4078
::Onset of return expected: [N/A SELF PACED]  recorded: 5.4597 ::
return	5.4597
::Onset of trial expected: [N/A SELF PACED]  recorded: 6.2112 ::
trial	6.2112
::Onset of return expected: [N/A SELF PACED]  recorded: 7.2966 ::
return	7.2966
::Onset of trial expected: [N/A SELF PACED]  recorded: 8.0481 ::
trial	8.0481
::Onset of return expected: [N/A SELF PACED]  recorded: 9.1502 ::
return	9.1502
::Onset of trial expected: [N/A SELF PACED]  recorded: 9.9016 ::
trial	9.9016
::Onset of return expected: [N/A SELF PACED]  recorded: 11.1708 ::
return	11.1708
::Onset of trial expected: [N/A SELF PACED]  recorded: 11.9223 ::
trial	11.9223
::Onset of return expected: [N/A SELF PACED]  recorded: 13.0411 ::
return	13.0411
::Onset of trial expected: [N/A SELF PACED]  recorded: 13.7925 ::
trial	13.7925
::Onset of return expected: [N/A SELF PACED]  recorded: 14.7111 ::
return	14.7111
::Onset of trial expected: [N/A SELF PACED]  recorded: 15.4625 ::
trial	15.4625
::Onset of return expected: [N/A SELF PACED]  recorded: 16.6314 ::
return	16.6314
::Onset of trial expected: [N/A SELF PACED]  recorded: 17.383 ::
trial	17.3830
::Onset of return expected: [N/A SELF PACED]  recorded: 18.4516 ::
return	18.4516
::Onset of trial expected: [N/A SELF PACED]  recorded: 19.2031 ::
trial	19.2031
::Onset of return expected: [N/A SELF PACED]  recorded: 20.539 ::
return	20.5390
::Onset of trial expected: [N/A SELF PACED]  recorded: 21.2571 ::
trial	21.2571
::Onset of return expected: [N/A SELF PACED]  recorded: 22.2257 ::
return	22.2257
::Onset of trial expected: [N/A SELF PACED]  recorded: 22.9771 ::
trial	22.9771
::Onset of return expected: [N/A SELF PACED]  recorded: 23.8455 ::
return	23.8455
::Onset of trial expected: [N/A SELF PACED]  recorded: 24.5969 ::
trial	24.5969
::Onset of return expected: [N/A SELF PACED]  recorded: 25.3651 ::
return	25.3651
::Onset of trial expected: [N/A SELF PACED]  recorded: 26.1166 ::
trial	26.1166
::Onset of return expected: [N/A SELF PACED]  recorded: 26.8679 ::
return	26.8679
::Onset of trial expected: [N/A SELF PACED]  recorded: 27.6194 ::
trial	27.6194
::Onset of return expected: [N/A SELF PACED]  recorded: 28.421 ::
return	28.4210
::Onset of trial expected: [N/A SELF PACED]  recorded: 29.1725 ::
trial	29.1725
::Onset of return expected: [N/A SELF PACED]  recorded: 30.0409 ::
return	30.0409
::Onset of trial expected: [N/A SELF PACED]  recorded: 30.7922 ::
trial	30.7922
::Onset of return expected: [N/A SELF PACED]  recorded: 31.6441 ::
return	31.6441
::Onset of trial expected: [N/A SELF PACED]  recorded: 32.3954 ::
trial	32.3954
::Onset of return expected: [N/A SELF PACED]  recorded: 33.2972 ::
return	33.2972
::Onset of trial expected: [N/A SELF PACED]  recorded: 34.0486 ::
trial	34.0486
::Onset of return expected: [N/A SELF PACED]  recorded: 34.917 ::
return	34.9170
::Onset of trial expected: [N/A SELF PACED]  recorded: 35.6685 ::
trial	35.6685
::Onset of return expected: [N/A SELF PACED]  recorded: 36.4366 ::
return	36.4366
::Onset of trial expected: [N/A SELF PACED]  recorded: 37.1881 ::
trial	37.1881
::Onset of return expected: [N/A SELF PACED]  recorded: 37.9227 ::
return	37.9227
::Onset of trial expected: [N/A SELF PACED]  recorded: 38.6742 ::
trial	38.6742
::Onset of return expected: [N/A SELF PACED]  recorded: 39.4592 ::
return	39.4592
::Onset of trial expected: [N/A SELF PACED]  recorded: 40.2106 ::
trial	40.2106
::Onset of return expected: [N/A SELF PACED]  recorded: 40.9453 ::
return	40.9453
::Onset of trial expected: [N/A SELF PACED]  recorded: 41.6968 ::
trial	41.6968
::Onset of return expected: [N/A SELF PACED]  recorded: 42.4483 ::
return	42.4483
::Onset of trial expected: [N/A SELF PACED]  recorded: 43.1831 ::
trial	43.1831
::Onset of return expected: [N/A SELF PACED]  recorded: 43.9345 ::
return	43.9345
::Onset of trial expected: [N/A SELF PACED]  recorded: 44.6692 ::
trial	44.6692
::Onset of return expected: [N/A SELF PACED]  recorded: 45.4542 ::
return	45.4542
::Onset of trial expected: [N/A SELF PACED]  recorded: 46.2055 ::
trial	46.2055
::Onset of return expected: [N/A SELF PACED]  recorded: 46.9403 ::
return	46.9403
::Onset of trial expected: [N/A SELF PACED]  recorded: 47.6919 ::
trial	47.6919
::Onset of return expected: [N/A SELF PACED]  recorded: 48.5767 ::
return	48.5767
::Onset of trial expected: [N/A SELF PACED]  recorded: 49.3283 ::
trial	49.3283
::Onset of return expected: [N/A SELF PACED]  recorded: 50.1132 ::
return	50.1132
::Onset of trial expected: [N/A SELF PACED]  recorded: 50.8648 ::
trial	50.8648
::Onset of return expected: [N/A SELF PACED]  recorded: 51.7831 ::
return	51.7831
::Onset of trial expected: [N/A SELF PACED]  recorded: 52.5345 ::
trial	52.5345
::Onset of return expected: [N/A SELF PACED]  recorded: 53.4529 ::
return	53.4529
::Onset of trial expected: [N/A SELF PACED]  recorded: 54.2045 ::
trial	54.2045
::Onset of return expected: [N/A SELF PACED]  recorded: 55.0728 ::
return	55.0728
::Onset of trial expected: [N/A SELF PACED]  recorded: 55.8243 ::
trial	55.8243
::Onset of return expected: [N/A SELF PACED]  recorded: 56.7093 ::
return	56.7093
::Onset of trial expected: [N/A SELF PACED]  recorded: 57.4609 ::
trial	57.4609
::Onset of return expected: [N/A SELF PACED]  recorded: 58.2122 ::
return	58.2122
::Onset of trial expected: [N/A SELF PACED]  recorded: 58.9469 ::
trial	58.9469
::Onset of return expected: [N/A SELF PACED]  recorded: 60.116 ::
return	60.1160
::Onset of trial expected: [N/A SELF PACED]  recorded: 60.8675 ::
trial	60.8675
::Onset of return expected: [N/A SELF PACED]  recorded: 61.6189 ::
return	61.6189
::Onset of trial expected: [N/A SELF PACED]  recorded: 62.3537 ::
trial	62.3537
::Onset of return expected: [N/A SELF PACED]  recorded: 63.1051 ::
return	63.1051
::Onset of trial expected: [N/A SELF PACED]  recorded: 63.8399 ::
trial	63.8399
::Onset of return expected: [N/A SELF PACED]  recorded: 64.6415 ::
return	64.6415
::Onset of trial expected: [N/A SELF PACED]  recorded: 65.3928 ::
trial	65.3928
::Onset of return expected: [N/A SELF PACED]  recorded: 66.1945 ::
return	66.1945
::Onset of rest expected: [N/A SELF PACED]  recorded: 66.946 ::
rest	66.9460
::Onset of cue expected: [N/A SELF PACED]  recorded: 78.9692 ::
cue	78.9692
::Onset of trial expected: [N/A SELF PACED]  recorded: 79.4869 ::
trial	79.4869
::Onset of return expected: [N/A SELF PACED]  recorded: 80.7561 ::
return	80.7561
::Onset of trial expected: [N/A SELF PACED]  recorded: 81.5076 ::
trial	81.5076
::Onset of return expected: [N/A SELF PACED]  recorded: 82.259 ::
return	82.2590
::Onset of trial expected: [N/A SELF PACED]  recorded: 82.9938 ::
trial	82.9938
::Onset of return expected: [N/A SELF PACED]  recorded: 83.9457 ::
return	83.9457
::Onset of trial expected: [N/A SELF PACED]  recorded: 84.697 ::
trial	84.6970
::Onset of return expected: [N/A SELF PACED]  recorded: 85.4151 ::
return	85.4151
::Onset of trial expected: [N/A SELF PACED]  recorded: 86.1666 ::
trial	86.1666
::Onset of return expected: [N/A SELF PACED]  recorded: 86.9848 ::
return	86.9848
::Onset of trial expected: [N/A SELF PACED]  recorded: 87.7363 ::
trial	87.7363
::Onset of return expected: [N/A SELF PACED]  recorded: 88.5044 ::
return	88.5044
::Onset of trial expected: [N/A SELF PACED]  recorded: 89.256 ::
trial	89.2560
::Onset of return expected: [N/A SELF PACED]  recorded: 89.974 ::
return	89.9740
::Onset of trial expected: [N/A SELF PACED]  recorded: 90.7255 ::
trial	90.7255
::Onset of return expected: [N/A SELF PACED]  recorded: 91.477 ::
return	91.4770
::Onset of trial expected: [N/A SELF PACED]  recorded: 92.2285 ::
trial	92.2285
::Onset of return expected: [N/A SELF PACED]  recorded: 93.0633 ::
return	93.0633
::Onset of trial expected: [N/A SELF PACED]  recorded: 93.8148 ::
trial	93.8148
::Onset of return expected: [N/A SELF PACED]  recorded: 94.5496 ::
return	94.5496
::Onset of trial expected: [N/A SELF PACED]  recorded: 95.3011 ::
trial	95.3011
::Onset of return expected: [N/A SELF PACED]  recorded: 96.0525 ::
return	96.0525
::Onset of trial expected: [N/A SELF PACED]  recorded: 96.7873 ::
trial	96.7873
::Onset of return expected: [N/A SELF PACED]  recorded: 97.7057 ::
return	97.7057
::Onset of trial expected: [N/A SELF PACED]  recorded: 98.4572 ::
trial	98.4572
::Onset of return expected: [N/A SELF PACED]  recorded: 99.2252 ::
return	99.2252
::Onset of trial expected: [N/A SELF PACED]  recorded: 99.9767 ::
trial	99.9767
::Onset of return expected: [N/A SELF PACED]  recorded: 100.7783 ::
return	100.7783
::Onset of trial expected: [N/A SELF PACED]  recorded: 101.5299 ::
trial	101.5299
::Onset of return expected: [N/A SELF PACED]  recorded: 102.2646 ::
return	102.2646
::Onset of trial expected: [N/A SELF PACED]  recorded: 103.0159 ::
trial	103.0159
::Onset of return expected: [N/A SELF PACED]  recorded: 103.7674 ::
return	103.7674
::Onset of trial expected: [N/A SELF PACED]  recorded: 104.5022 ::
trial	104.5022
::Onset of return expected: [N/A SELF PACED]  recorded: 105.2538 ::
return	105.2538
::Onset of trial expected: [N/A SELF PACED]  recorded: 106.0052 ::
trial	106.0052
::Onset of return expected: [N/A SELF PACED]  recorded: 106.7401 ::
return	106.7401
::Onset of trial expected: [N/A SELF PACED]  recorded: 107.4915 ::
trial	107.4915
::Onset of return expected: [N/A SELF PACED]  recorded: 108.2428 ::
return	108.2428
::Onset of trial expected: [N/A SELF PACED]  recorded: 108.9776 ::
trial	108.9776
::Onset of return expected: [N/A SELF PACED]  recorded: 109.8126 ::
return	109.8126
::Onset of trial expected: [N/A SELF PACED]  recorded: 110.5641 ::
trial	110.5641
::Onset of return expected: [N/A SELF PACED]  recorded: 111.3488 ::
return	111.3488
::Onset of trial expected: [N/A SELF PACED]  recorded: 112.1004 ::
trial	112.1004
::Onset of return expected: [N/A SELF PACED]  recorded: 113.0689 ::
return	113.0689
::Onset of trial expected: [N/A SELF PACED]  recorded: 113.8205 ::
trial	113.8205
::Onset of return expected: [N/A SELF PACED]  recorded: 114.8223 ::
return	114.8223
::Onset of trial expected: [N/A SELF PACED]  recorded: 115.5737 ::
trial	115.5737
::Onset of return expected: [N/A SELF PACED]  recorded: 116.3921 ::
return	116.3921
::Onset of trial expected: [N/A SELF PACED]  recorded: 117.1435 ::
trial	117.1435
::Onset of return expected: [N/A SELF PACED]  recorded: 117.9283 ::
return	117.9283
::Onset of trial expected: [N/A SELF PACED]  recorded: 118.6798 ::
trial	118.6798
::Onset of return expected: [N/A SELF PACED]  recorded: 119.4146 ::
return	119.4146
::Onset of trial expected: [N/A SELF PACED]  recorded: 120.0825 ::
trial	120.0825
::Onset of return expected: [N/A SELF PACED]  recorded: 121.1179 ::
return	121.1179
::Onset of trial expected: [N/A SELF PACED]  recorded: 121.8692 ::
trial	121.8692
::Onset of return expected: [N/A SELF PACED]  recorded: 122.6041 ::
return	122.6041
::Onset of trial expected: [N/A SELF PACED]  recorded: 123.3556 ::
trial	123.3556
::Onset of return expected: [N/A SELF PACED]  recorded: 124.1237 ::
return	124.1237
::Onset of trial expected: [N/A SELF PACED]  recorded: 124.8751 ::
trial	124.8751
::Onset of return expected: [N/A SELF PACED]  recorded: 125.777 ::
return	125.7770
::Onset of trial expected: [N/A SELF PACED]  recorded: 126.5285 ::
trial	126.5285
::Onset of return expected: [N/A SELF PACED]  recorded: 127.2632 ::
return	127.2632
::Onset of trial expected: [N/A SELF PACED]  recorded: 128.0146 ::
trial	128.0146
::Onset of return expected: [N/A SELF PACED]  recorded: 129.1835 ::
return	129.1835
::Onset of trial expected: [N/A SELF PACED]  recorded: 129.935 ::
trial	129.9350
::Onset of return expected: [N/A SELF PACED]  recorded: 130.6698 ::
return	130.6698
::Onset of trial expected: [N/A SELF PACED]  recorded: 131.4213 ::
trial	131.4213
::Onset of return expected: [N/A SELF PACED]  recorded: 132.1727 ::
return	132.1727
::Onset of trial expected: [N/A SELF PACED]  recorded: 132.9074 ::
trial	132.9074
::Onset of return expected: [N/A SELF PACED]  recorded: 133.6589 ::
return	133.6589
::Onset of trial expected: [N/A SELF PACED]  recorded: 134.3938 ::
trial	134.3938
::Onset of return expected: [N/A SELF PACED]  recorded: 135.1952 ::
return	135.1952
::Onset of trial expected: [N/A SELF PACED]  recorded: 135.9468 ::
trial	135.9468
::Onset of return expected: [N/A SELF PACED]  recorded: 136.815 ::
return	136.8150
::Onset of trial expected: [N/A SELF PACED]  recorded: 137.5665 ::
trial	137.5665
::Onset of return expected: [N/A SELF PACED]  recorded: 138.4015 ::
return	138.4015
::Onset of trial expected: [N/A SELF PACED]  recorded: 139.1529 ::
trial	139.1529
::Onset of return expected: [N/A SELF PACED]  recorded: 139.8878 ::
return	139.8878
::Onset of trial expected: [N/A SELF PACED]  recorded: 140.6392 ::
trial	140.6392
::Onset of return expected: [N/A SELF PACED]  recorded: 141.3906 ::
return	141.3906
::Onset of trial expected: [N/A SELF PACED]  recorded: 142.1255 ::
trial	142.1255
::Onset of return expected: [N/A SELF PACED]  recorded: 142.9602 ::
return	142.9602
::Onset of trial expected: [N/A SELF PACED]  recorded: 143.7119 ::
trial	143.7119
::Onset of return expected: [N/A SELF PACED]  recorded: 144.4465 ::
return	144.4465
::Onset of trial expected: [N/A SELF PACED]  recorded: 145.198 ::
trial	145.1980
::Onset of return expected: [N/A SELF PACED]  recorded: 145.9327 ::
return	145.9327
::Onset of trial expected: [N/A SELF PACED]  recorded: 146.6842 ::
trial	146.6842
::Onset of return expected: [N/A SELF PACED]  recorded: 147.4358 ::
return	147.4358
::Onset of trial expected: [N/A SELF PACED]  recorded: 148.1706 ::
trial	148.1706
::Onset of return expected: [N/A SELF PACED]  recorded: 148.922 ::
return	148.9220
::Onset of trial expected: [N/A SELF PACED]  recorded: 149.6567 ::
trial	149.6567
::Onset of return expected: [N/A SELF PACED]  recorded: 150.8757 ::
return	150.8757
::Onset of trial expected: [N/A SELF PACED]  recorded: 151.6272 ::
trial	151.6272
::Onset of return expected: [N/A SELF PACED]  recorded: 152.3786 ::
return	152.3786
::Onset of trial expected: [N/A SELF PACED]  recorded: 153.1133 ::
trial	153.1133
::Onset of return expected: [N/A SELF PACED]  recorded: 153.8649 ::
return	153.8649
::Onset of trial expected: [N/A SELF PACED]  recorded: 154.5996 ::
trial	154.5996
::Onset of return expected: [N/A SELF PACED]  recorded: 155.3344 ::
return	155.3344
::Onset of trial expected: [N/A SELF PACED]  recorded: 156.0858 ::
trial	156.0858
::Onset of return expected: [N/A SELF PACED]  recorded: 156.8207 ::
return	156.8207
::Onset of trial expected: [N/A SELF PACED]  recorded: 157.5721 ::
trial	157.5721
::Onset of return expected: [N/A SELF PACED]  recorded: 158.3235 ::
return	158.3235
::Onset of trial expected: [N/A SELF PACED]  recorded: 159.0583 ::
trial	159.0583
::Onset of return expected: [N/A SELF PACED]  recorded: 159.8432 ::
return	159.8432
::Onset of trial expected: [N/A SELF PACED]  recorded: 160.5946 ::
trial	160.5946
::Onset of return expected: [N/A SELF PACED]  recorded: 161.4295 ::
return	161.4295
::Onset of trial expected: [N/A SELF PACED]  recorded: 162.1811 ::
trial	162.1811
::Onset of return expected: [N/A SELF PACED]  recorded: 163.0661 ::
return	163.0661
::Onset of trial expected: [N/A SELF PACED]  recorded: 163.9178 ::
trial	163.9178
::Onset of return expected: [N/A SELF PACED]  recorded: 164.7361 ::
return	164.7361
::Onset of trial expected: [N/A SELF PACED]  recorded: 165.4875 ::
trial	165.4875
::Onset of return expected: [N/A SELF PACED]  recorded: 166.3725 ::
return	166.3725
::Onset of trial expected: [N/A SELF PACED]  recorded: 167.124 ::
trial	167.1240
::Onset of return expected: [N/A SELF PACED]  recorded: 168.3263 ::
return	168.3263
::Onset of trial expected: [N/A SELF PACED]  recorded: 169.0778 ::
trial	169.0778
::Onset of return expected: [N/A SELF PACED]  recorded: 170.2634 ::
return	170.2634
::Onset of trial expected: [N/A SELF PACED]  recorded: 171.0148 ::
trial	171.0148
::Onset of return expected: [N/A SELF PACED]  recorded: 171.733 ::
return	171.7330
::Onset of trial expected: [N/A SELF PACED]  recorded: 172.4844 ::
trial	172.4844
::Onset of return expected: [N/A SELF PACED]  recorded: 173.2192 ::
return	173.2192
::Onset of trial expected: [N/A SELF PACED]  recorded: 173.9706 ::
trial	173.9706
::Onset of return expected: [N/A SELF PACED]  recorded: 174.839 ::
return	174.8390
::Onset of trial expected: [N/A SELF PACED]  recorded: 175.5905 ::
trial	175.5905
::Onset of return expected: [N/A SELF PACED]  recorded: 176.4421 ::
return	176.4421
::Onset of trial expected: [N/A SELF PACED]  recorded: 177.1936 ::
trial	177.1936
::Onset of return expected: [N/A SELF PACED]  recorded: 177.9283 ::
return	177.9283
::Onset of trial expected: [N/A SELF PACED]  recorded: 178.6798 ::
trial	178.6798
::Onset of return expected: [N/A SELF PACED]  recorded: 179.5649 ::
return	179.5649
::Onset of trial expected: [N/A SELF PACED]  recorded: 180.3163 ::
trial	180.3163
::Onset of return expected: [N/A SELF PACED]  recorded: 181.0511 ::
return	181.0511
::Onset of trial expected: [N/A SELF PACED]  recorded: 181.8025 ::
trial	181.8025
::Onset of return expected: [N/A SELF PACED]  recorded: 182.5373 ::
return	182.5373
::Onset of trial expected: [N/A SELF PACED]  recorded: 183.2888 ::
trial	183.2888
::Onset of return expected: [N/A SELF PACED]  recorded: 184.6079 ::
return	184.6079
::Onset of trial expected: [N/A SELF PACED]  recorded: 185.3595 ::
trial	185.3595
::Onset of return expected: [N/A SELF PACED]  recorded: 186.1111 ::
return	186.1111
::Onset of trial expected: [N/A SELF PACED]  recorded: 186.8456 ::
trial	186.8456
::Onset of return expected: [N/A SELF PACED]  recorded: 187.5972 ::
return	187.5972
::Onset of trial expected: [N/A SELF PACED]  recorded: 188.3319 ::
trial	188.3319
::Onset of return expected: [N/A SELF PACED]  recorded: 189.1001 ::
return	189.1001
::Onset of trial expected: [N/A SELF PACED]  recorded: 189.8515 ::
trial	189.8515
::Onset of return expected: [N/A SELF PACED]  recorded: 190.5863 ::
return	190.5863
::Onset of trial expected: [N/A SELF PACED]  recorded: 191.3378 ::
trial	191.3378
::Onset of return expected: [N/A SELF PACED]  recorded: 192.0892 ::
return	192.0892
::Onset of trial expected: [N/A SELF PACED]  recorded: 192.8407 ::
trial	192.8407
::Onset of return expected: [N/A SELF PACED]  recorded: 193.7925 ::
return	193.7925
::Onset of trial expected: [N/A SELF PACED]  recorded: 194.5439 ::
trial	194.5439
::Onset of return expected: [N/A SELF PACED]  recorded: 195.4456 ::
return	195.4456
::Onset of trial expected: [N/A SELF PACED]  recorded: 196.1805 ::
trial	196.1805
::Onset of return expected: [N/A SELF PACED]  recorded: 197.1156 ::
return	197.1156
::Onset of trial expected: [N/A SELF PACED]  recorded: 197.8671 ::
trial	197.8671
::Onset of return expected: [N/A SELF PACED]  recorded: 198.6854 ::
return	198.6854
::Onset of trial expected: [N/A SELF PACED]  recorded: 199.4368 ::
trial	199.4368
::Onset of return expected: [N/A SELF PACED]  recorded: 200.255 ::
return	200.2550
::Onset of trial expected: [N/A SELF PACED]  recorded: 201.0066 ::
trial	201.0066
::Onset of return expected: [N/A SELF PACED]  recorded: 201.7747 ::
return	201.7747
::Onset of trial expected: [N/A SELF PACED]  recorded: 202.5262 ::
trial	202.5262
::Onset of return expected: [N/A SELF PACED]  recorded: 203.4946 ::
return	203.4946
::Onset of trial expected: [N/A SELF PACED]  recorded: 204.2462 ::
trial	204.2462
::Onset of return expected: [N/A SELF PACED]  recorded: 205.2147 ::
return	205.2147
::Onset of trial expected: [N/A SELF PACED]  recorded: 205.9661 ::
trial	205.9661
::Onset of return expected: [N/A SELF PACED]  recorded: 206.701 ::
return	206.7010
::Onset of trial expected: [N/A SELF PACED]  recorded: 207.4524 ::
trial	207.4524
::Onset of return expected: [N/A SELF PACED]  recorded: 208.2039 ::
return	208.2039
::Onset of trial expected: [N/A SELF PACED]  recorded: 208.9386 ::
trial	208.9386
::Onset of return expected: [N/A SELF PACED]  recorded: 211.0261 ::
return	211.0261
::Onset of trial expected: [N/A SELF PACED]  recorded: 211.7775 ::
trial	211.7775
::Onset of return expected: [N/A SELF PACED]  recorded: 212.5289 ::
return	212.5289
::Onset of trial expected: [N/A SELF PACED]  recorded: 213.2638 ::
trial	213.2638
::Onset of return expected: [N/A SELF PACED]  recorded: 214.0151 ::
return	214.0151
::Onset of trial expected: [N/A SELF PACED]  recorded: 214.7667 ::
trial	214.7667
::Onset of return expected: [N/A SELF PACED]  recorded: 215.8353 ::
return	215.8353
::Onset of trial expected: [N/A SELF PACED]  recorded: 216.5868 ::
trial	216.5868
::Onset of return expected: [N/A SELF PACED]  recorded: 217.3049 ::
return	217.3049
::Onset of trial expected: [N/A SELF PACED]  recorded: 218.0564 ::
trial	218.0564
::Onset of return expected: [N/A SELF PACED]  recorded: 218.7911 ::
return	218.7911
::Onset of trial expected: [N/A SELF PACED]  recorded: 219.5426 ::
trial	219.5426
::Onset of return expected: [N/A SELF PACED]  recorded: 220.4109 ::
return	220.4109
::Onset of trial expected: [N/A SELF PACED]  recorded: 221.1625 ::
trial	221.1625
::Onset of return expected: [N/A SELF PACED]  recorded: 221.8972 ::
return	221.8972
::Onset of trial expected: [N/A SELF PACED]  recorded: 222.6486 ::
trial	222.6486
::Onset of return expected: [N/A SELF PACED]  recorded: 223.6505 ::
return	223.6505
::Onset of trial expected: [N/A SELF PACED]  recorded: 224.402 ::
trial	224.4020
::Onset of return expected: [N/A SELF PACED]  recorded: 225.2703 ::
return	225.2703
::Onset of trial expected: [N/A SELF PACED]  recorded: 226.0218 ::
trial	226.0218
::Onset of return expected: [N/A SELF PACED]  recorded: 226.8566 ::
return	226.8566
::Onset of trial expected: [N/A SELF PACED]  recorded: 227.6081 ::
trial	227.6081
::Onset of return expected: [N/A SELF PACED]  recorded: 228.343 ::
return	228.3430
::Onset of trial expected: [N/A SELF PACED]  recorded: 229.0944 ::
trial	229.0944
::Onset of return expected: [N/A SELF PACED]  recorded: 229.8459 ::
return	229.8459
::Onset of trial expected: [N/A SELF PACED]  recorded: 230.5806 ::
trial	230.5806
::Onset of return expected: [N/A SELF PACED]  recorded: 231.3487 ::
return	231.3487
::Onset of trial expected: [N/A SELF PACED]  recorded: 232.1002 ::
trial	232.1002
::Onset of return expected: [N/A SELF PACED]  recorded: 232.8685 ::
return	232.8685
::Onset of trial expected: [N/A SELF PACED]  recorded: 233.6199 ::
trial	233.6199
::Onset of return expected: [N/A SELF PACED]  recorded: 234.3548 ::
return	234.3548
::Onset of trial expected: [N/A SELF PACED]  recorded: 235.1061 ::
trial	235.1061
::Onset of return expected: [N/A SELF PACED]  recorded: 235.9745 ::
return	235.9745
::Onset of trial expected: [N/A SELF PACED]  recorded: 236.7259 ::
trial	236.7259
::Onset of return expected: [N/A SELF PACED]  recorded: 237.5441 ::
return	237.5441
::Onset of trial expected: [N/A SELF PACED]  recorded: 238.2957 ::
trial	238.2957
::Onset of return expected: [N/A SELF PACED]  recorded: 239.1641 ::
return	239.1641
::Onset of trial expected: [N/A SELF PACED]  recorded: 239.8987 ::
trial	239.8987
::Onset of return expected: [N/A SELF PACED]  recorded: 240.667 ::
return	240.6670
::Onset of trial expected: [N/A SELF PACED]  recorded: 241.4184 ::
trial	241.4184
::Onset of return expected: [N/A SELF PACED]  recorded: 242.1865 ::
return	242.1865
::Onset of trial expected: [N/A SELF PACED]  recorded: 242.9382 ::
trial	242.9382
::Onset of return expected: [N/A SELF PACED]  recorded: 243.8564 ::
return	243.8564
::Onset of trial expected: [N/A SELF PACED]  recorded: 244.608 ::
trial	244.6080
::Onset of return expected: [N/A SELF PACED]  recorded: 245.493 ::
return	245.4930
::Onset of trial expected: [N/A SELF PACED]  recorded: 246.2444 ::
trial	246.2444
::Onset of return expected: [N/A SELF PACED]  recorded: 246.9792 ::
return	246.9792
::Onset of trial expected: [N/A SELF PACED]  recorded: 247.7305 ::
trial	247.7305
::Onset of return expected: [N/A SELF PACED]  recorded: 248.5322 ::
return	248.5322
::Onset of trial expected: [N/A SELF PACED]  recorded: 249.2838 ::
trial	249.2838
::Onset of return expected: [N/A SELF PACED]  recorded: 250.152 ::
return	250.1520
::Onset of trial expected: [N/A SELF PACED]  recorded: 250.9036 ::
trial	250.9036
::Onset of return expected: [N/A SELF PACED]  recorded: 251.7384 ::
return	251.7384
::Onset of trial expected: [N/A SELF PACED]  recorded: 252.49 ::
trial	252.4900
::Onset of return expected: [N/A SELF PACED]  recorded: 253.2581 ::
return	253.2581
::Onset of trial expected: [N/A SELF PACED]  recorded: 254.0095 ::
trial	254.0095
::Onset of return expected: [N/A SELF PACED]  recorded: 254.7443 ::
return	254.7443
::Onset of trial expected: [N/A SELF PACED]  recorded: 255.4958 ::
trial	255.4958
::Onset of return expected: [N/A SELF PACED]  recorded: 256.2473 ::
return	256.2473
::Onset of trial expected: [N/A SELF PACED]  recorded: 256.982 ::
trial	256.9820
::Onset of return expected: [N/A SELF PACED]  recorded: 257.7335 ::
return	257.7335
::Onset of trial expected: [N/A SELF PACED]  recorded: 258.4681 ::
trial	258.4681
::Onset of return expected: [N/A SELF PACED]  recorded: 259.2197 ::
return	259.2197
::Onset of trial expected: [N/A SELF PACED]  recorded: 259.971 ::
trial	259.9710
::Onset of return expected: [N/A SELF PACED]  recorded: 260.9062 ::
return	260.9062
::Onset of trial expected: [N/A SELF PACED]  recorded: 261.6577 ::
trial	261.6577
::Onset of return expected: [N/A SELF PACED]  recorded: 262.4927 ::
return	262.4927
::Onset of trial expected: [N/A SELF PACED]  recorded: 263.2775 ::
trial	263.2775
::Onset of return expected: [N/A SELF PACED]  recorded: 264.0458 ::
return	264.0458
::Onset of trial expected: [N/A SELF PACED]  recorded: 264.7972 ::
trial	264.7972
::Onset of return expected: [N/A SELF PACED]  recorded: 265.5319 ::
return	265.5319
::Onset of trial expected: [N/A SELF PACED]  recorded: 266.2834 ::
trial	266.2834
::Onset of return expected: [N/A SELF PACED]  recorded: 267.419 ::
return	267.4190
::Onset of trial expected: [N/A SELF PACED]  recorded: 268.1704 ::
trial	268.1704
::Onset of return expected: [N/A SELF PACED]  recorded: 269.1889 ::
return	269.1889
::Onset of trial expected: [N/A SELF PACED]  recorded: 269.9405 ::
trial	269.9405
::Onset of return expected: [N/A SELF PACED]  recorded: 270.6752 ::
return	270.6752
::Onset of trial expected: [N/A SELF PACED]  recorded: 271.4268 ::
trial	271.4268
::Onset of return expected: [N/A SELF PACED]  recorded: 272.1782 ::
return	272.1782
::Onset of trial expected: [N/A SELF PACED]  recorded: 272.9129 ::
trial	272.9129
::Onset of return expected: [N/A SELF PACED]  recorded: 273.6643 ::
return	273.6643
::Onset of trial expected: [N/A SELF PACED]  recorded: 274.3992 ::
trial	274.3992
::Onset of return expected: [N/A SELF PACED]  recorded: 275.1505 ::
return	275.1505
::Onset of trial expected: [N/A SELF PACED]  recorded: 275.9022 ::
trial	275.9022
::Onset of return expected: [N/A SELF PACED]  recorded: 276.6368 ::
return	276.6368
::Onset of trial expected: [N/A SELF PACED]  recorded: 277.3884 ::
trial	277.3884
::Onset of return expected: [N/A SELF PACED]  recorded: 278.2065 ::
return	278.2065
::Onset of trial expected: [N/A SELF PACED]  recorded: 278.9579 ::
trial	278.9579
::Onset of return expected: [N/A SELF PACED]  recorded: 279.6928 ::
return	279.6928
::Onset of trial expected: [N/A SELF PACED]  recorded: 280.4443 ::
trial	280.4443
::Onset of return expected: [N/A SELF PACED]  recorded: 281.1958 ::
return	281.1958
::Onset of trial expected: [N/A SELF PACED]  recorded: 281.9305 ::
trial	281.9305
::Onset of return expected: [N/A SELF PACED]  recorded: 282.682 ::
return	282.6820
::Onset of trial expected: [N/A SELF PACED]  recorded: 283.4168 ::
trial	283.4168
::Onset of return expected: [N/A SELF PACED]  recorded: 284.5355 ::
return	284.5355
::Onset of trial expected: [N/A SELF PACED]  recorded: 285.287 ::
trial	285.2870
::Onset of return expected: [N/A SELF PACED]  recorded: 286.0384 ::
return	286.0384
::Onset of trial expected: [N/A SELF PACED]  recorded: 286.7733 ::
trial	286.7733
::Onset of return expected: [N/A SELF PACED]  recorded: 287.5248 ::
return	287.5248
::Onset of trial expected: [N/A SELF PACED]  recorded: 288.2595 ::
trial	288.2595
::Onset of return expected: [N/A SELF PACED]  recorded: 289.0109 ::
return	289.0109
::Onset of trial expected: [N/A SELF PACED]  recorded: 289.7456 ::
trial	289.7456
::Onset of return expected: [N/A SELF PACED]  recorded: 290.4972 ::
return	290.4972
::Onset of trial expected: [N/A SELF PACED]  recorded: 291.2486 ::
trial	291.2486
::Onset of return expected: [N/A SELF PACED]  recorded: 291.9834 ::
return	291.9834
::Onset of trial expected: [N/A SELF PACED]  recorded: 292.7348 ::
trial	292.7348
::Onset of return expected: [N/A SELF PACED]  recorded: 293.4529 ::
return	293.4529
::Onset of trial expected: [N/A SELF PACED]  recorded: 294.2043 ::
trial	294.2043
::Onset of return expected: [N/A SELF PACED]  recorded: 294.9224 ::
return	294.9224
::Onset of trial expected: [N/A SELF PACED]  recorded: 295.6739 ::
trial	295.6739
::Onset of return expected: [N/A SELF PACED]  recorded: 296.4086 ::
return	296.4086
::Onset of trial expected: [N/A SELF PACED]  recorded: 297.1601 ::
trial	297.1601
::Onset of return expected: [N/A SELF PACED]  recorded: 298.0785 ::
return	298.0785
::Onset of trial expected: [N/A SELF PACED]  recorded: 298.83 ::
trial	298.8300
::Onset of return expected: [N/A SELF PACED]  recorded: 299.6149 ::
return	299.6149
::Onset of trial expected: [N/A SELF PACED]  recorded: 300.3663 ::
trial	300.3663
::Onset of return expected: [N/A SELF PACED]  recorded: 301.101 ::
return	301.1010
::Onset of trial expected: [N/A SELF PACED]  recorded: 301.8526 ::
trial	301.8526
::Onset of return expected: [N/A SELF PACED]  recorded: 302.8879 ::
return	302.8879
::Onset of trial expected: [N/A SELF PACED]  recorded: 303.6393 ::
trial	303.6393
::Onset of return expected: [N/A SELF PACED]  recorded: 304.4743 ::
return	304.4743
::Onset of trial expected: [N/A SELF PACED]  recorded: 305.2257 ::
trial	305.2257
::Onset of return expected: [N/A SELF PACED]  recorded: 305.9606 ::
return	305.9606
::Onset of trial expected: [N/A SELF PACED]  recorded: 306.712 ::
trial	306.7120
::Onset of return expected: [N/A SELF PACED]  recorded: 307.4635 ::
return	307.4635
::Onset of trial expected: [N/A SELF PACED]  recorded: 308.1983 ::
trial	308.1983
::Onset of return expected: [N/A SELF PACED]  recorded: 309.1501 ::
return	309.1501
::Onset of trial expected: [N/A SELF PACED]  recorded: 309.9016 ::
trial	309.9016
::Onset of return expected: [N/A SELF PACED]  recorded: 310.9368 ::
return	310.9368
::Onset of trial expected: [N/A SELF PACED]  recorded: 311.6884 ::
trial	311.6884
::Onset of return expected: [N/A SELF PACED]  recorded: 312.4397 ::
return	312.4397
::Onset of trial expected: [N/A SELF PACED]  recorded: 313.1913 ::
trial	313.1913
::Onset of return expected: [N/A SELF PACED]  recorded: 313.9928 ::
return	313.9928
::Onset of trial expected: [N/A SELF PACED]  recorded: 314.7444 ::
trial	314.7444
::Onset of return expected: [N/A SELF PACED]  recorded: 315.6794 ::
return	315.6794
::Onset of trial expected: [N/A SELF PACED]  recorded: 316.4309 ::
trial	316.4309
::Onset of return expected: [N/A SELF PACED]  recorded: 317.2158 ::
return	317.2158
::Onset of trial expected: [N/A SELF PACED]  recorded: 317.9671 ::
trial	317.9671
::Onset of return expected: [N/A SELF PACED]  recorded: 318.8856 ::
return	318.8856
::Onset of trial expected: [N/A SELF PACED]  recorded: 319.637 ::
trial	319.6370
::Onset of return expected: [N/A SELF PACED]  recorded: 320.6055 ::
return	320.6055
::Onset of trial expected: [N/A SELF PACED]  recorded: 321.3571 ::
trial	321.3571
::Onset of return expected: [N/A SELF PACED]  recorded: 322.2923 ::
return	322.2923
::Onset of trial expected: [N/A SELF PACED]  recorded: 322.8434 ::
trial	322.8434
::Onset of return expected: [N/A SELF PACED]  recorded: 323.5614 ::
return	323.5614
::Onset of trial expected: [N/A SELF PACED]  recorded: 324.3129 ::
trial	324.3129
::Onset of return expected: [N/A SELF PACED]  recorded: 325.0476 ::
return	325.0476
::Onset of trial expected: [N/A SELF PACED]  recorded: 325.7992 ::
trial	325.7992
::Onset of return expected: [N/A SELF PACED]  recorded: 326.5506 ::
return	326.5506
::Onset of trial expected: [N/A SELF PACED]  recorded: 327.3354 ::
trial	327.3354
::Onset of return expected: [N/A SELF PACED]  recorded: 328.2372 ::
return	328.2372
::Onset of trial expected: [N/A SELF PACED]  recorded: 328.9886 ::
trial	328.9886
::Onset of return expected: [N/A SELF PACED]  recorded: 329.9572 ::
return	329.9572
::Onset of trial expected: [N/A SELF PACED]  recorded: 330.7086 ::
trial	330.7086
::Onset of return expected: [N/A SELF PACED]  recorded: 331.4434 ::
return	331.4434
::Onset of rest expected: [N/A SELF PACED]  recorded: 332.195 ::
rest	332.1950
::Onset of cue expected: [N/A SELF PACED]  recorded: 344.2182 ::
cue	344.2182
::Onset of trial expected: [N/A SELF PACED]  recorded: 344.7359 ::
trial	344.7359
::Onset of return expected: [N/A SELF PACED]  recorded: 345.6211 ::
return	345.6211
::Onset of trial expected: [N/A SELF PACED]  recorded: 346.3723 ::
trial	346.3723
::Onset of return expected: [N/A SELF PACED]  recorded: 347.1239 ::
return	347.1239
::Onset of trial expected: [N/A SELF PACED]  recorded: 347.8587 ::
trial	347.8587
::Onset of return expected: [N/A SELF PACED]  recorded: 348.727 ::
return	348.7270
::Onset of trial expected: [N/A SELF PACED]  recorded: 349.4785 ::
trial	349.4785
::Onset of return expected: [N/A SELF PACED]  recorded: 350.2132 ::
return	350.2132
::Onset of trial expected: [N/A SELF PACED]  recorded: 350.8812 ::
trial	350.8812
::Onset of return expected: [N/A SELF PACED]  recorded: 351.6325 ::
return	351.6325
::Onset of trial expected: [N/A SELF PACED]  recorded: 352.3676 ::
trial	352.3676
::Onset of return expected: [N/A SELF PACED]  recorded: 353.2859 ::
return	353.2859
::Onset of trial expected: [N/A SELF PACED]  recorded: 354.0373 ::
trial	354.0373
::Onset of return expected: [N/A SELF PACED]  recorded: 354.7722 ::
return	354.7722
::Onset of trial expected: [N/A SELF PACED]  recorded: 355.5236 ::
trial	355.5236
::Onset of return expected: [N/A SELF PACED]  recorded: 356.3919 ::
return	356.3919
::Onset of trial expected: [N/A SELF PACED]  recorded: 357.1434 ::
trial	357.1434
::Onset of return expected: [N/A SELF PACED]  recorded: 358.1953 ::
return	358.1953
::Onset of trial expected: [N/A SELF PACED]  recorded: 358.8633 ::
trial	358.8633
::Onset of return expected: [N/A SELF PACED]  recorded: 359.6482 ::
return	359.6482
::Onset of trial expected: [N/A SELF PACED]  recorded: 360.3998 ::
trial	360.3998
::Onset of return expected: [N/A SELF PACED]  recorded: 361.4017 ::
return	361.4017
::Onset of trial expected: [N/A SELF PACED]  recorded: 362.153 ::
trial	362.1530
::Onset of return expected: [N/A SELF PACED]  recorded: 363.0547 ::
return	363.0547
::Onset of trial expected: [N/A SELF PACED]  recorded: 363.8062 ::
trial	363.8062
::Onset of return expected: [N/A SELF PACED]  recorded: 364.5244 ::
return	364.5244
::Onset of trial expected: [N/A SELF PACED]  recorded: 365.2758 ::
trial	365.2758
::Onset of return expected: [N/A SELF PACED]  recorded: 366.0273 ::
return	366.0273
::Onset of trial expected: [N/A SELF PACED]  recorded: 366.7787 ::
trial	366.7787
::Onset of return expected: [N/A SELF PACED]  recorded: 367.5135 ::
return	367.5135
::Onset of trial expected: [N/A SELF PACED]  recorded: 368.265 ::
trial	368.2650
::Onset of return expected: [N/A SELF PACED]  recorded: 369.0164 ::
return	369.0164
::Onset of trial expected: [N/A SELF PACED]  recorded: 369.7512 ::
trial	369.7512
::Onset of return expected: [N/A SELF PACED]  recorded: 370.5025 ::
return	370.5025
::Onset of trial expected: [N/A SELF PACED]  recorded: 371.2374 ::
trial	371.2374
::Onset of return expected: [N/A SELF PACED]  recorded: 371.9889 ::
return	371.9889
::Onset of trial expected: [N/A SELF PACED]  recorded: 372.7404 ::
trial	372.7404
::Onset of return expected: [N/A SELF PACED]  recorded: 373.5085 ::
return	373.5085
::Onset of trial expected: [N/A SELF PACED]  recorded: 374.26 ::
trial	374.2600
::Onset of return expected: [N/A SELF PACED]  recorded: 375.0114 ::
return	375.0114
::Onset of trial expected: [N/A SELF PACED]  recorded: 375.7629 ::
trial	375.7629
::Onset of return expected: [N/A SELF PACED]  recorded: 376.8817 ::
return	376.8817
::Onset of trial expected: [N/A SELF PACED]  recorded: 377.6331 ::
trial	377.6331
::Onset of return expected: [N/A SELF PACED]  recorded: 378.3681 ::
return	378.3681
::Onset of trial expected: [N/A SELF PACED]  recorded: 379.1195 ::
trial	379.1195
::Onset of return expected: [N/A SELF PACED]  recorded: 379.8707 ::
return	379.8707
::Onset of trial expected: [N/A SELF PACED]  recorded: 380.6057 ::
trial	380.6057
::Onset of return expected: [N/A SELF PACED]  recorded: 381.5575 ::
return	381.5575
::Onset of trial expected: [N/A SELF PACED]  recorded: 382.309 ::
trial	382.3090
::Onset of return expected: [N/A SELF PACED]  recorded: 383.0771 ::
return	383.0771
::Onset of trial expected: [N/A SELF PACED]  recorded: 383.8285 ::
trial	383.8285
::Onset of return expected: [N/A SELF PACED]  recorded: 384.5634 ::
return	384.5634
::Onset of trial expected: [N/A SELF PACED]  recorded: 385.3148 ::
trial	385.3148
::Onset of return expected: [N/A SELF PACED]  recorded: 386.0663 ::
return	386.0663
::Onset of trial expected: [N/A SELF PACED]  recorded: 386.7175 ::
trial	386.7175
::Onset of return expected: [N/A SELF PACED]  recorded: 387.6527 ::
return	387.6527
::Onset of trial expected: [N/A SELF PACED]  recorded: 388.4041 ::
trial	388.4041
::Onset of return expected: [N/A SELF PACED]  recorded: 389.2224 ::
return	389.2224
::Onset of trial expected: [N/A SELF PACED]  recorded: 389.9738 ::
trial	389.9738
::Onset of return expected: [N/A SELF PACED]  recorded: 390.742 ::
return	390.7420
::Onset of trial expected: [N/A SELF PACED]  recorded: 391.4935 ::
trial	391.4935
::Onset of return expected: [N/A SELF PACED]  recorded: 392.2283 ::
return	392.2283
::Onset of trial expected: [N/A SELF PACED]  recorded: 392.9798 ::
trial	392.9798
::Onset of return expected: [N/A SELF PACED]  recorded: 394.4993 ::
return	394.4993
::Onset of trial expected: [N/A SELF PACED]  recorded: 395.2508 ::
trial	395.2508
::Onset of return expected: [N/A SELF PACED]  recorded: 396.0022 ::
return	396.0022
::Onset of trial expected: [N/A SELF PACED]  recorded: 396.737 ::
trial	396.7370
::Onset of return expected: [N/A SELF PACED]  recorded: 397.572 ::
return	397.5720
::Onset of trial expected: [N/A SELF PACED]  recorded: 398.3234 ::
trial	398.3234
::Onset of return expected: [N/A SELF PACED]  recorded: 399.342 ::
return	399.3420
::Onset of trial expected: [N/A SELF PACED]  recorded: 400.0936 ::
trial	400.0936
::Onset of return expected: [N/A SELF PACED]  recorded: 400.8283 ::
return	400.8283
::Onset of trial expected: [N/A SELF PACED]  recorded: 401.5798 ::
trial	401.5798
::Onset of return expected: [N/A SELF PACED]  recorded: 402.6317 ::
return	402.6317
::Onset of trial expected: [N/A SELF PACED]  recorded: 403.3833 ::
trial	403.3833
::Onset of return expected: [N/A SELF PACED]  recorded: 404.5688 ::
return	404.5688
::Onset of trial expected: [N/A SELF PACED]  recorded: 405.3203 ::
trial	405.3203
::Onset of return expected: [N/A SELF PACED]  recorded: 406.4558 ::
return	406.4558
::Onset of trial expected: [N/A SELF PACED]  recorded: 407.2073 ::
trial	407.2073
::Onset of return expected: [N/A SELF PACED]  recorded: 407.9254 ::
return	407.9254
::Onset of rest expected: [N/A SELF PACED]  recorded: 408.6769 ::
rest	408.6769
