::Queue started at 18-Jan-2013 18:12:05, with machine clock reading 233437.8086.::
::Experiment started at 18-Jan-2013 18:12:06, with machine clock reading 233438.691.::
::TTL #1 expected: 0 recorded: 0 ::
=+	466877.3511
::Onset of cue expected: 0 recorded: 0.014416 ::
cue	0.0144
::Onset of trial expected: 0.5 recorded: 0.5826 ::
trial	0.5826
::Onset of iti expected: 1.7 recorded: 1.7317 ::
iti	1.7317
::Onset of trial expected: 1.9 recorded: 1.9329 ::
trial	1.9329
::Onset of iti expected: 3.1 recorded: 3.1321 ::
iti	3.1321
::Onset of trial expected: 3.3 recorded: 3.3322 ::
trial	3.3322
::Onset of iti expected: 4.5 recorded: 4.5327 ::
iti	4.5327
::Onset of trial expected: 4.7 recorded: 4.7335 ::
trial	4.7335
::Onset of iti expected: 5.9 recorded: 5.9325 ::
iti	5.9325
::Onset of trial expected: 6.1 recorded: 6.1161 ::
trial	6.1161
::Onset of iti expected: 7.3 recorded: 7.3167 ::
iti	7.3167
::Onset of trial expected: 7.5 recorded: 7.517 ::
trial	7.5170
::Onset of iti expected: 8.7 recorded: 8.717 ::
iti	8.7170
::Onset of trial expected: 8.9 recorded: 8.9334 ::
trial	8.9334
::Onset of iti expected: 10.1 recorded: 10.1171 ::
iti	10.1171
::Onset of trial expected: 10.3 recorded: 10.3179 ::
trial	10.3179
::Onset of iti expected: 11.5 recorded: 11.5171 ::
iti	11.5171
::Onset of trial expected: 11.7 recorded: 11.7171 ::
trial	11.7171
::Onset of iti expected: 12.9 recorded: 12.9173 ::
iti	12.9173
::Onset of trial expected: 13.1 recorded: 13.1169 ::
trial	13.1169
::Onset of iti expected: 14.3 recorded: 14.3174 ::
iti	14.3174
::Onset of trial expected: 14.5 recorded: 14.5174 ::
trial	14.5174
::Onset of iti expected: 15.7 recorded: 15.7173 ::
iti	15.7173
::Onset of trial expected: 15.9 recorded: 15.9174 ::
trial	15.9174
::Onset of iti expected: 17.1 recorded: 17.1179 ::
iti	17.1179
::Onset of trial expected: 17.3 recorded: 17.3177 ::
trial	17.3177
::Onset of iti expected: 18.5 recorded: 18.5178 ::
iti	18.5178
::Onset of trial expected: 18.7 recorded: 18.7179 ::
trial	18.7179
::Onset of iti expected: 19.9 recorded: 19.9186 ::
iti	19.9186
::Onset of trial expected: 20.1 recorded: 20.119 ::
trial	20.1190
::Onset of iti expected: 21.3 recorded: 21.3189 ::
iti	21.3189
::Onset of trial expected: 21.5 recorded: 21.5189 ::
trial	21.5189
::Onset of iti expected: 22.7 recorded: 22.7185 ::
iti	22.7185
::Onset of rest expected: 22.9 recorded: 22.9192 ::
rest	22.9192
LeftControl	23.8361
