::Queue started at 23-Jan-2013 13:03:41, with machine clock reading 327010.8383.::
::Experiment started at 23-Jan-2013 13:03:42, with machine clock reading 327011.7405.::
::TTL #1 expected: 0 recorded: 0 ::
=+	654023.4766
::Onset of cue expected: 0 recorded: 0.030791 ::
cue	0.0308
::Onset of trial expected: 0.5 recorded: 0.53026 ::
trial	0.5303
::Onset of iti expected: 1.7 recorded: 1.7299 ::
iti	1.7299
::Onset of trial expected: 1.9 recorded: 1.9302 ::
trial	1.9302
::Onset of iti expected: 3.1 recorded: 3.1307 ::
iti	3.1307
::Onset of trial expected: 3.3 recorded: 3.3305 ::
trial	3.3305
::Onset of iti expected: 4.5 recorded: 4.5306 ::
iti	4.5306
::Onset of trial expected: 4.7 recorded: 4.7301 ::
trial	4.7301
::Onset of iti expected: 5.9 recorded: 5.9309 ::
iti	5.9309
::Onset of trial expected: 6.1 recorded: 6.1305 ::
trial	6.1305
::Onset of iti expected: 7.3 recorded: 7.3477 ::
iti	7.3477
::Onset of trial expected: 7.5 recorded: 7.5314 ::
trial	7.5314
::Onset of iti expected: 8.7 recorded: 8.73 ::
iti	8.7300
::Onset of trial expected: 8.9 recorded: 8.9313 ::
trial	8.9313
::Onset of iti expected: 10.1 recorded: 10.1478 ::
iti	10.1478
::Onset of trial expected: 10.3 recorded: 10.3311 ::
trial	10.3311
::Onset of iti expected: 11.5 recorded: 11.5488 ::
iti	11.5488
::Onset of trial expected: 11.7 recorded: 11.7322 ::
trial	11.7322
::Onset of iti expected: 12.9 recorded: 12.9491 ::
iti	12.9491
::Onset of trial expected: 13.1 recorded: 13.1319 ::
trial	13.1319
::Onset of iti expected: 14.3 recorded: 14.349 ::
iti	14.3490
::Onset of trial expected: 14.5 recorded: 14.532 ::
trial	14.5320
::Onset of iti expected: 15.7 recorded: 15.7486 ::
iti	15.7486
::Onset of trial expected: 15.9 recorded: 15.9322 ::
trial	15.9322
::Onset of iti expected: 17.1 recorded: 17.1488 ::
iti	17.1488
::Onset of trial expected: 17.3 recorded: 17.3323 ::
trial	17.3323
::Onset of iti expected: 18.5 recorded: 18.5498 ::
iti	18.5498
::Onset of trial expected: 18.7 recorded: 18.7323 ::
trial	18.7323
::Onset of iti expected: 19.9 recorded: 19.9323 ::
iti	19.9323
::Onset of trial expected: 20.1 recorded: 20.1335 ::
trial	20.1335
::Onset of iti expected: 21.3 recorded: 21.3323 ::
iti	21.3323
::Onset of trial expected: 21.5 recorded: 21.5335 ::
trial	21.5335
::Onset of iti expected: 22.7 recorded: 22.7332 ::
iti	22.7332
::Onset of rest expected: 22.9 recorded: 22.9333 ::
rest	22.9333
::Onset of cue expected: 34.9 recorded: 34.9188 ::
cue	34.9188
::Onset of trial expected: 35.4 recorded: 35.4185 ::
trial	35.4185
::Onset of iti expected: 36.6 recorded: 36.6183 ::
iti	36.6183
