::Queue started at 23-Jan-2013 13:02:09, with machine clock reading 326919.2239.::
::Experiment started at 23-Jan-2013 13:02:11, with machine clock reading 326921.3091.::
::TTL #1 expected: 0 recorded: 0 ::
=+	653842.5945
::Onset of cue expected: 0 recorded: 0.014601 ::
cue	0.0146
::Onset of trial expected: 0.5 recorded: 0.53038 ::
trial	0.5304
::Onset of iti expected: 1.7 recorded: 1.7269 ::
iti	1.7269
::Onset of trial expected: 1.9 recorded: 1.9266 ::
trial	1.9266
::Onset of iti expected: 3.1 recorded: 3.1313 ::
iti	3.1313
::Onset of trial expected: 3.3 recorded: 3.3319 ::
trial	3.3319
::Onset of iti expected: 4.5 recorded: 4.5319 ::
iti	4.5319
::Onset of trial expected: 4.7 recorded: 4.7311 ::
trial	4.7311
::Onset of iti expected: 5.9 recorded: 5.9313 ::
iti	5.9313
::Onset of trial expected: 6.1 recorded: 6.1318 ::
trial	6.1318
::Onset of iti expected: 7.3 recorded: 7.3313 ::
iti	7.3313
::Onset of trial expected: 7.5 recorded: 7.532 ::
trial	7.5320
::Onset of iti expected: 8.7 recorded: 8.7325 ::
iti	8.7325
::Onset of trial expected: 8.9 recorded: 8.9325 ::
trial	8.9325
::Onset of iti expected: 10.1 recorded: 10.1326 ::
iti	10.1326
::Onset of trial expected: 10.3 recorded: 10.3325 ::
trial	10.3325
::Onset of iti expected: 11.5 recorded: 11.5319 ::
iti	11.5319
::Onset of trial expected: 11.7 recorded: 11.7327 ::
trial	11.7327
::Onset of iti expected: 12.9 recorded: 12.9327 ::
iti	12.9327
::Onset of trial expected: 13.1 recorded: 13.132 ::
trial	13.1320
::Onset of iti expected: 14.3 recorded: 14.333 ::
iti	14.3330
::Onset of trial expected: 14.5 recorded: 14.5335 ::
trial	14.5335
::Onset of iti expected: 15.7 recorded: 15.7331 ::
iti	15.7331
::Onset of trial expected: 15.9 recorded: 15.9335 ::
trial	15.9335
::Onset of iti expected: 17.1 recorded: 17.1328 ::
iti	17.1328
::Onset of trial expected: 17.3 recorded: 17.316 ::
trial	17.3160
::Onset of iti expected: 18.5 recorded: 18.5332 ::
iti	18.5332
::Onset of trial expected: 18.7 recorded: 18.7329 ::
trial	18.7329
::Onset of iti expected: 19.9 recorded: 19.9177 ::
iti	19.9177
::Onset of trial expected: 20.1 recorded: 20.1176 ::
trial	20.1176
::Onset of iti expected: 21.3 recorded: 21.3177 ::
iti	21.3177
::Onset of trial expected: 21.5 recorded: 21.518 ::
trial	21.5180
::Onset of iti expected: 22.7 recorded: 22.7177 ::
iti	22.7177
::Onset of rest expected: 22.9 recorded: 22.9506 ::
rest	22.9506
LeftControl	32.0521
LeftControl	32.1353
