::Queue started at 28-Jan-2013 17:17:11, with machine clock reading 456401.7142.::
::Experiment started at 28-Jan-2013 17:17:12, with machine clock reading 456402.8253.::
::TTL #1 expected (time-based): 0 recorded: 0 ::
=+	912805.6094
::Onset of cue expected: [N/A SELF PACED]  recorded: 0.024335 ::
cue	0.0243
::Onset of trial expected: [N/A SELF PACED]  recorded: 0.7736 ::
trial	0.7736
F12	8.0746
F12	8.2077
F12	8.3410
F12	8.4918
F12	8.6410
F12	8.7742
F12	8.9085
F11	9.5416
F11	9.8750
F11	10.0579
::Onset of return expected: [N/A SELF PACED]  recorded: 13.025 ::
return	13.0250
::Onset of trial expected: [N/A SELF PACED]  recorded: 13.7421 ::
trial	13.7421
::Onset of return expected: [N/A SELF PACED]  recorded: 15.2423 ::
return	15.2423
::Onset of trial expected: [N/A SELF PACED]  recorded: 22.9772 ::
trial	22.9772
::Onset of return expected: [N/A SELF PACED]  recorded: 23.9936 ::
return	23.9936
::Onset of trial expected: [N/A SELF PACED]  recorded: 24.7105 ::
trial	24.7105
::Onset of return expected: [N/A SELF PACED]  recorded: 25.4268 ::
return	25.4268
::Onset of trial expected: [N/A SELF PACED]  recorded: 26.1443 ::
trial	26.1443
::Onset of return expected: [N/A SELF PACED]  recorded: 31.711 ::
return	31.7110
::Onset of trial expected: [N/A SELF PACED]  recorded: 32.3445 ::
trial	32.3445
::Onset of return expected: [N/A SELF PACED]  recorded: 34.1109 ::
return	34.1109
::Onset of trial expected: [N/A SELF PACED]  recorded: 34.8287 ::
trial	34.8287
::Onset of return expected: [N/A SELF PACED]  recorded: 36.3619 ::
return	36.3619
::Onset of trial expected: [N/A SELF PACED]  recorded: 37.0789 ::
trial	37.0789
::Onset of return expected: [N/A SELF PACED]  recorded: 39.1455 ::
return	39.1455
::Onset of trial expected: [N/A SELF PACED]  recorded: 39.8626 ::
trial	39.8626
::Onset of return expected: [N/A SELF PACED]  recorded: 41.8293 ::
return	41.8293
::Onset of trial expected: [N/A SELF PACED]  recorded: 42.5457 ::
trial	42.5457
::Onset of return expected: [N/A SELF PACED]  recorded: 43.6129 ::
return	43.6129
::Onset of trial expected: [N/A SELF PACED]  recorded: 44.3303 ::
trial	44.3303
::Onset of return expected: [N/A SELF PACED]  recorded: 45.5139 ::
return	45.5139
::Onset of trial expected: [N/A SELF PACED]  recorded: 46.2304 ::
trial	46.2304
::Onset of return expected: [N/A SELF PACED]  recorded: 47.6638 ::
return	47.6638
::Onset of trial expected: [N/A SELF PACED]  recorded: 48.3809 ::
trial	48.3809
::Onset of return expected: [N/A SELF PACED]  recorded: 49.5972 ::
return	49.5972
::Onset of trial expected: [N/A SELF PACED]  recorded: 50.3143 ::
trial	50.3143
::Onset of return expected: [N/A SELF PACED]  recorded: 51.7806 ::
return	51.7806
::Onset of trial expected: [N/A SELF PACED]  recorded: 52.4973 ::
trial	52.4973
::Onset of return expected: [N/A SELF PACED]  recorded: 53.7981 ::
return	53.7981
::Onset of trial expected: [N/A SELF PACED]  recorded: 54.4309 ::
trial	54.4309
::Onset of return expected: [N/A SELF PACED]  recorded: 56.1816 ::
return	56.1816
::Onset of rest expected: [N/A SELF PACED]  recorded: 56.9318 ::
rest	56.9318
::Onset of cue expected: [N/A SELF PACED]  recorded: 68.9499 ::
cue	68.9499
::Onset of trial expected: [N/A SELF PACED]  recorded: 69.4673 ::
trial	69.4673
::Onset of return expected: [N/A SELF PACED]  recorded: 71.0168 ::
return	71.0168
::Onset of trial expected: [N/A SELF PACED]  recorded: 71.7347 ::
trial	71.7347
::Onset of return expected: [N/A SELF PACED]  recorded: 72.5845 ::
return	72.5845
::Onset of trial expected: [N/A SELF PACED]  recorded: 73.3006 ::
trial	73.3006
::Onset of return expected: [N/A SELF PACED]  recorded: 74.1346 ::
return	74.1346
::Onset of trial expected: [N/A SELF PACED]  recorded: 74.8516 ::
trial	74.8516
::Onset of return expected: [N/A SELF PACED]  recorded: 75.7346 ::
return	75.7346
::Onset of trial expected: [N/A SELF PACED]  recorded: 76.451 ::
trial	76.4510
::Onset of return expected: [N/A SELF PACED]  recorded: 77.4011 ::
return	77.4011
::Onset of trial expected: [N/A SELF PACED]  recorded: 78.118 ::
trial	78.1180
::Onset of return expected: [N/A SELF PACED]  recorded: 79.8352 ::
return	79.8352
::Onset of trial expected: [N/A SELF PACED]  recorded: 80.5525 ::
trial	80.5525
::Onset of return expected: [N/A SELF PACED]  recorded: 84.9866 ::
return	84.9866
::Onset of trial expected: [N/A SELF PACED]  recorded: 85.703 ::
trial	85.7030
::Onset of return expected: [N/A SELF PACED]  recorded: 86.6364 ::
return	86.6364
::Onset of trial expected: [N/A SELF PACED]  recorded: 87.3536 ::
trial	87.3536
::Onset of return expected: [N/A SELF PACED]  recorded: 88.1202 ::
return	88.1202
::Onset of trial expected: [N/A SELF PACED]  recorded: 88.8367 ::
trial	88.8367
::Onset of return expected: [N/A SELF PACED]  recorded: 89.703 ::
return	89.7030
::Onset of trial expected: [N/A SELF PACED]  recorded: 90.4201 ::
trial	90.4201
::Onset of return expected: [N/A SELF PACED]  recorded: 91.2544 ::
return	91.2544
::Onset of trial expected: [N/A SELF PACED]  recorded: 91.9701 ::
trial	91.9701
::Onset of return expected: [N/A SELF PACED]  recorded: 92.7365 ::
return	92.7365
::Onset of trial expected: [N/A SELF PACED]  recorded: 93.4536 ::
trial	93.4536
::Onset of return expected: [N/A SELF PACED]  recorded: 94.4375 ::
return	94.4375
::Onset of trial expected: [N/A SELF PACED]  recorded: 95.1542 ::
trial	95.1542
::Onset of return expected: [N/A SELF PACED]  recorded: 96.8715 ::
return	96.8715
::Onset of trial expected: [N/A SELF PACED]  recorded: 97.5871 ::
trial	97.5871
::Onset of return expected: [N/A SELF PACED]  recorded: 98.5215 ::
return	98.5215
::Onset of trial expected: [N/A SELF PACED]  recorded: 99.2383 ::
trial	99.2383
::Onset of return expected: [N/A SELF PACED]  recorded: 102.4392 ::
return	102.4392
::Onset of trial expected: [N/A SELF PACED]  recorded: 103.1556 ::
trial	103.1556
::Onset of return expected: [N/A SELF PACED]  recorded: 103.9551 ::
return	103.9551
::Onset of trial expected: [N/A SELF PACED]  recorded: 104.6724 ::
trial	104.6724
::Onset of return expected: [N/A SELF PACED]  recorded: 105.3896 ::
return	105.3896
::Onset of trial expected: [N/A SELF PACED]  recorded: 106.1057 ::
trial	106.1057
::Onset of return expected: [N/A SELF PACED]  recorded: 106.9059 ::
return	106.9059
::Onset of trial expected: [N/A SELF PACED]  recorded: 107.6234 ::
trial	107.6234
::Onset of return expected: [N/A SELF PACED]  recorded: 108.4237 ::
return	108.4237
::Onset of trial expected: [N/A SELF PACED]  recorded: 109.1398 ::
trial	109.1398
::Onset of return expected: [N/A SELF PACED]  recorded: 110.1734 ::
return	110.1734
::Onset of trial expected: [N/A SELF PACED]  recorded: 110.8899 ::
trial	110.8899
::Onset of return expected: [N/A SELF PACED]  recorded: 111.7397 ::
return	111.7397
::Onset of trial expected: [N/A SELF PACED]  recorded: 112.4572 ::
trial	112.4572
::Onset of return expected: [N/A SELF PACED]  recorded: 113.4745 ::
return	113.4745
::Onset of trial expected: [N/A SELF PACED]  recorded: 114.191 ::
trial	114.1910
::Onset of return expected: [N/A SELF PACED]  recorded: 115.1739 ::
return	115.1739
::Onset of trial expected: [N/A SELF PACED]  recorded: 115.8906 ::
trial	115.8906
::Onset of return expected: [N/A SELF PACED]  recorded: 116.6075 ::
return	116.6075
::Onset of trial expected: [N/A SELF PACED]  recorded: 117.3244 ::
trial	117.3244
::Onset of return expected: [N/A SELF PACED]  recorded: 118.1077 ::
return	118.1077
::Onset of trial expected: [N/A SELF PACED]  recorded: 118.8244 ::
trial	118.8244
::Onset of return expected: [N/A SELF PACED]  recorded: 119.541 ::
return	119.5410
::Onset of trial expected: [N/A SELF PACED]  recorded: 120.2577 ::
trial	120.2577
::Onset of return expected: [N/A SELF PACED]  recorded: 120.9753 ::
return	120.9753
::Onset of trial expected: [N/A SELF PACED]  recorded: 121.6917 ::
trial	121.6917
::Onset of return expected: [N/A SELF PACED]  recorded: 122.408 ::
return	122.4080
::Onset of trial expected: [N/A SELF PACED]  recorded: 123.0419 ::
trial	123.0419
::Onset of return expected: [N/A SELF PACED]  recorded: 123.8257 ::
return	123.8257
::Onset of trial expected: [N/A SELF PACED]  recorded: 124.5418 ::
trial	124.5418
::Onset of return expected: [N/A SELF PACED]  recorded: 125.3592 ::
return	125.3592
::Onset of trial expected: [N/A SELF PACED]  recorded: 126.0751 ::
trial	126.0751
::Onset of return expected: [N/A SELF PACED]  recorded: 126.8087 ::
return	126.8087
::Onset of trial expected: [N/A SELF PACED]  recorded: 127.5253 ::
trial	127.5253
::Onset of return expected: [N/A SELF PACED]  recorded: 128.2766 ::
return	128.2766
::Onset of trial expected: [N/A SELF PACED]  recorded: 128.9923 ::
trial	128.9923
::Onset of return expected: [N/A SELF PACED]  recorded: 129.7095 ::
return	129.7095
::Onset of trial expected: [N/A SELF PACED]  recorded: 130.4269 ::
trial	130.4269
::Onset of return expected: [N/A SELF PACED]  recorded: 131.21 ::
return	131.2100
::Onset of trial expected: [N/A SELF PACED]  recorded: 131.9268 ::
trial	131.9268
::Onset of return expected: [N/A SELF PACED]  recorded: 132.6435 ::
return	132.6435
::Onset of trial expected: [N/A SELF PACED]  recorded: 133.3605 ::
trial	133.3605
::Onset of return expected: [N/A SELF PACED]  recorded: 134.1603 ::
return	134.1603
::Onset of trial expected: [N/A SELF PACED]  recorded: 134.8764 ::
trial	134.8764
::Onset of return expected: [N/A SELF PACED]  recorded: 135.6942 ::
return	135.6942
::Onset of trial expected: [N/A SELF PACED]  recorded: 136.411 ::
trial	136.4110
::Onset of return expected: [N/A SELF PACED]  recorded: 137.2939 ::
return	137.2939
::Onset of trial expected: [N/A SELF PACED]  recorded: 138.0105 ::
trial	138.0105
::Onset of return expected: [N/A SELF PACED]  recorded: 138.7271 ::
return	138.7271
::Onset of trial expected: [N/A SELF PACED]  recorded: 139.4444 ::
trial	139.4444
::Onset of return expected: [N/A SELF PACED]  recorded: 140.1618 ::
return	140.1618
::Onset of trial expected: [N/A SELF PACED]  recorded: 140.8777 ::
trial	140.8777
::Onset of return expected: [N/A SELF PACED]  recorded: 141.6284 ::
return	141.6284
::Onset of trial expected: [N/A SELF PACED]  recorded: 142.3449 ::
trial	142.3449
::Onset of return expected: [N/A SELF PACED]  recorded: 143.0613 ::
return	143.0613
::Onset of trial expected: [N/A SELF PACED]  recorded: 143.7786 ::
trial	143.7786
::Onset of return expected: [N/A SELF PACED]  recorded: 144.4952 ::
return	144.4952
::Onset of trial expected: [N/A SELF PACED]  recorded: 145.2118 ::
trial	145.2118
::Onset of return expected: [N/A SELF PACED]  recorded: 146.7287 ::
return	146.7287
::Onset of trial expected: [N/A SELF PACED]  recorded: 147.4462 ::
trial	147.4462
::Onset of return expected: [N/A SELF PACED]  recorded: 162.5478 ::
return	162.5478
::Onset of trial expected: [N/A SELF PACED]  recorded: 163.2651 ::
trial	163.2651
LeftControl	166.2482
