::Queue started at 14-Jan-2013 14:40:14, with machine clock reading 185134.1016.::
::Experiment started at 14-Jan-2013 14:40:16, with machine clock reading 185136.2001.::
::TTL #1 expected: 0 recorded: 0 ::
=+	370272.3736
::Onset of cue expected: 0 recorded: 0.032076 ::
cue	0.0321
::Onset of trial expected: 0.5 recorded: 0.52969 ::
trial	0.5297
::Onset of iti expected: 1.7 recorded: 1.7314 ::
iti	1.7314
::Onset of trial expected: 1.9 recorded: 1.9316 ::
trial	1.9316
F11	2.2478
F11	2.4150
F11	2.5475
F11	2.6819
F11	2.8141
F11	2.9140
F11	3.0152
::Onset of iti expected: 3.1 recorded: 3.1488 ::
iti	3.1488
::Onset of trial expected: 3.3 recorded: 3.3312 ::
trial	3.3312
::Onset of iti expected: 4.5 recorded: 4.5481 ::
iti	4.5481
::Onset of trial expected: 4.7 recorded: 4.7319 ::
trial	4.7319
::Onset of iti expected: 5.9 recorded: 5.9317 ::
iti	5.9317
::Onset of trial expected: 6.1 recorded: 6.1324 ::
trial	6.1324
::Onset of iti expected: 7.3 recorded: 7.3325 ::
iti	7.3325
::Onset of trial expected: 7.5 recorded: 7.5323 ::
trial	7.5323
::Onset of iti expected: 8.7 recorded: 8.7321 ::
iti	8.7321
::Onset of trial expected: 8.9 recorded: 8.9328 ::
trial	8.9328
::Onset of iti expected: 10.1 recorded: 10.1496 ::
iti	10.1496
::Onset of trial expected: 10.3 recorded: 10.3331 ::
trial	10.3331
::Onset of iti expected: 11.5 recorded: 11.549 ::
iti	11.5490
::Onset of trial expected: 11.7 recorded: 11.7331 ::
trial	11.7331
::Onset of iti expected: 12.9 recorded: 12.9503 ::
iti	12.9503
::Onset of trial expected: 13.1 recorded: 13.1334 ::
trial	13.1334
::Onset of iti expected: 14.3 recorded: 14.3494 ::
iti	14.3494
::Onset of trial expected: 14.5 recorded: 14.5165 ::
trial	14.5165
::Onset of iti expected: 15.7 recorded: 15.7339 ::
iti	15.7339
::Onset of trial expected: 15.9 recorded: 15.9168 ::
trial	15.9168
::Onset of iti expected: 17.1 recorded: 17.1331 ::
iti	17.1331
::Onset of trial expected: 17.3 recorded: 17.3166 ::
trial	17.3166
::Onset of iti expected: 18.5 recorded: 18.5343 ::
iti	18.5343
::Onset of trial expected: 18.7 recorded: 18.7179 ::
trial	18.7179
::Onset of iti expected: 19.9 recorded: 19.9337 ::
iti	19.9337
::Onset of trial expected: 20.1 recorded: 20.117 ::
trial	20.1170
::Onset of iti expected: 21.3 recorded: 21.3349 ::
iti	21.3349
::Onset of trial expected: 21.5 recorded: 21.5179 ::
trial	21.5179
::Onset of iti expected: 22.7 recorded: 22.7344 ::
iti	22.7344
::Onset of rest expected: 22.9 recorded: 22.918 ::
rest	22.9180
::Onset of cue expected: 34.9 recorded: 34.9197 ::
cue	34.9197
::Onset of trial expected: 35.4 recorded: 35.4205 ::
trial	35.4205
::Onset of iti expected: 36.6 recorded: 36.6365 ::
iti	36.6365
::Onset of trial expected: 36.8 recorded: 36.8198 ::
trial	36.8198
::Onset of iti expected: 38 recorded: 38.0365 ::
iti	38.0365
::Onset of trial expected: 38.2 recorded: 38.2205 ::
trial	38.2205
::Onset of iti expected: 39.4 recorded: 39.4368 ::
iti	39.4368
::Onset of trial expected: 39.6 recorded: 39.6207 ::
trial	39.6207
::Onset of iti expected: 40.8 recorded: 40.8379 ::
iti	40.8379
::Onset of trial expected: 41 recorded: 41.0204 ::
trial	41.0204
::Onset of iti expected: 42.2 recorded: 42.238 ::
iti	42.2380
::Onset of trial expected: 42.4 recorded: 42.4207 ::
trial	42.4207
::Onset of iti expected: 43.6 recorded: 43.6374 ::
iti	43.6374
::Onset of trial expected: 43.8 recorded: 43.8215 ::
trial	43.8215
::Onset of iti expected: 45 recorded: 45.0374 ::
iti	45.0374
::Onset of trial expected: 45.2 recorded: 45.2218 ::
trial	45.2218
::Onset of iti expected: 46.4 recorded: 46.4382 ::
iti	46.4382
::Onset of trial expected: 46.6 recorded: 46.6215 ::
trial	46.6215
::Onset of iti expected: 47.8 recorded: 47.838 ::
iti	47.8380
::Onset of trial expected: 48 recorded: 48.022 ::
trial	48.0220
::Onset of iti expected: 49.2 recorded: 49.2385 ::
iti	49.2385
::Onset of trial expected: 49.4 recorded: 49.422 ::
trial	49.4220
::Onset of iti expected: 50.6 recorded: 50.6391 ::
iti	50.6391
::Onset of trial expected: 50.8 recorded: 50.8222 ::
trial	50.8222
::Onset of iti expected: 52 recorded: 52.0395 ::
iti	52.0395
::Onset of trial expected: 52.2 recorded: 52.222 ::
trial	52.2220
::Onset of iti expected: 53.4 recorded: 53.4396 ::
iti	53.4396
::Onset of trial expected: 53.6 recorded: 53.6229 ::
trial	53.6229
::Onset of iti expected: 54.8 recorded: 54.8395 ::
iti	54.8395
::Onset of trial expected: 55 recorded: 55.0234 ::
trial	55.0234
::Onset of iti expected: 56.2 recorded: 56.2403 ::
iti	56.2403
::Onset of trial expected: 56.4 recorded: 56.4226 ::
trial	56.4226
::Onset of iti expected: 57.6 recorded: 57.64 ::
iti	57.6400
::Onset of trial expected: 57.8 recorded: 57.8232 ::
trial	57.8232
::Onset of iti expected: 59 recorded: 59.0398 ::
iti	59.0398
::Onset of trial expected: 59.2 recorded: 59.223 ::
trial	59.2230
::Onset of iti expected: 60.4 recorded: 60.4404 ::
iti	60.4404
::Onset of trial expected: 60.6 recorded: 60.6237 ::
trial	60.6237
::Onset of iti expected: 61.8 recorded: 61.8403 ::
iti	61.8403
::Onset of trial expected: 62 recorded: 62.0238 ::
trial	62.0238
::Onset of iti expected: 63.2 recorded: 63.2403 ::
iti	63.2403
::Onset of trial expected: 63.4 recorded: 63.4246 ::
trial	63.4246
::Onset of iti expected: 64.6 recorded: 64.6235 ::
iti	64.6235
::Onset of trial expected: 64.8 recorded: 64.8249 ::
trial	64.8249
::Onset of iti expected: 66 recorded: 66.0413 ::
iti	66.0413
::Onset of trial expected: 66.2 recorded: 66.2247 ::
trial	66.2247
::Onset of iti expected: 67.4 recorded: 67.4413 ::
iti	67.4413
::Onset of trial expected: 67.6 recorded: 67.6248 ::
trial	67.6248
::Onset of iti expected: 68.8 recorded: 68.8411 ::
iti	68.8411
::Onset of trial expected: 69 recorded: 69.0246 ::
trial	69.0246
::Onset of iti expected: 70.2 recorded: 70.2414 ::
iti	70.2414
::Onset of trial expected: 70.4 recorded: 70.4256 ::
trial	70.4256
::Onset of iti expected: 71.6 recorded: 71.6423 ::
iti	71.6423
::Onset of trial expected: 71.8 recorded: 71.8256 ::
trial	71.8256
::Onset of iti expected: 73 recorded: 73.0421 ::
iti	73.0421
::Onset of trial expected: 73.2 recorded: 73.226 ::
trial	73.2260
::Onset of iti expected: 74.4 recorded: 74.4247 ::
iti	74.4247
::Onset of trial expected: 74.6 recorded: 74.6254 ::
trial	74.6254
::Onset of iti expected: 75.8 recorded: 75.8429 ::
iti	75.8429
::Onset of trial expected: 76 recorded: 76.0258 ::
trial	76.0258
::Onset of iti expected: 77.2 recorded: 77.2427 ::
iti	77.2427
::Onset of trial expected: 77.4 recorded: 77.4267 ::
trial	77.4267
::Onset of iti expected: 78.6 recorded: 78.6429 ::
iti	78.6429
::Onset of trial expected: 78.8 recorded: 78.8268 ::
trial	78.8268
::Onset of iti expected: 80 recorded: 80.044 ::
iti	80.0440
::Onset of trial expected: 80.2 recorded: 80.2272 ::
trial	80.2272
::Onset of iti expected: 81.4 recorded: 81.4438 ::
iti	81.4438
::Onset of trial expected: 81.6 recorded: 81.6275 ::
trial	81.6275
::Onset of iti expected: 82.8 recorded: 82.8439 ::
iti	82.8439
::Onset of trial expected: 83 recorded: 83.0276 ::
trial	83.0276
::Onset of iti expected: 84.2 recorded: 84.2439 ::
iti	84.2439
::Onset of trial expected: 84.4 recorded: 84.4274 ::
trial	84.4274
::Onset of iti expected: 85.6 recorded: 85.6443 ::
iti	85.6443
::Onset of trial expected: 85.8 recorded: 85.8271 ::
trial	85.8271
::Onset of iti expected: 87 recorded: 87.0442 ::
iti	87.0442
::Onset of trial expected: 87.2 recorded: 87.2279 ::
trial	87.2279
::Onset of iti expected: 88.4 recorded: 88.4443 ::
iti	88.4443
::Onset of trial expected: 88.6 recorded: 88.6278 ::
trial	88.6278
::Onset of iti expected: 89.8 recorded: 89.845 ::
iti	89.8450
::Onset of trial expected: 90 recorded: 90.0278 ::
trial	90.0278
::Onset of iti expected: 91.2 recorded: 91.2455 ::
iti	91.2455
::Onset of trial expected: 91.4 recorded: 91.4284 ::
trial	91.4284
::Onset of iti expected: 92.6 recorded: 92.6449 ::
iti	92.6449
::Onset of trial expected: 92.8 recorded: 92.829 ::
trial	92.8290
::Onset of iti expected: 94 recorded: 94.0449 ::
iti	94.0449
::Onset of trial expected: 94.2 recorded: 94.2292 ::
trial	94.2292
::Onset of iti expected: 95.4 recorded: 95.4454 ::
iti	95.4454
::Onset of trial expected: 95.6 recorded: 95.6291 ::
trial	95.6291
::Onset of iti expected: 96.8 recorded: 96.8455 ::
iti	96.8455
::Onset of trial expected: 97 recorded: 97.0293 ::
trial	97.0293
::Onset of iti expected: 98.2 recorded: 98.2463 ::
iti	98.2463
::Onset of trial expected: 98.4 recorded: 98.4296 ::
trial	98.4296
::Onset of iti expected: 99.6 recorded: 99.6467 ::
iti	99.6467
::Onset of trial expected: 99.8 recorded: 99.8301 ::
trial	99.8301
::Onset of iti expected: 101 recorded: 101.0466 ::
iti	101.0466
::Onset of trial expected: 101.2 recorded: 101.2299 ::
trial	101.2299
::Onset of iti expected: 102.4 recorded: 102.4469 ::
iti	102.4469
::Onset of rest expected: 102.6 recorded: 102.6304 ::
rest	102.6304
::Onset of cue expected: 114.6 recorded: 114.6321 ::
cue	114.6321
::Onset of trial expected: 115.1 recorded: 115.1316 ::
trial	115.1316
::Onset of iti expected: 116.3 recorded: 116.3491 ::
iti	116.3491
::Onset of trial expected: 116.5 recorded: 116.5322 ::
trial	116.5322
::Onset of iti expected: 117.7 recorded: 117.7489 ::
iti	117.7489
::Onset of trial expected: 117.9 recorded: 117.9325 ::
trial	117.9325
::Onset of iti expected: 119.1 recorded: 119.1499 ::
iti	119.1499
::Onset of trial expected: 119.3 recorded: 119.3331 ::
trial	119.3331
::Onset of iti expected: 120.5 recorded: 120.5327 ::
iti	120.5327
::Onset of trial expected: 120.7 recorded: 120.7329 ::
trial	120.7329
::Onset of iti expected: 121.9 recorded: 121.9335 ::
iti	121.9335
::Onset of trial expected: 122.1 recorded: 122.1336 ::
trial	122.1336
::Onset of iti expected: 123.3 recorded: 123.35 ::
iti	123.3500
::Onset of trial expected: 123.5 recorded: 123.5336 ::
trial	123.5336
::Onset of iti expected: 124.7 recorded: 124.7336 ::
iti	124.7336
::Onset of trial expected: 124.9 recorded: 124.934 ::
trial	124.9340
::Onset of iti expected: 126.1 recorded: 126.1334 ::
iti	126.1334
::Onset of trial expected: 126.3 recorded: 126.3175 ::
trial	126.3175
::Onset of iti expected: 127.5 recorded: 127.5339 ::
iti	127.5339
::Onset of trial expected: 127.7 recorded: 127.7175 ::
trial	127.7175
::Onset of iti expected: 128.9 recorded: 128.9343 ::
iti	128.9343
::Onset of trial expected: 129.1 recorded: 129.1181 ::
trial	129.1181
::Onset of iti expected: 130.3 recorded: 130.3347 ::
iti	130.3347
::Onset of trial expected: 130.5 recorded: 130.518 ::
trial	130.5180
::Onset of iti expected: 131.7 recorded: 131.735 ::
iti	131.7350
::Onset of trial expected: 131.9 recorded: 131.9179 ::
trial	131.9179
::Onset of iti expected: 133.1 recorded: 133.1343 ::
iti	133.1343
::Onset of trial expected: 133.3 recorded: 133.3185 ::
trial	133.3185
::Onset of iti expected: 134.5 recorded: 134.5347 ::
iti	134.5347
::Onset of trial expected: 134.7 recorded: 134.7179 ::
trial	134.7179
::Onset of iti expected: 135.9 recorded: 135.9354 ::
iti	135.9354
::Onset of trial expected: 136.1 recorded: 136.1186 ::
trial	136.1186
::Onset of iti expected: 137.3 recorded: 137.3351 ::
iti	137.3351
::Onset of rest expected: 137.5 recorded: 137.5184 ::
rest	137.5184
::Onset of cue expected: 149.5 recorded: 149.5209 ::
cue	149.5209
::Onset of trial expected: 150 recorded: 150.0204 ::
trial	150.0204
::Onset of iti expected: 151.2 recorded: 151.2377 ::
iti	151.2377
::Onset of trial expected: 151.4 recorded: 151.4215 ::
trial	151.4215
::Onset of iti expected: 152.6 recorded: 152.6376 ::
iti	152.6376
::Onset of trial expected: 152.8 recorded: 152.8218 ::
trial	152.8218
::Onset of iti expected: 154 recorded: 154.0376 ::
iti	154.0376
::Onset of trial expected: 154.2 recorded: 154.2206 ::
trial	154.2206
::Onset of iti expected: 155.4 recorded: 155.4209 ::
iti	155.4209
::Onset of trial expected: 155.6 recorded: 155.6218 ::
trial	155.6218
::Onset of iti expected: 156.8 recorded: 156.8381 ::
iti	156.8381
::Onset of trial expected: 157 recorded: 157.0224 ::
trial	157.0224
::Onset of iti expected: 158.2 recorded: 158.2214 ::
iti	158.2214
::Onset of trial expected: 158.4 recorded: 158.4223 ::
trial	158.4223
::Onset of iti expected: 159.6 recorded: 159.6384 ::
iti	159.6384
::Onset of trial expected: 159.8 recorded: 159.8218 ::
trial	159.8218
::Onset of iti expected: 161 recorded: 161.0388 ::
iti	161.0388
::Onset of trial expected: 161.2 recorded: 161.2228 ::
trial	161.2228
::Onset of iti expected: 162.4 recorded: 162.4393 ::
iti	162.4393
::Onset of trial expected: 162.6 recorded: 162.6225 ::
trial	162.6225
::Onset of iti expected: 163.8 recorded: 163.839 ::
iti	163.8390
::Onset of trial expected: 164 recorded: 164.0232 ::
trial	164.0232
::Onset of iti expected: 165.2 recorded: 165.2403 ::
iti	165.2403
::Onset of trial expected: 165.4 recorded: 165.4231 ::
trial	165.4231
::Onset of iti expected: 166.6 recorded: 166.6402 ::
iti	166.6402
::Onset of trial expected: 166.8 recorded: 166.823 ::
trial	166.8230
::Onset of iti expected: 168 recorded: 168.04 ::
iti	168.0400
::Onset of trial expected: 168.2 recorded: 168.2238 ::
trial	168.2238
::Onset of iti expected: 169.4 recorded: 169.4398 ::
iti	169.4398
::Onset of trial expected: 169.6 recorded: 169.6236 ::
trial	169.6236
::Onset of iti expected: 170.8 recorded: 170.8403 ::
iti	170.8403
::Onset of trial expected: 171 recorded: 171.0238 ::
trial	171.0238
::Onset of iti expected: 172.2 recorded: 172.2413 ::
iti	172.2413
::Onset of trial expected: 172.4 recorded: 172.424 ::
trial	172.4240
::Onset of iti expected: 173.6 recorded: 173.641 ::
iti	173.6410
::Onset of trial expected: 173.8 recorded: 173.8243 ::
trial	173.8243
::Onset of iti expected: 175 recorded: 175.0411 ::
iti	175.0411
::Onset of trial expected: 175.2 recorded: 175.224 ::
trial	175.2240
::Onset of iti expected: 176.4 recorded: 176.4419 ::
iti	176.4419
::Onset of trial expected: 176.6 recorded: 176.6253 ::
trial	176.6253
::Onset of iti expected: 177.8 recorded: 177.8414 ::
iti	177.8414
::Onset of trial expected: 178 recorded: 178.0254 ::
trial	178.0254
::Onset of iti expected: 179.2 recorded: 179.2418 ::
iti	179.2418
::Onset of trial expected: 179.4 recorded: 179.4257 ::
trial	179.4257
::Onset of iti expected: 180.6 recorded: 180.6423 ::
iti	180.6423
::Onset of trial expected: 180.8 recorded: 180.8261 ::
trial	180.8261
::Onset of iti expected: 182 recorded: 182.0422 ::
iti	182.0422
::Onset of trial expected: 182.2 recorded: 182.2253 ::
trial	182.2253
::Onset of iti expected: 183.4 recorded: 183.443 ::
iti	183.4430
::Onset of trial expected: 183.6 recorded: 183.626 ::
trial	183.6260
::Onset of iti expected: 184.8 recorded: 184.8428 ::
iti	184.8428
::Onset of trial expected: 185 recorded: 185.026 ::
trial	185.0260
::Onset of iti expected: 186.2 recorded: 186.2427 ::
iti	186.2427
::Onset of trial expected: 186.4 recorded: 186.4267 ::
trial	186.4267
::Onset of iti expected: 187.6 recorded: 187.6431 ::
iti	187.6431
::Onset of trial expected: 187.8 recorded: 187.8258 ::
trial	187.8258
::Onset of iti expected: 189 recorded: 189.0436 ::
iti	189.0436
::Onset of trial expected: 189.2 recorded: 189.2262 ::
trial	189.2262
::Onset of iti expected: 190.4 recorded: 190.4441 ::
iti	190.4441
::Onset of trial expected: 190.6 recorded: 190.6265 ::
trial	190.6265
::Onset of iti expected: 191.8 recorded: 191.8433 ::
iti	191.8433
::Onset of trial expected: 192 recorded: 192.0272 ::
trial	192.0272
::Onset of iti expected: 193.2 recorded: 193.2441 ::
iti	193.2441
::Onset of trial expected: 193.4 recorded: 193.4277 ::
trial	193.4277
::Onset of iti expected: 194.6 recorded: 194.6446 ::
iti	194.6446
::Onset of trial expected: 194.8 recorded: 194.827 ::
trial	194.8270
::Onset of iti expected: 196 recorded: 196.0442 ::
iti	196.0442
::Onset of trial expected: 196.2 recorded: 196.2279 ::
trial	196.2279
::Onset of iti expected: 197.4 recorded: 197.4449 ::
iti	197.4449
::Onset of trial expected: 197.6 recorded: 197.6277 ::
trial	197.6277
::Onset of iti expected: 198.8 recorded: 198.8277 ::
iti	198.8277
::Onset of trial expected: 199 recorded: 199.0281 ::
trial	199.0281
::Onset of iti expected: 200.2 recorded: 200.2453 ::
iti	200.2453
::Onset of trial expected: 200.4 recorded: 200.4281 ::
trial	200.4281
::Onset of iti expected: 201.6 recorded: 201.6452 ::
iti	201.6452
::Onset of trial expected: 201.8 recorded: 201.8291 ::
trial	201.8291
::Onset of iti expected: 203 recorded: 203.0452 ::
iti	203.0452
::Onset of trial expected: 203.2 recorded: 203.2286 ::
trial	203.2286
::Onset of iti expected: 204.4 recorded: 204.4454 ::
iti	204.4454
::Onset of trial expected: 204.6 recorded: 204.6297 ::
trial	204.6297
::Onset of iti expected: 205.8 recorded: 205.8287 ::
iti	205.8287
::Onset of trial expected: 206 recorded: 206.0288 ::
trial	206.0288
::Onset of iti expected: 207.2 recorded: 207.2463 ::
iti	207.2463
::Onset of trial expected: 207.4 recorded: 207.4296 ::
trial	207.4296
::Onset of iti expected: 208.6 recorded: 208.6469 ::
iti	208.6469
::Onset of trial expected: 208.8 recorded: 208.8297 ::
trial	208.8297
::Onset of iti expected: 210 recorded: 210.0471 ::
iti	210.0471
::Onset of trial expected: 210.2 recorded: 210.2296 ::
trial	210.2296
::Onset of iti expected: 211.4 recorded: 211.4465 ::
iti	211.4465
::Onset of trial expected: 211.6 recorded: 211.6301 ::
trial	211.6301
::Onset of iti expected: 212.8 recorded: 212.8473 ::
iti	212.8473
::Onset of trial expected: 213 recorded: 213.0309 ::
trial	213.0309
::Onset of iti expected: 214.2 recorded: 214.2466 ::
iti	214.2466
::Onset of trial expected: 214.4 recorded: 214.4308 ::
trial	214.4308
::Onset of iti expected: 215.6 recorded: 215.6474 ::
iti	215.6474
::Onset of trial expected: 215.8 recorded: 215.8309 ::
trial	215.8309
::Onset of iti expected: 217 recorded: 217.0479 ::
iti	217.0479
::Onset of rest expected: 217.2 recorded: 217.2312 ::
rest	217.2312
::Onset of cue expected: 229.2 recorded: 229.2161 ::
cue	229.2161
::Onset of trial expected: 229.7 recorded: 229.7165 ::
trial	229.7165
::Onset of iti expected: 230.9 recorded: 230.9496 ::
iti	230.9496
::Onset of trial expected: 231.1 recorded: 231.1329 ::
trial	231.1329
::Onset of iti expected: 232.3 recorded: 232.3502 ::
iti	232.3502
::Onset of trial expected: 232.5 recorded: 232.517 ::
trial	232.5170
::Onset of iti expected: 233.7 recorded: 233.7507 ::
iti	233.7507
::Onset of trial expected: 233.9 recorded: 233.9336 ::
trial	233.9336
::Onset of iti expected: 235.1 recorded: 235.1341 ::
iti	235.1341
::Onset of trial expected: 235.3 recorded: 235.3179 ::
trial	235.3179
::Onset of iti expected: 236.5 recorded: 236.5342 ::
iti	236.5342
::Onset of trial expected: 236.7 recorded: 236.7169 ::
trial	236.7169
::Onset of iti expected: 237.9 recorded: 237.9343 ::
iti	237.9343
::Onset of trial expected: 238.1 recorded: 238.1179 ::
trial	238.1179
::Onset of iti expected: 239.3 recorded: 239.3339 ::
iti	239.3339
::Onset of trial expected: 239.5 recorded: 239.5176 ::
trial	239.5176
::Onset of iti expected: 240.7 recorded: 240.7343 ::
iti	240.7343
::Onset of trial expected: 240.9 recorded: 240.918 ::
trial	240.9180
::Onset of iti expected: 242.1 recorded: 242.135 ::
iti	242.1350
::Onset of trial expected: 242.3 recorded: 242.3182 ::
trial	242.3182
::Onset of iti expected: 243.5 recorded: 243.5352 ::
iti	243.5352
::Onset of trial expected: 243.7 recorded: 243.7189 ::
trial	243.7189
::Onset of iti expected: 244.9 recorded: 244.9352 ::
iti	244.9352
::Onset of trial expected: 245.1 recorded: 245.1183 ::
trial	245.1183
::Onset of iti expected: 246.3 recorded: 246.3353 ::
iti	246.3353
::Onset of trial expected: 246.5 recorded: 246.5188 ::
trial	246.5188
::Onset of iti expected: 247.7 recorded: 247.7355 ::
iti	247.7355
::Onset of trial expected: 247.9 recorded: 247.9183 ::
trial	247.9183
::Onset of iti expected: 249.1 recorded: 249.1357 ::
iti	249.1357
::Onset of trial expected: 249.3 recorded: 249.3188 ::
trial	249.3188
::Onset of iti expected: 250.5 recorded: 250.5359 ::
iti	250.5359
::Onset of trial expected: 250.7 recorded: 250.7196 ::
trial	250.7196
::Onset of iti expected: 251.9 recorded: 251.9358 ::
iti	251.9358
::Onset of rest expected: 252.1 recorded: 252.1197 ::
rest	252.1197
::Onset of cue expected: 264.1 recorded: 264.122 ::
cue	264.1220
::Onset of trial expected: 264.6 recorded: 264.622 ::
trial	264.6220
::Onset of iti expected: 265.8 recorded: 265.8381 ::
iti	265.8381
::Onset of trial expected: 266 recorded: 266.0217 ::
trial	266.0217
::Onset of iti expected: 267.2 recorded: 267.2388 ::
iti	267.2388
::Onset of trial expected: 267.4 recorded: 267.4223 ::
trial	267.4223
::Onset of iti expected: 268.6 recorded: 268.6384 ::
iti	268.6384
::Onset of trial expected: 268.8 recorded: 268.8218 ::
trial	268.8218
::Onset of iti expected: 270 recorded: 270.0397 ::
iti	270.0397
::Onset of trial expected: 270.2 recorded: 270.2225 ::
trial	270.2225
::Onset of iti expected: 271.4 recorded: 271.439 ::
iti	271.4390
::Onset of trial expected: 271.6 recorded: 271.6228 ::
trial	271.6228
::Onset of iti expected: 272.8 recorded: 272.84 ::
iti	272.8400
::Onset of trial expected: 273 recorded: 273.0227 ::
trial	273.0227
::Onset of iti expected: 274.2 recorded: 274.2402 ::
iti	274.2402
::Onset of trial expected: 274.4 recorded: 274.4226 ::
trial	274.4226
::Onset of iti expected: 275.6 recorded: 275.6399 ::
iti	275.6399
::Onset of trial expected: 275.8 recorded: 275.8234 ::
trial	275.8234
::Onset of iti expected: 277 recorded: 277.0401 ::
iti	277.0401
::Onset of trial expected: 277.2 recorded: 277.2237 ::
trial	277.2237
::Onset of iti expected: 278.4 recorded: 278.4223 ::
iti	278.4223
::Onset of trial expected: 278.6 recorded: 278.6243 ::
trial	278.6243
::Onset of iti expected: 279.8 recorded: 279.8402 ::
iti	279.8402
::Onset of trial expected: 280 recorded: 280.0241 ::
trial	280.0241
::Onset of iti expected: 281.2 recorded: 281.2414 ::
iti	281.2414
::Onset of trial expected: 281.4 recorded: 281.4247 ::
trial	281.4247
::Onset of iti expected: 282.6 recorded: 282.6416 ::
iti	282.6416
::Onset of trial expected: 282.8 recorded: 282.8245 ::
trial	282.8245
::Onset of iti expected: 284 recorded: 284.0411 ::
iti	284.0411
::Onset of trial expected: 284.2 recorded: 284.2248 ::
trial	284.2248
::Onset of iti expected: 285.4 recorded: 285.4415 ::
iti	285.4415
::Onset of trial expected: 285.6 recorded: 285.6252 ::
trial	285.6252
::Onset of iti expected: 286.8 recorded: 286.8414 ::
iti	286.8414
::Onset of trial expected: 287 recorded: 287.0251 ::
trial	287.0251
::Onset of iti expected: 288.2 recorded: 288.2419 ::
iti	288.2419
::Onset of trial expected: 288.4 recorded: 288.4255 ::
trial	288.4255
::Onset of iti expected: 289.6 recorded: 289.6427 ::
iti	289.6427
::Onset of trial expected: 289.8 recorded: 289.8259 ::
trial	289.8259
::Onset of iti expected: 291 recorded: 291.0422 ::
iti	291.0422
::Onset of trial expected: 291.2 recorded: 291.2255 ::
trial	291.2255
::Onset of iti expected: 292.4 recorded: 292.4421 ::
iti	292.4421
::Onset of trial expected: 292.6 recorded: 292.6263 ::
trial	292.6263
::Onset of iti expected: 293.8 recorded: 293.8433 ::
iti	293.8433
::Onset of trial expected: 294 recorded: 294.026 ::
trial	294.0260
::Onset of iti expected: 295.2 recorded: 295.243 ::
iti	295.2430
::Onset of trial expected: 295.4 recorded: 295.4262 ::
trial	295.4262
::Onset of iti expected: 296.6 recorded: 296.6426 ::
iti	296.6426
::Onset of trial expected: 296.8 recorded: 296.8264 ::
trial	296.8264
::Onset of iti expected: 298 recorded: 298.0439 ::
iti	298.0439
::Onset of trial expected: 298.2 recorded: 298.2264 ::
trial	298.2264
::Onset of iti expected: 299.4 recorded: 299.4432 ::
iti	299.4432
::Onset of trial expected: 299.6 recorded: 299.6268 ::
trial	299.6268
::Onset of iti expected: 300.8 recorded: 300.844 ::
iti	300.8440
::Onset of trial expected: 301 recorded: 301.0275 ::
trial	301.0275
::Onset of iti expected: 302.2 recorded: 302.2438 ::
iti	302.2438
::Onset of trial expected: 302.4 recorded: 302.4275 ::
trial	302.4275
::Onset of iti expected: 303.6 recorded: 303.6442 ::
iti	303.6442
::Onset of trial expected: 303.8 recorded: 303.8278 ::
trial	303.8278
::Onset of iti expected: 305 recorded: 305.0439 ::
iti	305.0439
::Onset of trial expected: 305.2 recorded: 305.2277 ::
trial	305.2277
::Onset of iti expected: 306.4 recorded: 306.4449 ::
iti	306.4449
::Onset of trial expected: 306.6 recorded: 306.6285 ::
trial	306.6285
::Onset of iti expected: 307.8 recorded: 307.8443 ::
iti	307.8443
::Onset of trial expected: 308 recorded: 308.0282 ::
trial	308.0282
::Onset of iti expected: 309.2 recorded: 309.2453 ::
iti	309.2453
::Onset of trial expected: 309.4 recorded: 309.4288 ::
trial	309.4288
::Onset of iti expected: 310.6 recorded: 310.6451 ::
iti	310.6451
::Onset of trial expected: 310.8 recorded: 310.8283 ::
trial	310.8283
::Onset of iti expected: 312 recorded: 312.0455 ::
iti	312.0455
::Onset of trial expected: 312.2 recorded: 312.2284 ::
trial	312.2284
::Onset of iti expected: 313.4 recorded: 313.4453 ::
iti	313.4453
::Onset of trial expected: 313.6 recorded: 313.6297 ::
trial	313.6297
::Onset of iti expected: 314.8 recorded: 314.8454 ::
iti	314.8454
::Onset of trial expected: 315 recorded: 315.029 ::
trial	315.0290
::Onset of iti expected: 316.2 recorded: 316.2457 ::
iti	316.2457
::Onset of trial expected: 316.4 recorded: 316.4299 ::
trial	316.4299
::Onset of iti expected: 317.6 recorded: 317.6465 ::
iti	317.6465
::Onset of trial expected: 317.8 recorded: 317.8301 ::
trial	317.8301
::Onset of iti expected: 319 recorded: 319.0461 ::
iti	319.0461
::Onset of trial expected: 319.2 recorded: 319.2299 ::
trial	319.2299
::Onset of iti expected: 320.4 recorded: 320.4468 ::
iti	320.4468
::Onset of trial expected: 320.6 recorded: 320.631 ::
trial	320.6310
::Onset of iti expected: 321.8 recorded: 321.8473 ::
iti	321.8473
::Onset of trial expected: 322 recorded: 322.0301 ::
trial	322.0301
::Onset of iti expected: 323.2 recorded: 323.2467 ::
iti	323.2467
::Onset of trial expected: 323.4 recorded: 323.4307 ::
trial	323.4307
::Onset of iti expected: 324.6 recorded: 324.6481 ::
iti	324.6481
::Onset of trial expected: 324.8 recorded: 324.8309 ::
trial	324.8309
::Onset of iti expected: 326 recorded: 326.0485 ::
iti	326.0485
::Onset of trial expected: 326.2 recorded: 326.2315 ::
trial	326.2315
::Onset of iti expected: 327.4 recorded: 327.4481 ::
iti	327.4481
::Onset of trial expected: 327.6 recorded: 327.6309 ::
trial	327.6309
::Onset of iti expected: 328.8 recorded: 328.8483 ::
iti	328.8483
::Onset of trial expected: 329 recorded: 329.0315 ::
trial	329.0315
::Onset of iti expected: 330.2 recorded: 330.2485 ::
iti	330.2485
::Onset of trial expected: 330.4 recorded: 330.4315 ::
trial	330.4315
::Onset of iti expected: 331.6 recorded: 331.6488 ::
iti	331.6488
::Onset of rest expected: 331.8 recorded: 331.8325 ::
rest	331.8325
::Onset of cue expected: 343.8 recorded: 343.8172 ::
cue	343.8172
::Onset of trial expected: 344.3 recorded: 344.3166 ::
trial	344.3166
::Onset of iti expected: 345.5 recorded: 345.5336 ::
iti	345.5336
::Onset of trial expected: 345.7 recorded: 345.7167 ::
trial	345.7167
::Onset of iti expected: 346.9 recorded: 346.9339 ::
iti	346.9339
::Onset of trial expected: 347.1 recorded: 347.1174 ::
trial	347.1174
::Onset of iti expected: 348.3 recorded: 348.3348 ::
iti	348.3348
::Onset of trial expected: 348.5 recorded: 348.5178 ::
trial	348.5178
::Onset of iti expected: 349.7 recorded: 349.7344 ::
iti	349.7344
::Onset of trial expected: 349.9 recorded: 349.9179 ::
trial	349.9179
::Onset of iti expected: 351.1 recorded: 351.1348 ::
iti	351.1348
::Onset of trial expected: 351.3 recorded: 351.3188 ::
trial	351.3188
::Onset of iti expected: 352.5 recorded: 352.5351 ::
iti	352.5351
::Onset of trial expected: 352.7 recorded: 352.7187 ::
trial	352.7187
::Onset of iti expected: 353.9 recorded: 353.9349 ::
iti	353.9349
::Onset of trial expected: 354.1 recorded: 354.1189 ::
trial	354.1189
::Onset of iti expected: 355.3 recorded: 355.3362 ::
iti	355.3362
::Onset of trial expected: 355.5 recorded: 355.5184 ::
trial	355.5184
::Onset of iti expected: 356.7 recorded: 356.7358 ::
iti	356.7358
::Onset of trial expected: 356.9 recorded: 356.9192 ::
trial	356.9192
::Onset of iti expected: 358.1 recorded: 358.1355 ::
iti	358.1355
::Onset of trial expected: 358.3 recorded: 358.3188 ::
trial	358.3188
::Onset of iti expected: 359.5 recorded: 359.5361 ::
iti	359.5361
::Onset of trial expected: 359.7 recorded: 359.7201 ::
trial	359.7201
::Onset of iti expected: 360.9 recorded: 360.937 ::
iti	360.9370
::Onset of trial expected: 361.1 recorded: 361.1201 ::
trial	361.1201
::Onset of iti expected: 362.3 recorded: 362.3361 ::
iti	362.3361
::Onset of trial expected: 362.5 recorded: 362.519 ::
trial	362.5190
::Onset of iti expected: 363.7 recorded: 363.7195 ::
iti	363.7195
::Onset of trial expected: 363.9 recorded: 363.9201 ::
trial	363.9201
::Onset of iti expected: 365.1 recorded: 365.1371 ::
iti	365.1371
::Onset of trial expected: 365.3 recorded: 365.3208 ::
trial	365.3208
::Onset of iti expected: 366.5 recorded: 366.5369 ::
iti	366.5369
::Onset of rest expected: 366.7 recorded: 366.7209 ::
rest	366.7209
::Onset of cue expected: 378.7 recorded: 378.7219 ::
cue	378.7219
::Onset of trial expected: 379.2 recorded: 379.2222 ::
trial	379.2222
::Onset of iti expected: 380.4 recorded: 380.4397 ::
iti	380.4397
::Onset of trial expected: 380.6 recorded: 380.6232 ::
trial	380.6232
::Onset of iti expected: 381.8 recorded: 381.8397 ::
iti	381.8397
::Onset of trial expected: 382 recorded: 382.0229 ::
trial	382.0229
::Onset of iti expected: 383.2 recorded: 383.2399 ::
iti	383.2399
::Onset of trial expected: 383.4 recorded: 383.4227 ::
trial	383.4227
::Onset of iti expected: 384.6 recorded: 384.6394 ::
iti	384.6394
::Onset of trial expected: 384.8 recorded: 384.8239 ::
trial	384.8239
::Onset of iti expected: 386 recorded: 386.04 ::
iti	386.0400
::Onset of trial expected: 386.2 recorded: 386.2233 ::
trial	386.2233
::Onset of iti expected: 387.4 recorded: 387.4407 ::
iti	387.4407
::Onset of trial expected: 387.6 recorded: 387.6235 ::
trial	387.6235
::Onset of iti expected: 388.8 recorded: 388.8409 ::
iti	388.8409
::Onset of trial expected: 389 recorded: 389.0241 ::
trial	389.0241
::Onset of iti expected: 390.2 recorded: 390.2405 ::
iti	390.2405
::Onset of trial expected: 390.4 recorded: 390.4236 ::
trial	390.4236
::Onset of iti expected: 391.6 recorded: 391.6405 ::
iti	391.6405
::Onset of trial expected: 391.8 recorded: 391.8239 ::
trial	391.8239
::Onset of iti expected: 393 recorded: 393.0412 ::
iti	393.0412
::Onset of trial expected: 393.2 recorded: 393.2241 ::
trial	393.2241
::Onset of iti expected: 394.4 recorded: 394.4415 ::
iti	394.4415
::Onset of trial expected: 394.6 recorded: 394.6244 ::
trial	394.6244
::Onset of iti expected: 395.8 recorded: 395.8242 ::
iti	395.8242
::Onset of trial expected: 396 recorded: 396.0248 ::
trial	396.0248
::Onset of iti expected: 397.2 recorded: 397.2423 ::
iti	397.2423
::Onset of trial expected: 397.4 recorded: 397.4253 ::
trial	397.4253
::Onset of iti expected: 398.6 recorded: 398.642 ::
iti	398.6420
::Onset of trial expected: 398.8 recorded: 398.8259 ::
trial	398.8259
::Onset of iti expected: 400 recorded: 400.0422 ::
iti	400.0422
::Onset of trial expected: 400.2 recorded: 400.2257 ::
trial	400.2257
::Onset of iti expected: 401.4 recorded: 401.4424 ::
iti	401.4424
::Onset of trial expected: 401.6 recorded: 401.6256 ::
trial	401.6256
::Onset of iti expected: 402.8 recorded: 402.8428 ::
iti	402.8428
::Onset of trial expected: 403 recorded: 403.0265 ::
trial	403.0265
::Onset of iti expected: 404.2 recorded: 404.2435 ::
iti	404.2435
::Onset of trial expected: 404.4 recorded: 404.4265 ::
trial	404.4265
::Onset of iti expected: 405.6 recorded: 405.6435 ::
iti	405.6435
::Onset of trial expected: 405.8 recorded: 405.8272 ::
trial	405.8272
::Onset of iti expected: 407 recorded: 407.0439 ::
iti	407.0439
::Onset of trial expected: 407.2 recorded: 407.2264 ::
trial	407.2264
::Onset of iti expected: 408.4 recorded: 408.4432 ::
iti	408.4432
::Onset of trial expected: 408.6 recorded: 408.6275 ::
trial	408.6275
::Onset of iti expected: 409.8 recorded: 409.8433 ::
iti	409.8433
::Onset of trial expected: 410 recorded: 410.0277 ::
trial	410.0277
::Onset of iti expected: 411.2 recorded: 411.2265 ::
iti	411.2265
::Onset of trial expected: 411.4 recorded: 411.4269 ::
trial	411.4269
::Onset of iti expected: 412.6 recorded: 412.6268 ::
iti	412.6268
::Onset of trial expected: 412.8 recorded: 412.8274 ::
trial	412.8274
::Onset of iti expected: 414 recorded: 414.044 ::
iti	414.0440
::Onset of trial expected: 414.2 recorded: 414.2273 ::
trial	414.2273
::Onset of iti expected: 415.4 recorded: 415.445 ::
iti	415.4450
::Onset of trial expected: 415.6 recorded: 415.6279 ::
trial	415.6279
::Onset of iti expected: 416.8 recorded: 416.8446 ::
iti	416.8446
::Onset of trial expected: 417 recorded: 417.0281 ::
trial	417.0281
::Onset of iti expected: 418.2 recorded: 418.2453 ::
iti	418.2453
::Onset of trial expected: 418.4 recorded: 418.4289 ::
trial	418.4289
::Onset of iti expected: 419.6 recorded: 419.6458 ::
iti	419.6458
::Onset of trial expected: 419.8 recorded: 419.8282 ::
trial	419.8282
::Onset of iti expected: 421 recorded: 421.0283 ::
iti	421.0283
::Onset of trial expected: 421.2 recorded: 421.2286 ::
trial	421.2286
::Onset of iti expected: 422.4 recorded: 422.4283 ::
iti	422.4283
::Onset of trial expected: 422.6 recorded: 422.6289 ::
trial	422.6289
::Onset of iti expected: 423.8 recorded: 423.8456 ::
iti	423.8456
::Onset of trial expected: 424 recorded: 424.0295 ::
trial	424.0295
::Onset of iti expected: 425.2 recorded: 425.2457 ::
iti	425.2457
::Onset of trial expected: 425.4 recorded: 425.4293 ::
trial	425.4293
::Onset of iti expected: 426.6 recorded: 426.6466 ::
iti	426.6466
::Onset of trial expected: 426.8 recorded: 426.8294 ::
trial	426.8294
::Onset of iti expected: 428 recorded: 428.0461 ::
iti	428.0461
::Onset of trial expected: 428.2 recorded: 428.2305 ::
trial	428.2305
::Onset of iti expected: 429.4 recorded: 429.4294 ::
iti	429.4294
::Onset of trial expected: 429.6 recorded: 429.6302 ::
trial	429.6302
::Onset of iti expected: 430.8 recorded: 430.8472 ::
iti	430.8472
::Onset of trial expected: 431 recorded: 431.0308 ::
trial	431.0308
::Onset of iti expected: 432.2 recorded: 432.2475 ::
iti	432.2475
::Onset of trial expected: 432.4 recorded: 432.43 ::
trial	432.4300
::Onset of iti expected: 433.6 recorded: 433.6476 ::
iti	433.6476
::Onset of trial expected: 433.8 recorded: 433.8304 ::
trial	433.8304
::Onset of iti expected: 435 recorded: 435.0481 ::
iti	435.0481
::Onset of trial expected: 435.2 recorded: 435.2316 ::
trial	435.2316
::Onset of iti expected: 436.4 recorded: 436.4482 ::
iti	436.4482
::Onset of trial expected: 436.6 recorded: 436.631 ::
trial	436.6310
::Onset of iti expected: 437.8 recorded: 437.8486 ::
iti	437.8486
::Onset of trial expected: 438 recorded: 438.031 ::
trial	438.0310
::Onset of iti expected: 439.2 recorded: 439.2485 ::
iti	439.2485
::Onset of trial expected: 439.4 recorded: 439.4318 ::
trial	439.4318
::Onset of iti expected: 440.6 recorded: 440.6484 ::
iti	440.6484
::Onset of trial expected: 440.8 recorded: 440.8315 ::
trial	440.8315
::Onset of iti expected: 442 recorded: 442.0482 ::
iti	442.0482
::Onset of trial expected: 442.2 recorded: 442.2325 ::
trial	442.2325
::Onset of iti expected: 443.4 recorded: 443.4487 ::
iti	443.4487
::Onset of trial expected: 443.6 recorded: 443.6326 ::
trial	443.6326
::Onset of iti expected: 444.8 recorded: 444.8492 ::
iti	444.8492
::Onset of trial expected: 445 recorded: 445.0319 ::
trial	445.0319
::Onset of iti expected: 446.2 recorded: 446.2496 ::
iti	446.2496
::Onset of rest expected: 446.4 recorded: 446.4324 ::
rest	446.4324
::Onset of cue expected: 458.4 recorded: 458.4174 ::
cue	458.4174
::Onset of trial expected: 458.9 recorded: 458.9178 ::
trial	458.9178
::Onset of iti expected: 460.1 recorded: 460.1354 ::
iti	460.1354
::Onset of trial expected: 460.3 recorded: 460.3189 ::
trial	460.3189
::Onset of iti expected: 461.5 recorded: 461.535 ::
iti	461.5350
::Onset of trial expected: 461.7 recorded: 461.7184 ::
trial	461.7184
::Onset of iti expected: 462.9 recorded: 462.9359 ::
iti	462.9359
::Onset of trial expected: 463.1 recorded: 463.1192 ::
trial	463.1192
::Onset of iti expected: 464.3 recorded: 464.3354 ::
iti	464.3354
::Onset of trial expected: 464.5 recorded: 464.5185 ::
trial	464.5185
::Onset of iti expected: 465.7 recorded: 465.7363 ::
iti	465.7363
::Onset of trial expected: 465.9 recorded: 465.9191 ::
trial	465.9191
::Onset of iti expected: 467.1 recorded: 467.1355 ::
iti	467.1355
::Onset of trial expected: 467.3 recorded: 467.3187 ::
trial	467.3187
::Onset of iti expected: 468.5 recorded: 468.5361 ::
iti	468.5361
::Onset of trial expected: 468.7 recorded: 468.7189 ::
trial	468.7189
::Onset of iti expected: 469.9 recorded: 469.9359 ::
iti	469.9359
::Onset of trial expected: 470.1 recorded: 470.1195 ::
trial	470.1195
::Onset of iti expected: 471.3 recorded: 471.337 ::
iti	471.3370
::Onset of trial expected: 471.5 recorded: 471.5194 ::
trial	471.5194
::Onset of iti expected: 472.7 recorded: 472.7366 ::
iti	472.7366
::Onset of trial expected: 472.9 recorded: 472.9206 ::
trial	472.9206
::Onset of iti expected: 474.1 recorded: 474.1367 ::
iti	474.1367
::Onset of trial expected: 474.3 recorded: 474.3211 ::
trial	474.3211
::Onset of iti expected: 475.5 recorded: 475.5372 ::
iti	475.5372
::Onset of trial expected: 475.7 recorded: 475.7205 ::
trial	475.7205
::Onset of iti expected: 476.9 recorded: 476.9379 ::
iti	476.9379
::Onset of trial expected: 477.1 recorded: 477.1205 ::
trial	477.1205
::Onset of iti expected: 478.3 recorded: 478.3371 ::
iti	478.3371
::Onset of trial expected: 478.5 recorded: 478.5208 ::
trial	478.5208
::Onset of iti expected: 479.7 recorded: 479.7373 ::
iti	479.7373
::Onset of trial expected: 479.9 recorded: 479.9214 ::
trial	479.9214
::Onset of iti expected: 481.1 recorded: 481.1382 ::
iti	481.1382
::Onset of rest expected: 481.3 recorded: 481.321 ::
rest	481.3210
