::Queue started at 08-Jan-2013 17:47:45, with machine clock reading 32237.2691.::
::Experiment started at 08-Jan-2013 17:47:53, with machine clock reading 32244.4955.::
::TTL #1 expected: 0 recorded: 0 ::
=+	64488.9793
::Onset of cue expected: 0 recorded: 0.016213 ::
cue	0.0162
::TTL #2 expected: 2 recorded: 0.11655 ::
=+	0.1165
::Onset of trial expected: 0.5 recorded: 0.5337 ::
trial	0.5337
::Onset of iti expected: 2 recorded: 2.017 ::
iti	2.0170
::Onset of trial expected: 2.25 recorded: 2.2827 ::
trial	2.2827
::Onset of iti expected: 3.75 recorded: 3.7839 ::
iti	3.7839
::Onset of trial expected: 4 recorded: 4.0171 ::
trial	4.0171
::Onset of iti expected: 5.5 recorded: 5.5169 ::
iti	5.5169
::Onset of trial expected: 5.75 recorded: 5.7676 ::
trial	5.7676
::Onset of iti expected: 7.25 recorded: 7.2674 ::
iti	7.2674
::Onset of trial expected: 7.5 recorded: 7.5176 ::
trial	7.5176
::Onset of iti expected: 9 recorded: 9.017 ::
iti	9.0170
::Onset of trial expected: 9.25 recorded: 9.2668 ::
trial	9.2668
::Onset of iti expected: 10.75 recorded: 10.7685 ::
iti	10.7685
::Onset of trial expected: 11 recorded: 11.0181 ::
trial	11.0181
::Onset of iti expected: 12.5 recorded: 12.5183 ::
iti	12.5183
::Onset of trial expected: 12.75 recorded: 12.7688 ::
trial	12.7688
::Onset of iti expected: 14.25 recorded: 14.2689 ::
iti	14.2689
::Onset of trial expected: 14.5 recorded: 14.519 ::
trial	14.5190
::Onset of iti expected: 16 recorded: 16.0192 ::
iti	16.0192
::Onset of trial expected: 16.25 recorded: 16.2689 ::
trial	16.2689
::Onset of iti expected: 17.75 recorded: 17.7693 ::
iti	17.7693
::Onset of trial expected: 18 recorded: 18.0191 ::
trial	18.0191
::Onset of iti expected: 19.5 recorded: 19.5189 ::
iti	19.5189
::Onset of trial expected: 19.75 recorded: 19.7696 ::
trial	19.7696
::Onset of iti expected: 21.25 recorded: 21.2692 ::
iti	21.2692
::Onset of trial expected: 21.5 recorded: 21.5201 ::
trial	21.5201
::Onset of iti expected: 23 recorded: 23.02 ::
iti	23.0200
::Onset of trial expected: 23.25 recorded: 23.2701 ::
trial	23.2701
::Onset of iti expected: 24.75 recorded: 24.7704 ::
iti	24.7704
::Onset of trial expected: 25 recorded: 25.0204 ::
trial	25.0204
::Onset of iti expected: 26.5 recorded: 26.5207 ::
iti	26.5207
::Onset of trial expected: 26.75 recorded: 26.7703 ::
trial	26.7703
::Onset of iti expected: 28.25 recorded: 28.2706 ::
iti	28.2706
::Onset of rest expected: 28.5 recorded: 28.5201 ::
rest	28.5201
::Onset of cue expected: 40.5 recorded: 40.5227 ::
cue	40.5227
::Onset of trial expected: 41 recorded: 41.0216 ::
trial	41.0216
::Onset of iti expected: 42.5 recorded: 42.5225 ::
iti	42.5225
::Onset of trial expected: 42.75 recorded: 42.7724 ::
trial	42.7724
::Onset of iti expected: 44.25 recorded: 44.2898 ::
iti	44.2898
::Onset of trial expected: 44.5 recorded: 44.5223 ::
trial	44.5223
::Onset of iti expected: 46 recorded: 46.0226 ::
iti	46.0226
::Onset of trial expected: 46.25 recorded: 46.2735 ::
trial	46.2735
::Onset of iti expected: 47.75 recorded: 47.7736 ::
iti	47.7736
::Onset of trial expected: 48 recorded: 48.0231 ::
trial	48.0231
RightGUI	49.5402
::Onset of iti expected: 49.5 recorded: 49.5402 ::
iti	49.5402
::Onset of trial expected: 49.75 recorded: 49.7733 ::
trial	49.7733
::Onset of iti expected: 51.25 recorded: 51.2744 ::
iti	51.2744
::Onset of trial expected: 51.5 recorded: 51.5245 ::
trial	51.5245
::Onset of iti expected: 53 recorded: 53.0245 ::
iti	53.0245
::Onset of trial expected: 53.25 recorded: 53.274 ::
trial	53.2740
::Onset of iti expected: 54.75 recorded: 54.7748 ::
iti	54.7748
::Onset of trial expected: 55 recorded: 55.0247 ::
trial	55.0247
::Onset of iti expected: 56.5 recorded: 56.541 ::
iti	56.5410
::Onset of trial expected: 56.75 recorded: 56.7752 ::
trial	56.7752
::Onset of iti expected: 58.25 recorded: 58.2751 ::
iti	58.2751
::Onset of trial expected: 58.5 recorded: 58.525 ::
trial	58.5250
::Onset of iti expected: 60 recorded: 60.0253 ::
iti	60.0253
::Onset of trial expected: 60.25 recorded: 60.2757 ::
trial	60.2757
::Onset of iti expected: 61.75 recorded: 61.7927 ::
iti	61.7927
::Onset of trial expected: 62 recorded: 62.0252 ::
trial	62.0252
::Onset of iti expected: 63.5 recorded: 63.5265 ::
iti	63.5265
::Onset of trial expected: 63.75 recorded: 63.7758 ::
trial	63.7758
::Onset of iti expected: 65.25 recorded: 65.2767 ::
iti	65.2767
::Onset of trial expected: 65.5 recorded: 65.5261 ::
trial	65.5261
::Onset of iti expected: 67 recorded: 67.0428 ::
iti	67.0428
::Onset of trial expected: 67.25 recorded: 67.2765 ::
trial	67.2765
::Onset of iti expected: 68.75 recorded: 68.7764 ::
iti	68.7764
::Onset of rest expected: 69 recorded: 69.0268 ::
rest	69.0268
::Onset of cue expected: 81 recorded: 81.0291 ::
cue	81.0291
::Onset of trial expected: 81.5 recorded: 81.5286 ::
trial	81.5286
::Onset of iti expected: 83 recorded: 83.0292 ::
iti	83.0292
::Onset of trial expected: 83.25 recorded: 83.2794 ::
trial	83.2794
::Onset of iti expected: 84.75 recorded: 84.7788 ::
iti	84.7788
::Onset of trial expected: 85 recorded: 85.0289 ::
trial	85.0289
::Onset of iti expected: 86.5 recorded: 86.5288 ::
iti	86.5288
::Onset of trial expected: 86.75 recorded: 86.7791 ::
trial	86.7791
::Onset of iti expected: 88.25 recorded: 88.2801 ::
iti	88.2801
::Onset of trial expected: 88.5 recorded: 88.5297 ::
trial	88.5297
::Onset of iti expected: 90 recorded: 90.0299 ::
iti	90.0299
::Onset of trial expected: 90.25 recorded: 90.2799 ::
trial	90.2799
::Onset of iti expected: 91.75 recorded: 91.7801 ::
iti	91.7801
::Onset of trial expected: 92 recorded: 92.0305 ::
trial	92.0305
::Onset of iti expected: 93.5 recorded: 93.5311 ::
iti	93.5311
::Onset of trial expected: 93.75 recorded: 93.7811 ::
trial	93.7811
::Onset of iti expected: 95.25 recorded: 95.2804 ::
iti	95.2804
::Onset of trial expected: 95.5 recorded: 95.5309 ::
trial	95.5309
::Onset of iti expected: 97 recorded: 97.0315 ::
iti	97.0315
::Onset of trial expected: 97.25 recorded: 97.2817 ::
trial	97.2817
::Onset of iti expected: 98.75 recorded: 98.7816 ::
iti	98.7816
::Onset of trial expected: 99 recorded: 99.0317 ::
trial	99.0317
::Onset of iti expected: 100.5 recorded: 100.5318 ::
iti	100.5318
::Onset of trial expected: 100.75 recorded: 100.7808 ::
trial	100.7808
::Onset of iti expected: 102.25 recorded: 102.2814 ::
iti	102.2814
::Onset of trial expected: 102.5 recorded: 102.532 ::
trial	102.5320
::Onset of iti expected: 104 recorded: 104.0315 ::
iti	104.0315
::Onset of trial expected: 104.25 recorded: 104.2823 ::
trial	104.2823
::Onset of iti expected: 105.75 recorded: 105.7819 ::
iti	105.7819
::Onset of trial expected: 106 recorded: 106.0321 ::
trial	106.0321
::Onset of iti expected: 107.5 recorded: 107.532 ::
iti	107.5320
::Onset of trial expected: 107.75 recorded: 107.7831 ::
trial	107.7831
::Onset of iti expected: 109.25 recorded: 109.2831 ::
iti	109.2831
::Onset of rest expected: 109.5 recorded: 109.5331 ::
rest	109.5331
::Onset of cue expected: 121.5 recorded: 121.5181 ::
cue	121.5181
::Onset of trial expected: 122 recorded: 122.0181 ::
trial	122.0181
::Onset of iti expected: 123.5 recorded: 123.5187 ::
iti	123.5187
::Onset of trial expected: 123.75 recorded: 123.768 ::
trial	123.7680
::Onset of iti expected: 125.25 recorded: 125.2689 ::
iti	125.2689
::Onset of trial expected: 125.5 recorded: 125.5191 ::
trial	125.5191
::Onset of iti expected: 127 recorded: 127.0185 ::
iti	127.0185
::Onset of trial expected: 127.25 recorded: 127.269 ::
trial	127.2690
::Onset of iti expected: 128.75 recorded: 128.7693 ::
iti	128.7693
::Onset of trial expected: 129 recorded: 129.0192 ::
trial	129.0192
::Onset of iti expected: 130.5 recorded: 130.519 ::
iti	130.5190
::Onset of trial expected: 130.75 recorded: 130.769 ::
trial	130.7690
::Onset of iti expected: 132.25 recorded: 132.2697 ::
iti	132.2697
::Onset of trial expected: 132.5 recorded: 132.5195 ::
trial	132.5195
::Onset of iti expected: 134 recorded: 134.0201 ::
iti	134.0201
::Onset of trial expected: 134.25 recorded: 134.27 ::
trial	134.2700
::Onset of iti expected: 135.75 recorded: 135.7703 ::
iti	135.7703
::Onset of trial expected: 136 recorded: 136.02 ::
trial	136.0200
::Onset of iti expected: 137.5 recorded: 137.52 ::
iti	137.5200
::Onset of trial expected: 137.75 recorded: 137.7711 ::
trial	137.7711
::Onset of iti expected: 139.25 recorded: 139.2708 ::
iti	139.2708
::Onset of trial expected: 139.5 recorded: 139.5205 ::
trial	139.5205
::Onset of iti expected: 141 recorded: 141.021 ::
iti	141.0210
::Onset of trial expected: 141.25 recorded: 141.271 ::
trial	141.2710
::Onset of iti expected: 142.75 recorded: 142.7709 ::
iti	142.7709
::Onset of trial expected: 143 recorded: 143.0218 ::
trial	143.0218
::Onset of iti expected: 144.5 recorded: 144.5215 ::
iti	144.5215
::Onset of trial expected: 144.75 recorded: 144.7718 ::
trial	144.7718
::Onset of iti expected: 146.25 recorded: 146.2716 ::
iti	146.2716
::Onset of trial expected: 146.5 recorded: 146.5223 ::
trial	146.5223
::Onset of iti expected: 148 recorded: 148.022 ::
iti	148.0220
::Onset of trial expected: 148.25 recorded: 148.2727 ::
trial	148.2727
::Onset of iti expected: 149.75 recorded: 149.7721 ::
iti	149.7721
::Onset of rest expected: 150 recorded: 150.0227 ::
rest	150.0227
::Onset of cue expected: 162 recorded: 162.0247 ::
cue	162.0247
::Onset of trial expected: 162.5 recorded: 162.5241 ::
trial	162.5241
::Onset of iti expected: 164 recorded: 164.0246 ::
iti	164.0246
::Onset of trial expected: 164.25 recorded: 164.2741 ::
trial	164.2741
::Onset of iti expected: 165.75 recorded: 165.775 ::
iti	165.7750
::Onset of trial expected: 166 recorded: 166.0252 ::
trial	166.0252
::Onset of iti expected: 167.5 recorded: 167.5248 ::
iti	167.5248
::Onset of trial expected: 167.75 recorded: 167.7755 ::
trial	167.7755
::Onset of iti expected: 169.25 recorded: 169.2756 ::
iti	169.2756
::Onset of trial expected: 169.5 recorded: 169.525 ::
trial	169.5250
::Onset of iti expected: 171 recorded: 171.0252 ::
iti	171.0252
::Onset of trial expected: 171.25 recorded: 171.2752 ::
trial	171.2752
::Onset of iti expected: 172.75 recorded: 172.7762 ::
iti	172.7762
::Onset of trial expected: 173 recorded: 173.0263 ::
trial	173.0263
::Onset of iti expected: 174.5 recorded: 174.5266 ::
iti	174.5266
::Onset of trial expected: 174.75 recorded: 174.7766 ::
trial	174.7766
::Onset of iti expected: 176.25 recorded: 176.277 ::
iti	176.2770
::Onset of trial expected: 176.5 recorded: 176.5264 ::
trial	176.5264
::Onset of iti expected: 178 recorded: 178.027 ::
iti	178.0270
::Onset of trial expected: 178.25 recorded: 178.2773 ::
trial	178.2773
::Onset of iti expected: 179.75 recorded: 179.7773 ::
iti	179.7773
::Onset of trial expected: 180 recorded: 180.0275 ::
trial	180.0275
::Onset of iti expected: 181.5 recorded: 181.5267 ::
iti	181.5267
::Onset of trial expected: 181.75 recorded: 181.7777 ::
trial	181.7777
::Onset of iti expected: 183.25 recorded: 183.2769 ::
iti	183.2769
::Onset of trial expected: 183.5 recorded: 183.5275 ::
trial	183.5275
::Onset of iti expected: 185 recorded: 185.0281 ::
iti	185.0281
::Onset of trial expected: 185.25 recorded: 185.2775 ::
trial	185.2775
::Onset of iti expected: 186.75 recorded: 186.7787 ::
iti	186.7787
::Onset of trial expected: 187 recorded: 187.0278 ::
trial	187.0278
::Onset of iti expected: 188.5 recorded: 188.5287 ::
iti	188.5287
::Onset of trial expected: 188.75 recorded: 188.7785 ::
trial	188.7785
::Onset of iti expected: 190.25 recorded: 190.2791 ::
iti	190.2791
::Onset of rest expected: 190.5 recorded: 190.5291 ::
rest	190.5291
::Onset of cue expected: 202.5 recorded: 202.5309 ::
cue	202.5309
::Onset of trial expected: 203 recorded: 203.0311 ::
trial	203.0311
::Onset of iti expected: 204.5 recorded: 204.5307 ::
iti	204.5307
::Onset of trial expected: 204.75 recorded: 204.7809 ::
trial	204.7809
::Onset of iti expected: 206.25 recorded: 206.2816 ::
iti	206.2816
::Onset of trial expected: 206.5 recorded: 206.5313 ::
trial	206.5313
::Onset of iti expected: 208 recorded: 208.0314 ::
iti	208.0314
::Onset of trial expected: 208.25 recorded: 208.2817 ::
trial	208.2817
::Onset of iti expected: 209.75 recorded: 209.7818 ::
iti	209.7818
::Onset of trial expected: 210 recorded: 210.0321 ::
trial	210.0321
::Onset of iti expected: 211.5 recorded: 211.5489 ::
iti	211.5489
::Onset of trial expected: 211.75 recorded: 211.782 ::
trial	211.7820
::Onset of iti expected: 213.25 recorded: 213.282 ::
iti	213.2820
::Onset of trial expected: 213.5 recorded: 213.5321 ::
trial	213.5321
::Onset of iti expected: 215 recorded: 215.0319 ::
iti	215.0319
::Onset of trial expected: 215.25 recorded: 215.2826 ::
trial	215.2826
::Onset of iti expected: 216.75 recorded: 216.7822 ::
iti	216.7822
::Onset of trial expected: 217 recorded: 217.0332 ::
trial	217.0332
::Onset of iti expected: 218.5 recorded: 218.5501 ::
iti	218.5501
::Onset of trial expected: 218.75 recorded: 218.7831 ::
trial	218.7831
::Onset of iti expected: 220.25 recorded: 220.2835 ::
iti	220.2835
::Onset of trial expected: 220.5 recorded: 220.5336 ::
trial	220.5336
::Onset of iti expected: 222 recorded: 222.0503 ::
iti	222.0503
::Onset of trial expected: 222.25 recorded: 222.2672 ::
trial	222.2672
::Onset of iti expected: 223.75 recorded: 223.7835 ::
iti	223.7835
::Onset of trial expected: 224 recorded: 224.0337 ::
trial	224.0337
::Onset of iti expected: 225.5 recorded: 225.5173 ::
iti	225.5173
::Onset of trial expected: 225.75 recorded: 225.7673 ::
trial	225.7673
::Onset of iti expected: 227.25 recorded: 227.284 ::
iti	227.2840
::Onset of trial expected: 227.5 recorded: 227.518 ::
trial	227.5180
::Onset of iti expected: 229 recorded: 229.0349 ::
iti	229.0349
::Onset of trial expected: 229.25 recorded: 229.2685 ::
trial	229.2685
::Onset of iti expected: 230.75 recorded: 230.7678 ::
iti	230.7678
::Onset of rest expected: 231 recorded: 231.0185 ::
rest	231.0185
::Onset of cue expected: 243 recorded: 243.0205 ::
cue	243.0205
::Onset of trial expected: 243.5 recorded: 243.5204 ::
trial	243.5204
::Onset of iti expected: 245 recorded: 245.0207 ::
iti	245.0207
::Onset of trial expected: 245.25 recorded: 245.2707 ::
trial	245.2707
::Onset of iti expected: 246.75 recorded: 246.7698 ::
iti	246.7698
::Onset of trial expected: 247 recorded: 247.0205 ::
trial	247.0205
::Onset of iti expected: 248.5 recorded: 248.521 ::
iti	248.5210
::Onset of trial expected: 248.75 recorded: 248.7712 ::
trial	248.7712
::Onset of iti expected: 250.25 recorded: 250.271 ::
iti	250.2710
::Onset of trial expected: 250.5 recorded: 250.5215 ::
trial	250.5215
::Onset of iti expected: 252 recorded: 252.0217 ::
iti	252.0217
::Onset of trial expected: 252.25 recorded: 252.2718 ::
trial	252.2718
::Onset of iti expected: 253.75 recorded: 253.7716 ::
iti	253.7716
::Onset of trial expected: 254 recorded: 254.0218 ::
trial	254.0218
::Onset of iti expected: 255.5 recorded: 255.5388 ::
iti	255.5388
::Onset of trial expected: 255.75 recorded: 255.7723 ::
trial	255.7723
::Onset of iti expected: 257.25 recorded: 257.2721 ::
iti	257.2721
::Onset of trial expected: 257.5 recorded: 257.5223 ::
trial	257.5223
::Onset of iti expected: 259 recorded: 259.023 ::
iti	259.0230
::Onset of trial expected: 259.25 recorded: 259.2724 ::
trial	259.2724
::Onset of iti expected: 260.75 recorded: 260.7726 ::
iti	260.7726
::Onset of trial expected: 261 recorded: 261.0231 ::
trial	261.0231
::Onset of iti expected: 262.5 recorded: 262.5233 ::
iti	262.5233
::Onset of trial expected: 262.75 recorded: 262.7732 ::
trial	262.7732
::Onset of iti expected: 264.25 recorded: 264.2731 ::
iti	264.2731
::Onset of trial expected: 264.5 recorded: 264.5238 ::
trial	264.5238
::Onset of iti expected: 266 recorded: 266.0237 ::
iti	266.0237
::Onset of trial expected: 266.25 recorded: 266.2732 ::
trial	266.2732
::Onset of iti expected: 267.75 recorded: 267.7735 ::
iti	267.7735
::Onset of trial expected: 268 recorded: 268.0235 ::
trial	268.0235
::Onset of iti expected: 269.5 recorded: 269.5242 ::
iti	269.5242
::Onset of trial expected: 269.75 recorded: 269.774 ::
trial	269.7740
::Onset of iti expected: 271.25 recorded: 271.2745 ::
iti	271.2745
::Onset of rest expected: 271.5 recorded: 271.5241 ::
rest	271.5241
::Onset of cue expected: 283.5 recorded: 283.5257 ::
cue	283.5257
::Onset of trial expected: 284 recorded: 284.026 ::
trial	284.0260
::Onset of iti expected: 285.5 recorded: 285.5264 ::
iti	285.5264
::Onset of trial expected: 285.75 recorded: 285.7769 ::
trial	285.7769
::Onset of iti expected: 287.25 recorded: 287.2761 ::
iti	287.2761
::Onset of trial expected: 287.5 recorded: 287.5266 ::
trial	287.5266
::Onset of iti expected: 289 recorded: 289.0262 ::
iti	289.0262
::Onset of trial expected: 289.25 recorded: 289.2773 ::
trial	289.2773
::Onset of iti expected: 290.75 recorded: 290.7776 ::
iti	290.7776
::Onset of trial expected: 291 recorded: 291.0272 ::
trial	291.0272
::Onset of iti expected: 292.5 recorded: 292.527 ::
iti	292.5270
::Onset of trial expected: 292.75 recorded: 292.7777 ::
trial	292.7777
::Onset of iti expected: 294.25 recorded: 294.2783 ::
iti	294.2783
::Onset of trial expected: 294.5 recorded: 294.5278 ::
trial	294.5278
::Onset of iti expected: 296 recorded: 296.0285 ::
iti	296.0285
::Onset of trial expected: 296.25 recorded: 296.2788 ::
trial	296.2788
::Onset of iti expected: 297.75 recorded: 297.7949 ::
iti	297.7949
::Onset of trial expected: 298 recorded: 298.0289 ::
trial	298.0289
::Onset of iti expected: 299.5 recorded: 299.5289 ::
iti	299.5289
::Onset of trial expected: 299.75 recorded: 299.7783 ::
trial	299.7783
::Onset of iti expected: 301.25 recorded: 301.2784 ::
iti	301.2784
::Onset of trial expected: 301.5 recorded: 301.5289 ::
trial	301.5289
::Onset of iti expected: 303 recorded: 303.0286 ::
iti	303.0286
::Onset of trial expected: 303.25 recorded: 303.2795 ::
trial	303.2795
::Onset of iti expected: 304.75 recorded: 304.7793 ::
iti	304.7793
::Onset of trial expected: 305 recorded: 305.03 ::
trial	305.0300
::Onset of iti expected: 306.5 recorded: 306.5297 ::
iti	306.5297
::Onset of trial expected: 306.75 recorded: 306.7796 ::
trial	306.7796
::Onset of iti expected: 308.25 recorded: 308.2804 ::
iti	308.2804
::Onset of trial expected: 308.5 recorded: 308.5303 ::
trial	308.5303
::Onset of iti expected: 310 recorded: 310.0304 ::
iti	310.0304
::Onset of trial expected: 310.25 recorded: 310.2806 ::
trial	310.2806
::Onset of iti expected: 311.75 recorded: 311.78 ::
iti	311.7800
::Onset of rest expected: 312 recorded: 312.0302 ::
rest	312.0302
::Onset of cue expected: 324 recorded: 324.0326 ::
cue	324.0326
::Onset of trial expected: 324.5 recorded: 324.532 ::
trial	324.5320
::Onset of iti expected: 326 recorded: 326.033 ::
iti	326.0330
::Onset of trial expected: 326.25 recorded: 326.2831 ::
trial	326.2831
::Onset of iti expected: 327.75 recorded: 327.7835 ::
iti	327.7835
::Onset of trial expected: 328 recorded: 328.0326 ::
trial	328.0326
::Onset of iti expected: 329.5 recorded: 329.5333 ::
iti	329.5333
::Onset of trial expected: 329.75 recorded: 329.7664 ::
trial	329.7664
::Onset of iti expected: 331.25 recorded: 331.2664 ::
iti	331.2664
::Onset of trial expected: 331.5 recorded: 331.5165 ::
trial	331.5165
::Onset of iti expected: 333 recorded: 333.0173 ::
iti	333.0173
::Onset of trial expected: 333.25 recorded: 333.267 ::
trial	333.2670
::Onset of iti expected: 334.75 recorded: 334.7674 ::
iti	334.7674
::Onset of trial expected: 335 recorded: 335.0178 ::
trial	335.0178
::Onset of iti expected: 336.5 recorded: 336.5182 ::
iti	336.5182
::Onset of trial expected: 336.75 recorded: 336.768 ::
trial	336.7680
::Onset of iti expected: 338.25 recorded: 338.2682 ::
iti	338.2682
::Onset of trial expected: 338.5 recorded: 338.5182 ::
trial	338.5182
::Onset of iti expected: 340 recorded: 340.0182 ::
iti	340.0182
::Onset of trial expected: 340.25 recorded: 340.2687 ::
trial	340.2687
::Onset of iti expected: 341.75 recorded: 341.7681 ::
iti	341.7681
::Onset of trial expected: 342 recorded: 342.0179 ::
trial	342.0179
::Onset of iti expected: 343.5 recorded: 343.5185 ::
iti	343.5185
::Onset of trial expected: 343.75 recorded: 343.7686 ::
trial	343.7686
::Onset of iti expected: 345.25 recorded: 345.2696 ::
iti	345.2696
::Onset of trial expected: 345.5 recorded: 345.5186 ::
trial	345.5186
::Onset of iti expected: 347 recorded: 347.0197 ::
iti	347.0197
::Onset of trial expected: 347.25 recorded: 347.2687 ::
trial	347.2687
::Onset of iti expected: 348.75 recorded: 348.7691 ::
iti	348.7691
::Onset of trial expected: 349 recorded: 349.0198 ::
trial	349.0198
::Onset of iti expected: 350.5 recorded: 350.5197 ::
iti	350.5197
::Onset of trial expected: 350.75 recorded: 350.7698 ::
trial	350.7698
::Onset of iti expected: 352.25 recorded: 352.2703 ::
iti	352.2703
::Onset of rest expected: 352.5 recorded: 352.5202 ::
rest	352.5202
::Onset of cue expected: 364.5 recorded: 364.5215 ::
cue	364.5215
::Onset of trial expected: 365 recorded: 365.0223 ::
trial	365.0223
::Onset of iti expected: 366.5 recorded: 366.5219 ::
iti	366.5219
::Onset of trial expected: 366.75 recorded: 366.7725 ::
trial	366.7725
::Onset of iti expected: 368.25 recorded: 368.2731 ::
iti	368.2731
::Onset of trial expected: 368.5 recorded: 368.5228 ::
trial	368.5228
::Onset of iti expected: 370 recorded: 370.0227 ::
iti	370.0227
::Onset of trial expected: 370.25 recorded: 370.2723 ::
trial	370.2723
::Onset of iti expected: 371.75 recorded: 371.7724 ::
iti	371.7724
::Onset of trial expected: 372 recorded: 372.0228 ::
trial	372.0228
::Onset of iti expected: 373.5 recorded: 373.5229 ::
iti	373.5229
::Onset of trial expected: 373.75 recorded: 373.7735 ::
trial	373.7735
::Onset of iti expected: 375.25 recorded: 375.2736 ::
iti	375.2736
::Onset of trial expected: 375.5 recorded: 375.524 ::
trial	375.5240
::Onset of iti expected: 377 recorded: 377.0236 ::
iti	377.0236
::Onset of trial expected: 377.25 recorded: 377.2736 ::
trial	377.2736
::Onset of iti expected: 378.75 recorded: 378.7737 ::
iti	378.7737
::Onset of trial expected: 379 recorded: 379.0238 ::
trial	379.0238
::Onset of iti expected: 380.5 recorded: 380.5242 ::
iti	380.5242
::Onset of trial expected: 380.75 recorded: 380.7748 ::
trial	380.7748
::Onset of iti expected: 382.25 recorded: 382.274 ::
iti	382.2740
::Onset of trial expected: 382.5 recorded: 382.5251 ::
trial	382.5251
::Onset of iti expected: 384 recorded: 384.0251 ::
iti	384.0251
::Onset of trial expected: 384.25 recorded: 384.2746 ::
trial	384.2746
::Onset of iti expected: 385.75 recorded: 385.7751 ::
iti	385.7751
::Onset of trial expected: 386 recorded: 386.0245 ::
trial	386.0245
::Onset of iti expected: 387.5 recorded: 387.5253 ::
iti	387.5253
::Onset of trial expected: 387.75 recorded: 387.7761 ::
trial	387.7761
::Onset of iti expected: 389.25 recorded: 389.2761 ::
iti	389.2761
::Onset of trial expected: 389.5 recorded: 389.5256 ::
trial	389.5256
::Onset of iti expected: 391 recorded: 391.0261 ::
iti	391.0261
::Onset of trial expected: 391.25 recorded: 391.2759 ::
trial	391.2759
::Onset of iti expected: 392.75 recorded: 392.7768 ::
iti	392.7768
::Onset of rest expected: 393 recorded: 393.026 ::
rest	393.0260
::Onset of cue expected: 405 recorded: 405.028 ::
cue	405.0280
::Onset of trial expected: 405.5 recorded: 405.5282 ::
trial	405.5282
::Onset of iti expected: 407 recorded: 407.0288 ::
iti	407.0288
::Onset of trial expected: 407.25 recorded: 407.2782 ::
trial	407.2782
::Onset of iti expected: 408.75 recorded: 408.7791 ::
iti	408.7791
::Onset of trial expected: 409 recorded: 409.0291 ::
trial	409.0291
::Onset of iti expected: 410.5 recorded: 410.5292 ::
iti	410.5292
::Onset of trial expected: 410.75 recorded: 410.7794 ::
trial	410.7794
::Onset of iti expected: 412.25 recorded: 412.2793 ::
iti	412.2793
::Onset of trial expected: 412.5 recorded: 412.5299 ::
trial	412.5299
::Onset of iti expected: 414 recorded: 414.03 ::
iti	414.0300
::Onset of trial expected: 414.25 recorded: 414.2794 ::
trial	414.2794
::Onset of iti expected: 415.75 recorded: 415.7799 ::
iti	415.7799
::Onset of trial expected: 416 recorded: 416.0298 ::
trial	416.0298
::Onset of iti expected: 417.5 recorded: 417.53 ::
iti	417.5300
::Onset of trial expected: 417.75 recorded: 417.7797 ::
trial	417.7797
::Onset of iti expected: 419.25 recorded: 419.2809 ::
iti	419.2809
::Onset of trial expected: 419.5 recorded: 419.531 ::
trial	419.5310
::Onset of iti expected: 421 recorded: 421.0307 ::
iti	421.0307
::Onset of trial expected: 421.25 recorded: 421.28 ::
trial	421.2800
::Onset of iti expected: 422.75 recorded: 422.7813 ::
iti	422.7813
::Onset of trial expected: 423 recorded: 423.0308 ::
trial	423.0308
::Onset of iti expected: 424.5 recorded: 424.5307 ::
iti	424.5307
::Onset of trial expected: 424.75 recorded: 424.7811 ::
trial	424.7811
::Onset of iti expected: 426.25 recorded: 426.2811 ::
iti	426.2811
::Onset of trial expected: 426.5 recorded: 426.532 ::
trial	426.5320
::Onset of iti expected: 428 recorded: 428.0321 ::
iti	428.0321
::Onset of trial expected: 428.25 recorded: 428.2818 ::
trial	428.2818
::Onset of iti expected: 429.75 recorded: 429.7823 ::
iti	429.7823
::Onset of trial expected: 430 recorded: 430.0322 ::
trial	430.0322
::Onset of iti expected: 431.5 recorded: 431.5326 ::
iti	431.5326
::Onset of trial expected: 431.75 recorded: 431.7825 ::
trial	431.7825
::Onset of iti expected: 433.25 recorded: 433.2831 ::
iti	433.2831
::Onset of rest expected: 433.5 recorded: 433.533 ::
rest	433.5330
::Onset of cue expected: 445.5 recorded: 445.518 ::
cue	445.5180
::Onset of trial expected: 446 recorded: 446.0176 ::
trial	446.0176
::Onset of iti expected: 447.5 recorded: 447.518 ::
iti	447.5180
::Onset of trial expected: 447.75 recorded: 447.7681 ::
trial	447.7681
::Onset of iti expected: 449.25 recorded: 449.2679 ::
iti	449.2679
::Onset of trial expected: 449.5 recorded: 449.5177 ::
trial	449.5177
::Onset of iti expected: 451 recorded: 451.0182 ::
iti	451.0182
::Onset of trial expected: 451.25 recorded: 451.2687 ::
trial	451.2687
::Onset of iti expected: 452.75 recorded: 452.769 ::
iti	452.7690
::Onset of trial expected: 453 recorded: 453.0189 ::
trial	453.0189
::Onset of iti expected: 454.5 recorded: 454.5192 ::
iti	454.5192
::Onset of trial expected: 454.75 recorded: 454.7687 ::
trial	454.7687
::Onset of iti expected: 456.25 recorded: 456.2699 ::
iti	456.2699
::Onset of trial expected: 456.5 recorded: 456.5198 ::
trial	456.5198
::Onset of iti expected: 458 recorded: 458.0189 ::
iti	458.0189
::Onset of trial expected: 458.25 recorded: 458.2694 ::
trial	458.2694
::Onset of iti expected: 459.75 recorded: 459.7859 ::
iti	459.7859
::Onset of trial expected: 460 recorded: 460.0203 ::
trial	460.0203
::Onset of iti expected: 461.5 recorded: 461.5202 ::
iti	461.5202
::Onset of trial expected: 461.75 recorded: 461.7695 ::
trial	461.7695
::Onset of iti expected: 463.25 recorded: 463.2698 ::
iti	463.2698
::Onset of trial expected: 463.5 recorded: 463.5211 ::
trial	463.5211
::Onset of iti expected: 465 recorded: 465.0201 ::
iti	465.0201
::Onset of trial expected: 465.25 recorded: 465.2703 ::
trial	465.2703
::Onset of iti expected: 466.75 recorded: 466.7709 ::
iti	466.7709
::Onset of trial expected: 467 recorded: 467.0205 ::
trial	467.0205
::Onset of iti expected: 468.5 recorded: 468.5382 ::
iti	468.5382
::Onset of trial expected: 468.75 recorded: 468.7705 ::
trial	468.7705
::Onset of iti expected: 470.25 recorded: 470.2877 ::
iti	470.2877
::Onset of trial expected: 470.5 recorded: 470.5214 ::
trial	470.5214
::Onset of iti expected: 472 recorded: 472.0218 ::
iti	472.0218
::Onset of trial expected: 472.25 recorded: 472.2714 ::
trial	472.2714
::Onset of iti expected: 473.75 recorded: 473.7717 ::
iti	473.7717
::Onset of rest expected: 474 recorded: 474.0223 ::
rest	474.0223
::Onset of cue expected: 486 recorded: 486.0234 ::
cue	486.0234
::Onset of trial expected: 486.5 recorded: 486.5244 ::
trial	486.5244
::Onset of iti expected: 488 recorded: 488.024 ::
iti	488.0240
::Onset of trial expected: 488.25 recorded: 488.2742 ::
trial	488.2742
::Onset of iti expected: 489.75 recorded: 489.7743 ::
iti	489.7743
::Onset of trial expected: 490 recorded: 490.0243 ::
trial	490.0243
::Onset of iti expected: 491.5 recorded: 491.5252 ::
iti	491.5252
::Onset of trial expected: 491.75 recorded: 491.7753 ::
trial	491.7753
::Onset of iti expected: 493.25 recorded: 493.2752 ::
iti	493.2752
::Onset of trial expected: 493.5 recorded: 493.5256 ::
trial	493.5256
::Onset of iti expected: 495 recorded: 495.025 ::
iti	495.0250
::Onset of trial expected: 495.25 recorded: 495.2756 ::
trial	495.2756
::Onset of iti expected: 496.75 recorded: 496.7751 ::
iti	496.7751
::Onset of trial expected: 497 recorded: 497.0251 ::
trial	497.0251
::Onset of iti expected: 498.5 recorded: 498.5263 ::
iti	498.5263
::Onset of trial expected: 498.75 recorded: 498.7766 ::
trial	498.7766
::Onset of iti expected: 500.25 recorded: 500.2758 ::
iti	500.2758
::Onset of trial expected: 500.5 recorded: 500.5261 ::
trial	500.5261
::Onset of iti expected: 502 recorded: 502.0259 ::
iti	502.0259
::Onset of trial expected: 502.25 recorded: 502.2766 ::
trial	502.2766
::Onset of iti expected: 503.75 recorded: 503.7769 ::
iti	503.7769
::Onset of trial expected: 504 recorded: 504.0271 ::
trial	504.0271
::Onset of iti expected: 505.5 recorded: 505.5269 ::
iti	505.5269
::Onset of trial expected: 505.75 recorded: 505.7769 ::
trial	505.7769
::Onset of iti expected: 507.25 recorded: 507.2766 ::
iti	507.2766
::Onset of trial expected: 507.5 recorded: 507.5274 ::
trial	507.5274
::Onset of iti expected: 509 recorded: 509.0275 ::
iti	509.0275
::Onset of trial expected: 509.25 recorded: 509.2779 ::
trial	509.2779
::Onset of iti expected: 510.75 recorded: 510.778 ::
iti	510.7780
::Onset of trial expected: 511 recorded: 511.0274 ::
trial	511.0274
::Onset of iti expected: 512.5 recorded: 512.528 ::
iti	512.5280
::Onset of trial expected: 512.75 recorded: 512.7777 ::
trial	512.7777
::Onset of iti expected: 514.25 recorded: 514.2779 ::
iti	514.2779
::Onset of rest expected: 514.5 recorded: 514.5285 ::
rest	514.5285
::Onset of cue expected: 526.5 recorded: 526.5303 ::
cue	526.5303
::Onset of trial expected: 527 recorded: 527.0308 ::
trial	527.0308
::Onset of iti expected: 528.5 recorded: 528.5305 ::
iti	528.5305
::Onset of trial expected: 528.75 recorded: 528.7801 ::
trial	528.7801
::Onset of iti expected: 530.25 recorded: 530.2807 ::
iti	530.2807
::Onset of trial expected: 530.5 recorded: 530.5312 ::
trial	530.5312
::Onset of iti expected: 532 recorded: 532.0309 ::
iti	532.0309
::Onset of trial expected: 532.25 recorded: 532.2814 ::
trial	532.2814
::Onset of iti expected: 533.75 recorded: 533.7816 ::
iti	533.7816
::Onset of trial expected: 534 recorded: 534.0315 ::
trial	534.0315
::Onset of iti expected: 535.5 recorded: 535.5312 ::
iti	535.5312
::Onset of trial expected: 535.75 recorded: 535.782 ::
trial	535.7820
::Onset of iti expected: 537.25 recorded: 537.2818 ::
iti	537.2818
::Onset of trial expected: 537.5 recorded: 537.5315 ::
trial	537.5315
::Onset of iti expected: 539 recorded: 539.0323 ::
iti	539.0323
::Onset of trial expected: 539.25 recorded: 539.2816 ::
trial	539.2816
::Onset of iti expected: 540.75 recorded: 540.7824 ::
iti	540.7824
::Onset of trial expected: 541 recorded: 541.0327 ::
trial	541.0327
::Onset of iti expected: 542.5 recorded: 542.5319 ::
iti	542.5319
::Onset of trial expected: 542.75 recorded: 542.7824 ::
trial	542.7824
::Onset of iti expected: 544.25 recorded: 544.2832 ::
iti	544.2832
::Onset of trial expected: 544.5 recorded: 544.5327 ::
trial	544.5327
::Onset of iti expected: 546 recorded: 546.033 ::
iti	546.0330
::Onset of trial expected: 546.25 recorded: 546.2664 ::
trial	546.2664
::Onset of iti expected: 547.75 recorded: 547.7838 ::
iti	547.7838
::Onset of trial expected: 548 recorded: 548.0167 ::
trial	548.0167
::Onset of iti expected: 549.5 recorded: 549.5338 ::
iti	549.5338
::Onset of trial expected: 549.75 recorded: 549.7837 ::
trial	549.7837
::Onset of iti expected: 551.25 recorded: 551.2672 ::
iti	551.2672
::Onset of trial expected: 551.5 recorded: 551.5173 ::
trial	551.5173
::Onset of iti expected: 553 recorded: 553.0177 ::
iti	553.0177
::Onset of trial expected: 553.25 recorded: 553.2681 ::
trial	553.2681
::Onset of iti expected: 554.75 recorded: 554.7677 ::
iti	554.7677
::Onset of rest expected: 555 recorded: 555.018 ::
rest	555.0180
::Onset of cue expected: 567 recorded: 567.0195 ::
cue	567.0195
::Onset of trial expected: 567.5 recorded: 567.5196 ::
trial	567.5196
::Onset of iti expected: 569 recorded: 569.0195 ::
iti	569.0195
::Onset of trial expected: 569.25 recorded: 569.2693 ::
trial	569.2693
::Onset of iti expected: 570.75 recorded: 570.7697 ::
iti	570.7697
::Onset of trial expected: 571 recorded: 571.0198 ::
trial	571.0198
::Onset of iti expected: 572.5 recorded: 572.5206 ::
iti	572.5206
::Onset of trial expected: 572.75 recorded: 572.77 ::
trial	572.7700
::Onset of iti expected: 574.25 recorded: 574.2706 ::
iti	574.2706
::Onset of trial expected: 574.5 recorded: 574.5201 ::
trial	574.5201
::Onset of iti expected: 576 recorded: 576.0215 ::
iti	576.0215
::Onset of trial expected: 576.25 recorded: 576.2712 ::
trial	576.2712
::Onset of iti expected: 577.75 recorded: 577.7715 ::
iti	577.7715
::Onset of trial expected: 578 recorded: 578.0212 ::
trial	578.0212
::Onset of iti expected: 579.5 recorded: 579.522 ::
iti	579.5220
::Onset of trial expected: 579.75 recorded: 579.7713 ::
trial	579.7713
::Onset of iti expected: 581.25 recorded: 581.2714 ::
iti	581.2714
::Onset of trial expected: 581.5 recorded: 581.5222 ::
trial	581.5222
::Onset of iti expected: 583 recorded: 583.0225 ::
iti	583.0225
::Onset of trial expected: 583.25 recorded: 583.2723 ::
trial	583.2723
::Onset of iti expected: 584.75 recorded: 584.7726 ::
iti	584.7726
::Onset of trial expected: 585 recorded: 585.0228 ::
trial	585.0228
::Onset of iti expected: 586.5 recorded: 586.5232 ::
iti	586.5232
::Onset of trial expected: 586.75 recorded: 586.7725 ::
trial	586.7725
::Onset of iti expected: 588.25 recorded: 588.2732 ::
iti	588.2732
::Onset of trial expected: 588.5 recorded: 588.5224 ::
trial	588.5224
::Onset of iti expected: 590 recorded: 590.0237 ::
iti	590.0237
::Onset of trial expected: 590.25 recorded: 590.2733 ::
trial	590.2733
::Onset of iti expected: 591.75 recorded: 591.7731 ::
iti	591.7731
::Onset of trial expected: 592 recorded: 592.0237 ::
trial	592.0237
::Onset of iti expected: 593.5 recorded: 593.5231 ::
iti	593.5231
::Onset of trial expected: 593.75 recorded: 593.7739 ::
trial	593.7739
::Onset of iti expected: 595.25 recorded: 595.2742 ::
iti	595.2742
::Onset of rest expected: 595.5 recorded: 595.5244 ::
rest	595.5244
::Onset of cue expected: 607.5 recorded: 607.5258 ::
cue	607.5258
::Onset of trial expected: 608 recorded: 608.026 ::
trial	608.0260
::Onset of iti expected: 609.5 recorded: 609.5262 ::
iti	609.5262
::Onset of trial expected: 609.75 recorded: 609.7764 ::
trial	609.7764
::Onset of iti expected: 611.25 recorded: 611.2765 ::
iti	611.2765
::Onset of trial expected: 611.5 recorded: 611.5258 ::
trial	611.5258
::Onset of iti expected: 613 recorded: 613.0265 ::
iti	613.0265
::Onset of trial expected: 613.25 recorded: 613.2764 ::
trial	613.2764
::Onset of iti expected: 614.75 recorded: 614.7775 ::
iti	614.7775
::Onset of trial expected: 615 recorded: 615.0267 ::
trial	615.0267
::Onset of iti expected: 616.5 recorded: 616.5275 ::
iti	616.5275
::Onset of trial expected: 616.75 recorded: 616.7767 ::
trial	616.7767
::Onset of iti expected: 618.25 recorded: 618.2774 ::
iti	618.2774
::Onset of trial expected: 618.5 recorded: 618.5277 ::
trial	618.5277
::Onset of iti expected: 620 recorded: 620.0279 ::
iti	620.0279
::Onset of trial expected: 620.25 recorded: 620.278 ::
trial	620.2780
::Onset of iti expected: 621.75 recorded: 621.7784 ::
iti	621.7784
::Onset of trial expected: 622 recorded: 622.0281 ::
trial	622.0281
::Onset of iti expected: 623.5 recorded: 623.5285 ::
iti	623.5285
::Onset of trial expected: 623.75 recorded: 623.7782 ::
trial	623.7782
::Onset of iti expected: 625.25 recorded: 625.278 ::
iti	625.2780
::Onset of trial expected: 625.5 recorded: 625.5282 ::
trial	625.5282
::Onset of iti expected: 627 recorded: 627.0291 ::
iti	627.0291
::Onset of trial expected: 627.25 recorded: 627.2783 ::
trial	627.2783
::Onset of iti expected: 628.75 recorded: 628.7793 ::
iti	628.7793
::Onset of trial expected: 629 recorded: 629.029 ::
trial	629.0290
::Onset of iti expected: 630.5 recorded: 630.5296 ::
iti	630.5296
::Onset of trial expected: 630.75 recorded: 630.7798 ::
trial	630.7798
::Onset of iti expected: 632.25 recorded: 632.2801 ::
iti	632.2801
::Onset of trial expected: 632.5 recorded: 632.5292 ::
trial	632.5292
::Onset of iti expected: 634 recorded: 634.0305 ::
iti	634.0305
::Onset of trial expected: 634.25 recorded: 634.2799 ::
trial	634.2799
::Onset of iti expected: 635.75 recorded: 635.7807 ::
iti	635.7807
::Onset of rest expected: 636 recorded: 636.0305 ::
rest	636.0305
::Onset of cue expected: 648 recorded: 648.0317 ::
cue	648.0317
::Onset of trial expected: 648.5 recorded: 648.5322 ::
trial	648.5322
::Onset of iti expected: 650 recorded: 650.0328 ::
iti	650.0328
::Onset of trial expected: 650.25 recorded: 650.2824 ::
trial	650.2824
::Onset of iti expected: 651.75 recorded: 651.7822 ::
iti	651.7822
::Onset of trial expected: 652 recorded: 652.0332 ::
trial	652.0332
::Onset of iti expected: 653.5 recorded: 653.5326 ::
iti	653.5326
::Onset of trial expected: 653.75 recorded: 653.7835 ::
trial	653.7835
::Onset of iti expected: 655.25 recorded: 655.2833 ::
iti	655.2833
::Onset of trial expected: 655.5 recorded: 655.5336 ::
trial	655.5336
::Onset of iti expected: 657 recorded: 657.0166 ::
iti	657.0166
::Onset of trial expected: 657.25 recorded: 657.2838 ::
trial	657.2838
::Onset of iti expected: 658.75 recorded: 658.7664 ::
iti	658.7664
::Onset of trial expected: 659 recorded: 659.0163 ::
trial	659.0163
::Onset of iti expected: 660.5 recorded: 660.5173 ::
iti	660.5173
::Onset of trial expected: 660.75 recorded: 660.7676 ::
trial	660.7676
::Onset of iti expected: 662.25 recorded: 662.2675 ::
iti	662.2675
::Onset of trial expected: 662.5 recorded: 662.5179 ::
trial	662.5179
::Onset of iti expected: 664 recorded: 664.0184 ::
iti	664.0184
::Onset of trial expected: 664.25 recorded: 664.268 ::
trial	664.2680
::Onset of iti expected: 665.75 recorded: 665.7685 ::
iti	665.7685
::Onset of trial expected: 666 recorded: 666.0187 ::
trial	666.0187
::Onset of iti expected: 667.5 recorded: 667.5189 ::
iti	667.5189
::Onset of trial expected: 667.75 recorded: 667.768 ::
trial	667.7680
::Onset of iti expected: 669.25 recorded: 669.2689 ::
iti	669.2689
::Onset of trial expected: 669.5 recorded: 669.5181 ::
trial	669.5181
::Onset of iti expected: 671 recorded: 671.0191 ::
iti	671.0191
::Onset of trial expected: 671.25 recorded: 671.2687 ::
trial	671.2687
::Onset of iti expected: 672.75 recorded: 672.7697 ::
iti	672.7697
::Onset of trial expected: 673 recorded: 673.0198 ::
trial	673.0198
::Onset of iti expected: 674.5 recorded: 674.52 ::
iti	674.5200
::Onset of trial expected: 674.75 recorded: 674.7695 ::
trial	674.7695
::Onset of iti expected: 676.25 recorded: 676.2694 ::
iti	676.2694
::Onset of rest expected: 676.5 recorded: 676.5193 ::
rest	676.5193
::Onset of cue expected: 688.5 recorded: 688.522 ::
cue	688.5220
::Onset of trial expected: 689 recorded: 689.0212 ::
trial	689.0212
::Onset of iti expected: 690.5 recorded: 690.5218 ::
iti	690.5218
::Onset of trial expected: 690.75 recorded: 690.7714 ::
trial	690.7714
::Onset of iti expected: 692.25 recorded: 692.2717 ::
iti	692.2717
::Onset of trial expected: 692.5 recorded: 692.5224 ::
trial	692.5224
::Onset of iti expected: 694 recorded: 694.0223 ::
iti	694.0223
::Onset of trial expected: 694.25 recorded: 694.273 ::
trial	694.2730
::Onset of iti expected: 695.75 recorded: 695.773 ::
iti	695.7730
::Onset of trial expected: 696 recorded: 696.023 ::
trial	696.0230
::Onset of iti expected: 697.5 recorded: 697.5233 ::
iti	697.5233
::Onset of trial expected: 697.75 recorded: 697.7726 ::
trial	697.7726
::Onset of iti expected: 699.25 recorded: 699.2735 ::
iti	699.2735
::Onset of trial expected: 699.5 recorded: 699.5226 ::
trial	699.5226
::Onset of iti expected: 701 recorded: 701.024 ::
iti	701.0240
::Onset of trial expected: 701.25 recorded: 701.2736 ::
trial	701.2736
::Onset of iti expected: 702.75 recorded: 702.7736 ::
iti	702.7736
::Onset of trial expected: 703 recorded: 703.0242 ::
trial	703.0242
::Onset of iti expected: 704.5 recorded: 704.5241 ::
iti	704.5241
::Onset of trial expected: 704.75 recorded: 704.7739 ::
trial	704.7739
::Onset of iti expected: 706.25 recorded: 706.2746 ::
iti	706.2746
::Onset of trial expected: 706.5 recorded: 706.5234 ::
trial	706.5234
::Onset of iti expected: 708 recorded: 708.0249 ::
iti	708.0249
::Onset of trial expected: 708.25 recorded: 708.2744 ::
trial	708.2744
::Onset of iti expected: 709.75 recorded: 709.7745 ::
iti	709.7745
::Onset of trial expected: 710 recorded: 710.0244 ::
trial	710.0244
::Onset of iti expected: 711.5 recorded: 711.5256 ::
iti	711.5256
::Onset of trial expected: 711.75 recorded: 711.7748 ::
trial	711.7748
::Onset of iti expected: 713.25 recorded: 713.2755 ::
iti	713.2755
::Onset of trial expected: 713.5 recorded: 713.5258 ::
trial	713.5258
::Onset of iti expected: 715 recorded: 715.0258 ::
iti	715.0258
::Onset of trial expected: 715.25 recorded: 715.2751 ::
trial	715.2751
::Onset of iti expected: 716.75 recorded: 716.7764 ::
iti	716.7764
::Onset of rest expected: 717 recorded: 717.0265 ::
rest	717.0265
::Onset of cue expected: 729 recorded: 729.0273 ::
cue	729.0273
::Onset of trial expected: 729.5 recorded: 729.5274 ::
trial	729.5274
::Onset of iti expected: 731 recorded: 731.0281 ::
iti	731.0281
::Onset of trial expected: 731.25 recorded: 731.2782 ::
trial	731.2782
::Onset of iti expected: 732.75 recorded: 732.7777 ::
iti	732.7777
::Onset of trial expected: 733 recorded: 733.0281 ::
trial	733.0281
::Onset of iti expected: 734.5 recorded: 734.5281 ::
iti	734.5281
::Onset of trial expected: 734.75 recorded: 734.7782 ::
trial	734.7782
::Onset of iti expected: 736.25 recorded: 736.2789 ::
iti	736.2789
::Onset of trial expected: 736.5 recorded: 736.5287 ::
trial	736.5287
::Onset of iti expected: 738 recorded: 738.0294 ::
iti	738.0294
::Onset of trial expected: 738.25 recorded: 738.2785 ::
trial	738.2785
::Onset of iti expected: 739.75 recorded: 739.7794 ::
iti	739.7794
::Onset of trial expected: 740 recorded: 740.0294 ::
trial	740.0294
::Onset of iti expected: 741.5 recorded: 741.5297 ::
iti	741.5297
::Onset of trial expected: 741.75 recorded: 741.7792 ::
trial	741.7792
::Onset of iti expected: 743.25 recorded: 743.2802 ::
iti	743.2802
::Onset of trial expected: 743.5 recorded: 743.5299 ::
trial	743.5299
::Onset of iti expected: 745 recorded: 745.0307 ::
iti	745.0307
::Onset of trial expected: 745.25 recorded: 745.2798 ::
trial	745.2798
::Onset of iti expected: 746.75 recorded: 746.7802 ::
iti	746.7802
::Onset of trial expected: 747 recorded: 747.0301 ::
trial	747.0301
::Onset of iti expected: 748.5 recorded: 748.5303 ::
iti	748.5303
::Onset of trial expected: 748.75 recorded: 748.7809 ::
trial	748.7809
::Onset of iti expected: 750.25 recorded: 750.2807 ::
iti	750.2807
::Onset of trial expected: 750.5 recorded: 750.5307 ::
trial	750.5307
::Onset of iti expected: 752 recorded: 752.0314 ::
iti	752.0314
::Onset of trial expected: 752.25 recorded: 752.2811 ::
trial	752.2811
::Onset of iti expected: 753.75 recorded: 753.7814 ::
iti	753.7814
::Onset of trial expected: 754 recorded: 754.031 ::
trial	754.0310
::Onset of iti expected: 755.5 recorded: 755.5312 ::
iti	755.5312
::Onset of trial expected: 755.75 recorded: 755.7813 ::
trial	755.7813
::Onset of iti expected: 757.25 recorded: 757.2823 ::
iti	757.2823
::Onset of rest expected: 757.5 recorded: 757.532 ::
rest	757.5320
::Onset of cue expected: 769.5 recorded: 769.5176 ::
cue	769.5176
::Onset of trial expected: 770 recorded: 770.0174 ::
trial	770.0174
::Onset of iti expected: 771.5 recorded: 771.518 ::
iti	771.5180
::Onset of trial expected: 771.75 recorded: 771.7672 ::
trial	771.7672
::Onset of iti expected: 773.25 recorded: 773.2679 ::
iti	773.2679
::Onset of trial expected: 773.5 recorded: 773.5184 ::
trial	773.5184
::Onset of iti expected: 775 recorded: 775.0182 ::
iti	775.0182
::Onset of trial expected: 775.25 recorded: 775.2681 ::
trial	775.2681
::Onset of iti expected: 776.75 recorded: 776.7684 ::
iti	776.7684
::Onset of trial expected: 777 recorded: 777.0185 ::
trial	777.0185
::Onset of iti expected: 778.5 recorded: 778.5183 ::
iti	778.5183
::Onset of trial expected: 778.75 recorded: 778.7693 ::
trial	778.7693
::Onset of iti expected: 780.25 recorded: 780.2685 ::
iti	780.2685
::Onset of trial expected: 780.5 recorded: 780.5186 ::
trial	780.5186
::Onset of iti expected: 782 recorded: 782.0193 ::
iti	782.0193
::Onset of trial expected: 782.25 recorded: 782.2691 ::
trial	782.2691
::Onset of iti expected: 783.75 recorded: 783.7697 ::
iti	783.7697
::Onset of trial expected: 784 recorded: 784.02 ::
trial	784.0200
::Onset of iti expected: 785.5 recorded: 785.5199 ::
iti	785.5199
::Onset of trial expected: 785.75 recorded: 785.7692 ::
trial	785.7692
::Onset of iti expected: 787.25 recorded: 787.2697 ::
iti	787.2697
::Onset of trial expected: 787.5 recorded: 787.5198 ::
trial	787.5198
::Onset of iti expected: 789 recorded: 789.0199 ::
iti	789.0199
::Onset of trial expected: 789.25 recorded: 789.2705 ::
trial	789.2705
::Onset of iti expected: 790.75 recorded: 790.7709 ::
iti	790.7709
::Onset of trial expected: 791 recorded: 791.0209 ::
trial	791.0209
::Onset of iti expected: 792.5 recorded: 792.5214 ::
iti	792.5214
::Onset of trial expected: 792.75 recorded: 792.7709 ::
trial	792.7709
::Onset of iti expected: 794.25 recorded: 794.2707 ::
iti	794.2707
::Onset of trial expected: 794.5 recorded: 794.5206 ::
trial	794.5206
::Onset of iti expected: 796 recorded: 796.021 ::
iti	796.0210
::Onset of trial expected: 796.25 recorded: 796.2714 ::
trial	796.2714
::Onset of iti expected: 797.75 recorded: 797.7721 ::
iti	797.7721
::Onset of rest expected: 798 recorded: 798.0214 ::
rest	798.0214
::Post-Test started at 08-Jan-2013 18:01:23, with machine clock reading 32244.4955.::
::Post text question started at 08-Jan-2013 18:01:23, with machine clock reading 32244.4955.::
LeftShift	818.0077
s	818.1247
o	820.1749
m	820.2249
e	820.3419
t	820.8322
i	820.9816
m	821.0482
e	821.1815
s	821.2321
space	821.8376
LeftShift	822.0324
i	822.0983
space	822.2157
c	822.3990
o	822.4984
u	822.5322
l	823.0990
d	823.1981
space	823.3317
p	823.6318
r	823.7493
e	823.7819
d	824.2821
i	824.4490
c	824.5323
t	824.7717
space	824.8929
w	825.0429
h	825.1520
e	825.2655
r	825.3155
e	825.4494
space	825.5822
t	827.1828
h	827.2997
e	827.3832
n	827.6329
DELETE	827.9994
space	828.0833
n	828.2327
e	828.3061
x	829.1658
t	829.5166
space	832.1340
t	832.2174
a	832.3833
r	832.4340
g	835.0341
e	835.1840
t	835.2847
space	835.4011
w	835.6003
o	835.7729
u	835.7945
l	835.9842
d	836.0846
space	836.5849
b	836.7513
e	836.8447
.>	837.5843
space	837.6680
i	845.0189
f	845.0353
DELETE	848.3434
t	848.6863
space	850.0862
w	850.2360
a	850.3359
s	850.4526
space	850.5861
o	850.9631
f	851.0369
t	851.2371
e	851.3033
n	851.4696
space	851.5868
a	851.9794
c	852.2032
r	852.3874
o	852.4863
s	852.6035
s	852.7864
space	852.8800
p	853.2531
r	853.3532
o	853.4701
DELETE	853.9198
DELETE	854.1039
DELETE	854.2377
f	854.3096
r	854.4803
o	854.5707
m	854.6376
space	854.7372
t	854.8531
h	854.9364
e	855.0376
space	855.1204
p	855.2700
r	855.3272
e	855.3969
v	855.6375
i	855.8198
o	855.9373
u	856.0032
s	856.0870
space	856.5033
t	856.6374
r	856.8203
i	856.9212
a	857.0211
l	857.4314
.>	859.2660
space	859.3657
a	859.5991
l	859.6811
s	859.8486
o	859.8992
,<	860.1491
space	860.2650
a	860.4147
t	860.4977
space	860.6150
t	860.6817
h	860.7649
e	860.8980
space	860.9813
b	861.2155
e	861.2812
g	861.5651
i	861.6815
n	861.8485
n	862.0480
i	862.2147
n	862.2488
g	862.3655
space	864.0315
o	864.1485
f	864.2153
space	864.3825
e	864.5320
a	864.5987
c	864.7500
h	864.8316
space	864.9339
b	865.1658
l	865.2659
o	865.4674
g	865.6482
DELETE	866.2327
c	866.3493
k	866.4674
,<	866.7319
space	866.8657
t	871.1328
h	871.1328
e	871.2349
space	871.3516
t	871.5168
a	871.9328
r	872.0189
g	872.5357
e	872.7022
t	872.7997
s	873.0170
space	879.4509
h	879.5674
a	879.6844
d	879.7517
space	879.9510
s	881.3678
p	881.4345
e	881.5683
f	881.8345
i	881.9345
c	882.0688
i	882.2357
DELETE	883.1021
DELETE	883.5188
DELETE	884.4181
DELETE	884.6189
c	884.9041
i	885.3024
f	885.3694
i	885.5020
c	885.6015
space	885.8025
p	886.2027
a	886.2684
t	886.3691
t	886.5350
e	886.6684
r	886.7360
n	886.9694
s	887.1351
space	887.3022
t	887.4352
h	887.5360
e	887.6024
y	887.7355
space	888.7199
w	888.8196
o	888.9190
u	888.9522
DELETE	889.3193
DELETE	889.5192
DELETE	889.6859
DELETE	890.5860
DELETE	890.7866
DELETE	890.9527
DELETE	892.6194
DELETE	892.8527
f	893.9371
o	894.0367
r	894.1364
space	894.2702
t	894.3362
h	894.4196
e	894.5538
space	894.6196
f	896.3866
i	896.5539
r	897.0539
s	897.2207
t	897.3866
space	897.5206
4$	898.1212
space	898.2539
t	901.5372
r	901.7546
i	901.8547
a	901.9711
l	902.0708
s	902.1706
.>	906.3222
.>	906.4558
.>	906.6220
space	906.7559
i	906.8890
space	906.9887
t	907.1222
h	907.1887
i	907.2556
n	907.4220
k	907.4893
space	907.6218
t	907.7886
h	907.9226
e	907.9883
r	908.0893
e	908.1894
space	908.2893
DELETE	911.3564
DELETE	912.4897
DELETE	912.6561
DELETE	912.8225
DELETE	912.9564
DELETE	913.0898
DELETE	913.2560
DELETE	913.4227
DELETE	913.5558
DELETE	913.7233
DELETE	914.0559
DELETE	914.2225
DELETE	914.4227
DELETE	914.8236
t	915.0562
h	915.1902
e	915.2894
r	915.3568
e	915.4560
space	915.5564
m	915.7237
i	915.8565
g	915.9896
h	916.0563
t	916.1564
space	916.2562
h	916.4239
a	916.4563
v	916.5565
e	916.6563
space	916.7896
b	916.8896
e	916.9902
e	917.1564
n	917.2238
space	917.2903
2@	919.5576
.>	919.8569
space	919.9574
DELETE	920.5244
DELETE	920.7245
RightShift	921.4249
;:	921.4579
space	921.7573
DELETE	922.6906
DELETE	923.3242
2@	924.2248
.>	924.4585
space	924.5589
i	924.7251
DELETE	925.3244
o	926.6249
n	926.6919
e	926.7920
DELETE	928.9585
DELETE	929.1594
DELETE	929.3256
DELETE	929.5254
DELETE	930.1921
DELETE	931.4256
DELETE	931.5920
DELETE	931.7925
DELETE	931.9588
DELETE	932.1263
DELETE	932.2597
DELETE	932.5594
DELETE	932.6923
DELETE	932.8589
DELETE	933.0264
DELETE	933.1923
DELETE	933.3600
DELETE	933.5590
DELETE	933.7257
DELETE	933.8923
DELETE	934.0931
DELETE	934.3599
DELETE	934.5267
DELETE	934.7593
DELETE	935.0261
y	935.8925
'"	937.7597
d	937.8600
space	938.0262
u	938.1606
s	938.3269
u	938.5942
a	938.9939
l	939.0604
l	939.2604
y	939.4275
space	939.5271
a	939.7602
l	939.8936
DELETE	940.9607
DELETE	941.1601
g	944.6615
o	944.7279
space	944.8614
c	945.0941
l	945.1613
o	945.3279
c	945.4285
k	945.5278
w	946.0948
i	946.1615
s	946.2950
e	946.3944
.>	967.3981
space	967.4310
i	969.4643
f	969.5316
space	969.6311
t	969.7648
h	969.8313
e	969.9649
y	970.0317
space	970.1316
d	970.3311
i	970.3978
d	970.5321
n	970.5985
'"	971.0654
t	971.1983
space	971.3652
g	971.8654
o	971.9649
space	972.4658
c	973.0991
l	973.1650
o	973.3321
c	973.4318
k	973.4987
w	973.9657
i	974.0655
s	974.1989
e	974.2995
,<	974.4328
space	974.5328
i	977.7991
space	977.9327
c	978.0328
o	978.1329
u	978.1329
l	978.3330
d	978.3997
n	978.4997
'"	978.5993
t	978.6996
space	979.0659
p	979.2333
r	979.3330
e	979.3996
d	979.7666
i	979.9002
c	979.9664
t	980.1662
space	980.2667
t	980.4002
h	980.4662
e	980.5995
space	980.7001
r	980.8668
e	980.9328
s	981.2003
t	981.2665
space	981.3665
o	981.4994
f	981.6001
space	981.6999
t	981.8002
i	981.9338
DELETE	982.2673
h	982.5672
e	982.6667
space	982.7998
t	982.9332
r	983.1003
i	983.1675
a	983.3336
l	983.4001
space	983.5001
o	983.8676
DELETE	984.4338
l	984.7002
o	984.9008
c	984.9671
a	985.0675
t	985.3340
i	985.4337
o	985.5006
n	985.6013
s	985.7337
space	985.9007
a	986.0680
s	986.1676
space	986.3347
e	986.5338
f	986.7010
f	986.8677
e	986.9008
c	987.1006
t	987.3342
i	987.4342
v	987.5683
e	987.7013
l	987.8015
y	988.0009
.>	988.2675
space	992.5347
o	993.5358
n	993.6014
space	993.7016
DELETE	994.1681
DELETE	994.3356
DELETE	994.5016
o	996.0686
n	996.1684
space	996.2693
t	996.3692
h	996.4696
e	996.5360
space	996.8359
s	998.5358
q	998.9026
u	999.0357
a	999.1359
r	999.3697
e	999.4357
space	1004.2702
b	1004.4030
l	1004.4698
o	1004.8036
c	1004.9701
k	1005.0707
s	1005.2367
,<	1005.3039
space	1005.4369
i	1007.3706
space	1007.4704
w	1007.5377
a	1007.6706
s	1007.7043
space	1007.8705
t	1008.1045
o	1008.1374
o	1008.3037
space	1008.4378
b	1008.6374
o	1008.7039
DELETE	1009.0714
u	1009.3710
DELETE	1009.7713
DELETE	1009.9710
DELETE	1010.1043
DELETE	1010.2715
DELETE	1010.4049
DELETE	1010.5707
DELETE	1010.7042
DELETE	1010.8716
DELETE	1011.0384
DELETE	1011.2051
d	1011.6709
i	1011.7382
d	1011.8717
n	1012.0378
'"	1012.2383
t	1012.3712
space	1012.4712
n	1012.6381
o	1013.2046
t	1013.3049
i	1013.4050
c	1013.5383
e	1013.6714
space	1013.7714
a	1014.8723
n	1014.9384
y	1015.1047
t	1015.2053
h	1015.3050
i	1015.3714
n	1015.5382
g	1015.6051
,<	1015.8723
space	1015.9716
w	1016.1056
a	1016.1721
s	1016.2722
space	1016.4392
t	1016.7055
o	1016.7725
DELETE	1017.2060
DELETE	1017.3723
DELETE	1017.5390
DELETE	1017.7054
DELETE	1017.8718
DELETE	1018.0390
DELETE	1018.2061
DELETE	1018.3725
.>	1018.9725
space	1019.1056
t	1019.2723
o	1019.3396
o	1019.5059
space	1019.6057
b	1019.7729
u	1019.8724
s	1020.0393
y	1020.1390
space	1020.2390
f	1020.5726
r	1020.8057
e	1020.8398
a	1020.9056
k	1021.0058
i	1021.2061
n	1021.2390
g	1021.3728
space	1021.4725
o	1021.6063
u	1021.6733
t	1021.7392
.>	1022.0062
Return	1022.8065
::Post numerical sequence started at 08-Jan-2013 18:04:56, with machine clock reading 32244.4955.::
::Post movement (non-forced) sequence started at 08-Jan-2013 18:06:06, with machine clock reading 32244.4955.::
::Post movement (forced) sequence started at 08-Jan-2013 18:06:27, with machine clock reading 32244.4955.::
