::Queue started at 14-Jan-2013 11:35:40, with machine clock reading 174451.9925.::
::Experiment started at 14-Jan-2013 11:36:38, with machine clock reading 174510.1593.::
::TTL #1 expected: 0 recorded: 0 ::
=+	349020.2717
::Onset of cue expected: 0 recorded: 0.020743 ::
cue	0.0207
::Onset of trial expected: 0.5 recorded: 0.68855 ::
trial	0.6886
::Onset of iti expected: 2 recorded: 2.0219 ::
iti	2.0219
::Onset of trial expected: 2.25 recorded: 2.2662 ::
trial	2.2662
::Onset of iti expected: 3.75 recorded: 3.7833 ::
iti	3.7833
::Onset of trial expected: 4 recorded: 4.0337 ::
trial	4.0337
::Onset of iti expected: 5.5 recorded: 5.5215 ::
iti	5.5215
::Onset of trial expected: 5.75 recorded: 5.772 ::
trial	5.7720
::Onset of iti expected: 7.25 recorded: 7.2718 ::
iti	7.2718
::Onset of trial expected: 7.5 recorded: 7.5219 ::
trial	7.5219
::Onset of iti expected: 9 recorded: 9.0228 ::
iti	9.0228
::Onset of trial expected: 9.25 recorded: 9.2726 ::
trial	9.2726
::Onset of iti expected: 10.75 recorded: 10.7731 ::
iti	10.7731
::Onset of trial expected: 11 recorded: 11.0229 ::
trial	11.0229
::Onset of iti expected: 12.5 recorded: 12.5226 ::
iti	12.5226
::Onset of trial expected: 12.75 recorded: 12.7731 ::
trial	12.7731
::Onset of iti expected: 14.25 recorded: 14.2731 ::
iti	14.2731
::Onset of trial expected: 14.5 recorded: 14.5233 ::
trial	14.5233
::Onset of iti expected: 16 recorded: 16.0233 ::
iti	16.0233
::Onset of trial expected: 16.25 recorded: 16.2732 ::
trial	16.2732
::Onset of iti expected: 17.75 recorded: 17.7732 ::
iti	17.7732
::Onset of trial expected: 18 recorded: 18.024 ::
trial	18.0240
::Onset of iti expected: 19.5 recorded: 19.5241 ::
iti	19.5241
::Onset of trial expected: 19.75 recorded: 19.7743 ::
trial	19.7743
::Onset of iti expected: 21.25 recorded: 21.2695 ::
iti	21.2695
::Onset of trial expected: 21.5 recorded: 21.5199 ::
trial	21.5199
::Onset of iti expected: 23 recorded: 23.0247 ::
iti	23.0247
::Onset of trial expected: 23.25 recorded: 23.2736 ::
trial	23.2736
::Onset of iti expected: 24.75 recorded: 24.7749 ::
iti	24.7749
::Onset of trial expected: 25 recorded: 25.0246 ::
trial	25.0246
::Onset of iti expected: 26.5 recorded: 26.5249 ::
iti	26.5249
::Onset of trial expected: 26.75 recorded: 26.7753 ::
trial	26.7753
::Onset of iti expected: 28.25 recorded: 28.2747 ::
iti	28.2747
::Onset of rest expected: 28.5 recorded: 28.5591 ::
rest	28.5591
::Onset of cue expected: 40.5 recorded: 40.5268 ::
cue	40.5268
::Onset of trial expected: 41 recorded: 41.0437 ::
trial	41.0437
::Onset of iti expected: 42.5 recorded: 42.5269 ::
iti	42.5269
::Onset of trial expected: 42.75 recorded: 42.777 ::
trial	42.7770
::Onset of iti expected: 44.25 recorded: 44.2779 ::
iti	44.2779
::Onset of trial expected: 44.5 recorded: 44.5274 ::
trial	44.5274
::Onset of iti expected: 46 recorded: 46.0279 ::
iti	46.0279
::Onset of trial expected: 46.25 recorded: 46.2778 ::
trial	46.2778
::Onset of iti expected: 47.75 recorded: 47.7781 ::
iti	47.7781
::Onset of trial expected: 48 recorded: 48.0287 ::
trial	48.0287
::Onset of iti expected: 49.5 recorded: 49.5282 ::
iti	49.5282
::Onset of trial expected: 49.75 recorded: 49.7789 ::
trial	49.7789
::Onset of iti expected: 51.25 recorded: 51.2957 ::
iti	51.2957
::Onset of trial expected: 51.5 recorded: 51.5289 ::
trial	51.5289
::Onset of iti expected: 53 recorded: 53.0281 ::
iti	53.0281
::Onset of trial expected: 53.25 recorded: 53.2791 ::
trial	53.2791
::Onset of iti expected: 54.75 recorded: 54.7956 ::
iti	54.7956
::Onset of trial expected: 55 recorded: 55.0289 ::
trial	55.0289
::Onset of iti expected: 56.5 recorded: 56.5288 ::
iti	56.5288
::Onset of trial expected: 56.75 recorded: 56.7797 ::
trial	56.7797
::Onset of iti expected: 58.25 recorded: 58.2962 ::
iti	58.2962
::Onset of trial expected: 58.5 recorded: 58.5303 ::
trial	58.5303
::Onset of iti expected: 60 recorded: 60.0469 ::
iti	60.0469
::Onset of trial expected: 60.25 recorded: 60.2792 ::
trial	60.2792
::Onset of iti expected: 61.75 recorded: 61.7965 ::
iti	61.7965
::Onset of trial expected: 62 recorded: 62.0309 ::
trial	62.0309
::Onset of iti expected: 63.5 recorded: 63.5472 ::
iti	63.5472
::Onset of trial expected: 63.75 recorded: 63.7809 ::
trial	63.7809
::Onset of iti expected: 65.25 recorded: 65.2978 ::
iti	65.2978
::Onset of trial expected: 65.5 recorded: 65.5305 ::
trial	65.5305
::Onset of iti expected: 67 recorded: 67.0472 ::
iti	67.0472
::Onset of trial expected: 67.25 recorded: 67.2813 ::
trial	67.2813
::Onset of iti expected: 68.75 recorded: 68.7982 ::
iti	68.7982
::Onset of trial expected: 69 recorded: 69.0314 ::
trial	69.0314
::Onset of iti expected: 70.5 recorded: 70.5484 ::
iti	70.5484
::Onset of trial expected: 70.75 recorded: 70.7813 ::
trial	70.7813
::Onset of iti expected: 72.25 recorded: 72.2983 ::
iti	72.2983
::Onset of trial expected: 72.5 recorded: 72.5324 ::
trial	72.5324
::Onset of iti expected: 74 recorded: 74.0485 ::
iti	74.0485
::Onset of trial expected: 74.25 recorded: 74.282 ::
trial	74.2820
::Onset of iti expected: 75.75 recorded: 75.7994 ::
iti	75.7994
::Onset of trial expected: 76 recorded: 76.033 ::
trial	76.0330
::Onset of iti expected: 77.5 recorded: 77.549 ::
iti	77.5490
::Onset of trial expected: 77.75 recorded: 77.7826 ::
trial	77.7826
::Onset of iti expected: 79.25 recorded: 79.2992 ::
iti	79.2992
::Onset of trial expected: 79.5 recorded: 79.5325 ::
trial	79.5325
::Onset of iti expected: 81 recorded: 81.0325 ::
iti	81.0325
::Onset of trial expected: 81.25 recorded: 81.2829 ::
trial	81.2829
::Onset of iti expected: 82.75 recorded: 82.7999 ::
iti	82.7999
::Onset of trial expected: 83 recorded: 83.0336 ::
trial	83.0336
::Onset of iti expected: 84.5 recorded: 84.5331 ::
iti	84.5331
::Onset of trial expected: 84.75 recorded: 84.7671 ::
trial	84.7671
::Onset of iti expected: 86.25 recorded: 86.2834 ::
iti	86.2834
::Onset of trial expected: 86.5 recorded: 86.5167 ::
trial	86.5167
::Onset of iti expected: 88 recorded: 88.0342 ::
iti	88.0342
::Onset of trial expected: 88.25 recorded: 88.2678 ::
trial	88.2678
::Onset of iti expected: 89.75 recorded: 89.785 ::
iti	89.7850
::Onset of trial expected: 90 recorded: 90.0179 ::
trial	90.0179
::Onset of iti expected: 91.5 recorded: 91.5346 ::
iti	91.5346
::Onset of trial expected: 91.75 recorded: 91.7685 ::
trial	91.7685
::Onset of iti expected: 93.25 recorded: 93.2848 ::
iti	93.2848
::Onset of trial expected: 93.5 recorded: 93.5186 ::
trial	93.5186
::Onset of iti expected: 95 recorded: 95.0352 ::
iti	95.0352
::Onset of trial expected: 95.25 recorded: 95.2692 ::
trial	95.2692
::Onset of iti expected: 96.75 recorded: 96.7852 ::
iti	96.7852
::Onset of trial expected: 97 recorded: 97.0188 ::
trial	97.0188
::Onset of iti expected: 98.5 recorded: 98.5356 ::
iti	98.5356
::Onset of trial expected: 98.75 recorded: 98.7691 ::
trial	98.7691
::Onset of iti expected: 100.25 recorded: 100.2861 ::
iti	100.2861
::Onset of trial expected: 100.5 recorded: 100.5195 ::
trial	100.5195
::Onset of iti expected: 102 recorded: 102.0358 ::
iti	102.0358
::Onset of trial expected: 102.25 recorded: 102.27 ::
trial	102.2700
::Onset of iti expected: 103.75 recorded: 103.7872 ::
iti	103.7872
::Onset of trial expected: 104 recorded: 104.02 ::
trial	104.0200
::Onset of iti expected: 105.5 recorded: 105.537 ::
iti	105.5370
::Onset of trial expected: 105.75 recorded: 105.7698 ::
trial	105.7698
::Onset of iti expected: 107.25 recorded: 107.2874 ::
iti	107.2874
::Onset of trial expected: 107.5 recorded: 107.5211 ::
trial	107.5211
::Onset of iti expected: 109 recorded: 109.037 ::
iti	109.0370
::Onset of trial expected: 109.25 recorded: 109.2707 ::
trial	109.2707
::Onset of iti expected: 110.75 recorded: 110.7874 ::
iti	110.7874
::Onset of trial expected: 111 recorded: 111.0218 ::
trial	111.0218
::Onset of iti expected: 112.5 recorded: 112.5375 ::
iti	112.5375
::Onset of trial expected: 112.75 recorded: 112.7712 ::
trial	112.7712
::Onset of iti expected: 114.25 recorded: 114.288 ::
iti	114.2880
::Onset of trial expected: 114.5 recorded: 114.5218 ::
trial	114.5218
::Onset of iti expected: 116 recorded: 116.039 ::
iti	116.0390
::Onset of trial expected: 116.25 recorded: 116.2717 ::
trial	116.2717
::Onset of iti expected: 117.75 recorded: 117.7891 ::
iti	117.7891
::Onset of trial expected: 118 recorded: 118.0228 ::
trial	118.0228
::Onset of iti expected: 119.5 recorded: 119.5217 ::
iti	119.5217
::Onset of trial expected: 119.75 recorded: 119.7727 ::
trial	119.7727
::Onset of iti expected: 121.25 recorded: 121.2892 ::
iti	121.2892
::Onset of trial expected: 121.5 recorded: 121.5223 ::
trial	121.5223
::Onset of iti expected: 123 recorded: 123.0229 ::
iti	123.0229
::Onset of trial expected: 123.25 recorded: 123.2731 ::
trial	123.2731
::Onset of iti expected: 124.75 recorded: 124.7731 ::
iti	124.7731
::Onset of rest expected: 125 recorded: 125.0227 ::
rest	125.0227
::Onset of cue expected: 137 recorded: 137.0254 ::
cue	137.0254
::Onset of trial expected: 137.5 recorded: 137.5256 ::
trial	137.5256
::Onset of iti expected: 139 recorded: 139.0426 ::
iti	139.0426
::Onset of trial expected: 139.25 recorded: 139.2753 ::
trial	139.2753
::Onset of iti expected: 140.75 recorded: 140.7749 ::
iti	140.7749
::Onset of trial expected: 141 recorded: 141.0256 ::
trial	141.0256
::Onset of iti expected: 142.5 recorded: 142.5258 ::
iti	142.5258
::Onset of trial expected: 142.75 recorded: 142.7765 ::
trial	142.7765
::Onset of iti expected: 144.25 recorded: 144.2764 ::
iti	144.2764
::Onset of trial expected: 144.5 recorded: 144.5254 ::
trial	144.5254
::Onset of iti expected: 146 recorded: 146.0269 ::
iti	146.0269
::Onset of trial expected: 146.25 recorded: 146.2759 ::
trial	146.2759
::Onset of iti expected: 147.75 recorded: 147.7773 ::
iti	147.7773
::Onset of trial expected: 148 recorded: 148.0265 ::
trial	148.0265
::Onset of iti expected: 149.5 recorded: 149.5433 ::
iti	149.5433
::Onset of trial expected: 149.75 recorded: 149.7775 ::
trial	149.7775
::Onset of iti expected: 151.25 recorded: 151.2771 ::
iti	151.2771
::Onset of trial expected: 151.5 recorded: 151.5273 ::
trial	151.5273
::Onset of iti expected: 153 recorded: 153.0278 ::
iti	153.0278
::Onset of trial expected: 153.25 recorded: 153.2775 ::
trial	153.2775
::Onset of iti expected: 154.75 recorded: 154.7772 ::
iti	154.7772
::Onset of trial expected: 155 recorded: 155.0271 ::
trial	155.0271
::Onset of iti expected: 156.5 recorded: 156.5285 ::
iti	156.5285
::Onset of trial expected: 156.75 recorded: 156.7781 ::
trial	156.7781
::Onset of iti expected: 158.25 recorded: 158.2788 ::
iti	158.2788
::Onset of trial expected: 158.5 recorded: 158.5281 ::
trial	158.5281
::Onset of iti expected: 160 recorded: 160.0291 ::
iti	160.0291
::Onset of trial expected: 160.25 recorded: 160.2788 ::
trial	160.2788
::Onset of iti expected: 161.75 recorded: 161.7791 ::
iti	161.7791
::Onset of trial expected: 162 recorded: 162.0286 ::
trial	162.0286
::Onset of iti expected: 163.5 recorded: 163.5295 ::
iti	163.5295
::Onset of trial expected: 163.75 recorded: 163.7795 ::
trial	163.7795
::Onset of iti expected: 165.25 recorded: 165.2789 ::
iti	165.2789
::Onset of rest expected: 165.5 recorded: 165.5293 ::
rest	165.5293
::Onset of cue expected: 177.5 recorded: 177.5317 ::
cue	177.5317
::Onset of trial expected: 178 recorded: 178.0315 ::
trial	178.0315
::Onset of iti expected: 179.5 recorded: 179.5476 ::
iti	179.5476
::Onset of trial expected: 179.75 recorded: 179.7815 ::
trial	179.7815
::Onset of iti expected: 181.25 recorded: 181.2817 ::
iti	181.2817
::Onset of trial expected: 181.5 recorded: 181.5319 ::
trial	181.5319
::Onset of iti expected: 183 recorded: 183.0326 ::
iti	183.0326
::Onset of trial expected: 183.25 recorded: 183.2817 ::
trial	183.2817
::Onset of iti expected: 184.75 recorded: 184.7821 ::
iti	184.7821
::Onset of trial expected: 185 recorded: 185.0324 ::
trial	185.0324
::Onset of iti expected: 186.5 recorded: 186.5321 ::
iti	186.5321
::Onset of trial expected: 186.75 recorded: 186.7829 ::
trial	186.7829
::Onset of iti expected: 188.25 recorded: 188.2834 ::
iti	188.2834
::Onset of trial expected: 188.5 recorded: 188.5326 ::
trial	188.5326
::Onset of iti expected: 190 recorded: 190.0163 ::
iti	190.0163
::Onset of trial expected: 190.25 recorded: 190.2667 ::
trial	190.2667
::Onset of iti expected: 191.75 recorded: 191.7665 ::
iti	191.7665
::Onset of trial expected: 192 recorded: 192.0167 ::
trial	192.0167
::Onset of iti expected: 193.5 recorded: 193.5166 ::
iti	193.5166
::Onset of trial expected: 193.75 recorded: 193.767 ::
trial	193.7670
::Onset of iti expected: 195.25 recorded: 195.2672 ::
iti	195.2672
::Onset of trial expected: 195.5 recorded: 195.5169 ::
trial	195.5169
::Onset of iti expected: 197 recorded: 197.0345 ::
iti	197.0345
::Onset of trial expected: 197.25 recorded: 197.2676 ::
trial	197.2676
::Onset of iti expected: 198.75 recorded: 198.7678 ::
iti	198.7678
::Onset of trial expected: 199 recorded: 199.0179 ::
trial	199.0179
::Onset of iti expected: 200.5 recorded: 200.5186 ::
iti	200.5186
::Onset of trial expected: 200.75 recorded: 200.7685 ::
trial	200.7685
::Onset of iti expected: 202.25 recorded: 202.2683 ::
iti	202.2683
::Onset of trial expected: 202.5 recorded: 202.5183 ::
trial	202.5183
::Onset of iti expected: 204 recorded: 204.0189 ::
iti	204.0189
::Onset of trial expected: 204.25 recorded: 204.269 ::
trial	204.2690
::Onset of iti expected: 205.75 recorded: 205.7685 ::
iti	205.7685
::Onset of trial expected: 206 recorded: 206.0191 ::
trial	206.0191
::Onset of iti expected: 207.5 recorded: 207.5198 ::
iti	207.5198
::Onset of trial expected: 207.75 recorded: 207.7687 ::
trial	207.7687
::Onset of iti expected: 209.25 recorded: 209.2692 ::
iti	209.2692
::Onset of trial expected: 209.5 recorded: 209.5195 ::
trial	209.5195
::Onset of iti expected: 211 recorded: 211.0198 ::
iti	211.0198
::Onset of trial expected: 211.25 recorded: 211.2694 ::
trial	211.2694
::Onset of iti expected: 212.75 recorded: 212.7703 ::
iti	212.7703
::Onset of trial expected: 213 recorded: 213.0202 ::
trial	213.0202
::Onset of iti expected: 214.5 recorded: 214.5206 ::
iti	214.5206
::Onset of trial expected: 214.75 recorded: 214.7702 ::
trial	214.7702
::Onset of iti expected: 216.25 recorded: 216.2706 ::
iti	216.2706
::Onset of trial expected: 216.5 recorded: 216.5206 ::
trial	216.5206
::Onset of iti expected: 218 recorded: 218.0209 ::
iti	218.0209
::Onset of trial expected: 218.25 recorded: 218.2706 ::
trial	218.2706
::Onset of iti expected: 219.75 recorded: 219.7711 ::
iti	219.7711
::Onset of trial expected: 220 recorded: 220.0206 ::
trial	220.0206
::Onset of iti expected: 221.5 recorded: 221.5213 ::
iti	221.5213
::Onset of trial expected: 221.75 recorded: 221.771 ::
trial	221.7710
::Onset of iti expected: 223.25 recorded: 223.2709 ::
iti	223.2709
::Onset of trial expected: 223.5 recorded: 223.5214 ::
trial	223.5214
::Onset of iti expected: 225 recorded: 225.0221 ::
iti	225.0221
::Onset of trial expected: 225.25 recorded: 225.2717 ::
trial	225.2717
::Onset of iti expected: 226.75 recorded: 226.7723 ::
iti	226.7723
::Onset of trial expected: 227 recorded: 227.0222 ::
trial	227.0222
::Onset of iti expected: 228.5 recorded: 228.5224 ::
iti	228.5224
::Onset of trial expected: 228.75 recorded: 228.7724 ::
trial	228.7724
::Onset of iti expected: 230.25 recorded: 230.2723 ::
iti	230.2723
::Onset of trial expected: 230.5 recorded: 230.5232 ::
trial	230.5232
::Onset of iti expected: 232 recorded: 232.0229 ::
iti	232.0229
::Onset of trial expected: 232.25 recorded: 232.2734 ::
trial	232.2734
::Onset of iti expected: 233.75 recorded: 233.7728 ::
iti	233.7728
::Onset of trial expected: 234 recorded: 234.0235 ::
trial	234.0235
::Onset of iti expected: 235.5 recorded: 235.5236 ::
iti	235.5236
::Onset of trial expected: 235.75 recorded: 235.7734 ::
trial	235.7734
::Onset of iti expected: 237.25 recorded: 237.2738 ::
iti	237.2738
::Onset of trial expected: 237.5 recorded: 237.524 ::
trial	237.5240
::Onset of iti expected: 239 recorded: 239.024 ::
iti	239.0240
::Onset of trial expected: 239.25 recorded: 239.2743 ::
trial	239.2743
::Onset of iti expected: 240.75 recorded: 240.7749 ::
iti	240.7749
::Onset of trial expected: 241 recorded: 241.0245 ::
trial	241.0245
::Onset of iti expected: 242.5 recorded: 242.5245 ::
iti	242.5245
::Onset of trial expected: 242.75 recorded: 242.7744 ::
trial	242.7744
::Onset of iti expected: 244.25 recorded: 244.2751 ::
iti	244.2751
::Onset of trial expected: 244.5 recorded: 244.5251 ::
trial	244.5251
::Onset of iti expected: 246 recorded: 246.0249 ::
iti	246.0249
::Onset of trial expected: 246.25 recorded: 246.2753 ::
trial	246.2753
::Onset of iti expected: 247.75 recorded: 247.7751 ::
iti	247.7751
::Onset of trial expected: 248 recorded: 248.0252 ::
trial	248.0252
::Onset of iti expected: 249.5 recorded: 249.5253 ::
iti	249.5253
::Onset of trial expected: 249.75 recorded: 249.7756 ::
trial	249.7756
::Onset of iti expected: 251.25 recorded: 251.2752 ::
iti	251.2752
::Onset of trial expected: 251.5 recorded: 251.5264 ::
trial	251.5264
::Onset of iti expected: 253 recorded: 253.0257 ::
iti	253.0257
::Onset of trial expected: 253.25 recorded: 253.276 ::
trial	253.2760
::Onset of iti expected: 254.75 recorded: 254.7767 ::
iti	254.7767
::Onset of trial expected: 255 recorded: 255.0261 ::
trial	255.0261
::Onset of iti expected: 256.5 recorded: 256.5272 ::
iti	256.5272
::Onset of trial expected: 256.75 recorded: 256.7763 ::
trial	256.7763
::Onset of iti expected: 258.25 recorded: 258.2774 ::
iti	258.2774
::Onset of trial expected: 258.5 recorded: 258.527 ::
trial	258.5270
::Onset of iti expected: 260 recorded: 260.0267 ::
iti	260.0267
::Onset of trial expected: 260.25 recorded: 260.2766 ::
trial	260.2766
::Onset of iti expected: 261.75 recorded: 261.7775 ::
iti	261.7775
::Onset of rest expected: 262 recorded: 262.0268 ::
rest	262.0268
::Onset of cue expected: 274 recorded: 274.0296 ::
cue	274.0296
::Onset of trial expected: 274.5 recorded: 274.5298 ::
trial	274.5298
::Onset of iti expected: 276 recorded: 276.0302 ::
iti	276.0302
::Onset of trial expected: 276.25 recorded: 276.2796 ::
trial	276.2796
::Onset of iti expected: 277.75 recorded: 277.7797 ::
iti	277.7797
::Onset of trial expected: 278 recorded: 278.0303 ::
trial	278.0303
::Onset of iti expected: 279.5 recorded: 279.5302 ::
iti	279.5302
::Onset of trial expected: 279.75 recorded: 279.78 ::
trial	279.7800
::Onset of iti expected: 281.25 recorded: 281.2804 ::
iti	281.2804
::Onset of trial expected: 281.5 recorded: 281.5305 ::
trial	281.5305
::Onset of iti expected: 283 recorded: 283.031 ::
iti	283.0310
::Onset of trial expected: 283.25 recorded: 283.2811 ::
trial	283.2811
::Onset of iti expected: 284.75 recorded: 284.7813 ::
iti	284.7813
::Onset of trial expected: 285 recorded: 285.0307 ::
trial	285.0307
::Onset of iti expected: 286.5 recorded: 286.5305 ::
iti	286.5305
::Onset of trial expected: 286.75 recorded: 286.7815 ::
trial	286.7815
::Onset of iti expected: 288.25 recorded: 288.2813 ::
iti	288.2813
::Onset of trial expected: 288.5 recorded: 288.532 ::
trial	288.5320
::Onset of iti expected: 290 recorded: 290.0315 ::
iti	290.0315
::Onset of trial expected: 290.25 recorded: 290.2822 ::
trial	290.2822
::Onset of iti expected: 291.75 recorded: 291.7823 ::
iti	291.7823
::Onset of trial expected: 292 recorded: 292.0316 ::
trial	292.0316
::Onset of iti expected: 293.5 recorded: 293.5326 ::
iti	293.5326
::Onset of trial expected: 293.75 recorded: 293.7825 ::
trial	293.7825
::Onset of iti expected: 295.25 recorded: 295.2822 ::
iti	295.2822
::Onset of trial expected: 295.5 recorded: 295.5331 ::
trial	295.5331
::Onset of iti expected: 297 recorded: 297.0326 ::
iti	297.0326
::Onset of trial expected: 297.25 recorded: 297.2832 ::
trial	297.2832
::Onset of iti expected: 298.75 recorded: 298.7827 ::
iti	298.7827
::Onset of trial expected: 299 recorded: 299.0167 ::
trial	299.0167
::Onset of iti expected: 300.5 recorded: 300.5337 ::
iti	300.5337
::Onset of trial expected: 300.75 recorded: 300.7667 ::
trial	300.7667
::Onset of iti expected: 302.25 recorded: 302.2673 ::
iti	302.2673
::Onset of rest expected: 302.5 recorded: 302.5168 ::
rest	302.5168
::Onset of cue expected: 314.5 recorded: 314.5191 ::
cue	314.5191
::Onset of trial expected: 315 recorded: 315.0186 ::
trial	315.0186
::Onset of iti expected: 316.5 recorded: 316.5187 ::
iti	316.5187
::Onset of trial expected: 316.75 recorded: 316.7697 ::
trial	316.7697
::Onset of iti expected: 318.25 recorded: 318.2693 ::
iti	318.2693
::Onset of trial expected: 318.5 recorded: 318.5192 ::
trial	318.5192
::Onset of iti expected: 320 recorded: 320.0195 ::
iti	320.0195
::Onset of trial expected: 320.25 recorded: 320.27 ::
trial	320.2700
::Onset of iti expected: 321.75 recorded: 321.7701 ::
iti	321.7701
::Onset of trial expected: 322 recorded: 322.02 ::
trial	322.0200
::Onset of iti expected: 323.5 recorded: 323.521 ::
iti	323.5210
::Onset of trial expected: 323.75 recorded: 323.7704 ::
trial	323.7704
::Onset of iti expected: 325.25 recorded: 325.2705 ::
iti	325.2705
::Onset of trial expected: 325.5 recorded: 325.5198 ::
trial	325.5198
::Onset of iti expected: 327 recorded: 327.021 ::
iti	327.0210
::Onset of trial expected: 327.25 recorded: 327.2709 ::
trial	327.2709
::Onset of iti expected: 328.75 recorded: 328.7705 ::
iti	328.7705
::Onset of trial expected: 329 recorded: 329.0212 ::
trial	329.0212
::Onset of iti expected: 330.5 recorded: 330.5215 ::
iti	330.5215
::Onset of trial expected: 330.75 recorded: 330.7713 ::
trial	330.7713
::Onset of iti expected: 332.25 recorded: 332.2715 ::
iti	332.2715
::Onset of trial expected: 332.5 recorded: 332.5214 ::
trial	332.5214
::Onset of iti expected: 334 recorded: 334.0219 ::
iti	334.0219
::Onset of trial expected: 334.25 recorded: 334.2716 ::
trial	334.2716
::Onset of iti expected: 335.75 recorded: 335.7719 ::
iti	335.7719
::Onset of trial expected: 336 recorded: 336.0223 ::
trial	336.0223
::Onset of iti expected: 337.5 recorded: 337.5224 ::
iti	337.5224
::Onset of trial expected: 337.75 recorded: 337.7726 ::
trial	337.7726
::Onset of iti expected: 339.25 recorded: 339.2732 ::
iti	339.2732
::Onset of trial expected: 339.5 recorded: 339.523 ::
trial	339.5230
::Onset of iti expected: 341 recorded: 341.0226 ::
iti	341.0226
::Onset of trial expected: 341.25 recorded: 341.2729 ::
trial	341.2729
::Onset of iti expected: 342.75 recorded: 342.7727 ::
iti	342.7727
::Onset of trial expected: 343 recorded: 343.0231 ::
trial	343.0231
::Onset of iti expected: 344.5 recorded: 344.5238 ::
iti	344.5238
::Onset of trial expected: 344.75 recorded: 344.7735 ::
trial	344.7735
::Onset of iti expected: 346.25 recorded: 346.2735 ::
iti	346.2735
::Onset of trial expected: 346.5 recorded: 346.5239 ::
trial	346.5239
::Onset of iti expected: 348 recorded: 348.0244 ::
iti	348.0244
::Onset of trial expected: 348.25 recorded: 348.2741 ::
trial	348.2741
::Onset of iti expected: 349.75 recorded: 349.7743 ::
iti	349.7743
::Onset of trial expected: 350 recorded: 350.0235 ::
trial	350.0235
::Onset of iti expected: 351.5 recorded: 351.5246 ::
iti	351.5246
::Onset of trial expected: 351.75 recorded: 351.7744 ::
trial	351.7744
::Onset of iti expected: 353.25 recorded: 353.2744 ::
iti	353.2744
::Onset of trial expected: 353.5 recorded: 353.5247 ::
trial	353.5247
::Onset of iti expected: 355 recorded: 355.0249 ::
iti	355.0249
::Onset of trial expected: 355.25 recorded: 355.2756 ::
trial	355.2756
::Onset of iti expected: 356.75 recorded: 356.776 ::
iti	356.7760
::Onset of trial expected: 357 recorded: 357.0256 ::
trial	357.0256
::Onset of iti expected: 358.5 recorded: 358.5261 ::
iti	358.5261
::Onset of trial expected: 358.75 recorded: 358.7757 ::
trial	358.7757
::Onset of iti expected: 360.25 recorded: 360.2761 ::
iti	360.2761
::Onset of trial expected: 360.5 recorded: 360.526 ::
trial	360.5260
::Onset of iti expected: 362 recorded: 362.0263 ::
iti	362.0263
::Onset of trial expected: 362.25 recorded: 362.2759 ::
trial	362.2759
::Onset of iti expected: 363.75 recorded: 363.7769 ::
iti	363.7769
::Onset of trial expected: 364 recorded: 364.0263 ::
trial	364.0263
::Onset of iti expected: 365.5 recorded: 365.5271 ::
iti	365.5271
::Onset of trial expected: 365.75 recorded: 365.7771 ::
trial	365.7771
::Onset of iti expected: 367.25 recorded: 367.2769 ::
iti	367.2769
::Onset of trial expected: 367.5 recorded: 367.5265 ::
trial	367.5265
::Onset of iti expected: 369 recorded: 369.0267 ::
iti	369.0267
::Onset of trial expected: 369.25 recorded: 369.2772 ::
trial	369.2772
::Onset of iti expected: 370.75 recorded: 370.7774 ::
iti	370.7774
::Onset of trial expected: 371 recorded: 371.0267 ::
trial	371.0267
::Onset of iti expected: 372.5 recorded: 372.5277 ::
iti	372.5277
::Onset of trial expected: 372.75 recorded: 372.778 ::
trial	372.7780
::Onset of iti expected: 374.25 recorded: 374.2775 ::
iti	374.2775
::Onset of trial expected: 374.5 recorded: 374.5277 ::
trial	374.5277
::Onset of iti expected: 376 recorded: 376.0284 ::
iti	376.0284
::Onset of trial expected: 376.25 recorded: 376.2786 ::
trial	376.2786
::Onset of iti expected: 377.75 recorded: 377.778 ::
iti	377.7780
::Onset of trial expected: 378 recorded: 378.0283 ::
trial	378.0283
::Onset of iti expected: 379.5 recorded: 379.5288 ::
iti	379.5288
::Onset of trial expected: 379.75 recorded: 379.7785 ::
trial	379.7785
::Onset of iti expected: 381.25 recorded: 381.2793 ::
iti	381.2793
::Onset of trial expected: 381.5 recorded: 381.5298 ::
trial	381.5298
::Onset of iti expected: 383 recorded: 383.029 ::
iti	383.0290
::Onset of trial expected: 383.25 recorded: 383.279 ::
trial	383.2790
::Onset of iti expected: 384.75 recorded: 384.78 ::
iti	384.7800
::Onset of trial expected: 385 recorded: 385.0292 ::
trial	385.0292
::Onset of iti expected: 386.5 recorded: 386.5293 ::
iti	386.5293
::Onset of trial expected: 386.75 recorded: 386.7805 ::
trial	386.7805
::Onset of iti expected: 388.25 recorded: 388.2795 ::
iti	388.2795
::Onset of trial expected: 388.5 recorded: 388.5304 ::
trial	388.5304
::Onset of iti expected: 390 recorded: 390.0304 ::
iti	390.0304
::Onset of trial expected: 390.25 recorded: 390.2804 ::
trial	390.2804
::Onset of iti expected: 391.75 recorded: 391.7804 ::
iti	391.7804
::Onset of trial expected: 392 recorded: 392.0313 ::
trial	392.0313
::Onset of iti expected: 393.5 recorded: 393.5311 ::
iti	393.5311
::Onset of trial expected: 393.75 recorded: 393.781 ::
trial	393.7810
::Onset of iti expected: 395.25 recorded: 395.2816 ::
iti	395.2816
::Onset of trial expected: 395.5 recorded: 395.5316 ::
trial	395.5316
::Onset of iti expected: 397 recorded: 397.0308 ::
iti	397.0308
::Onset of trial expected: 397.25 recorded: 397.2814 ::
trial	397.2814
::Onset of iti expected: 398.75 recorded: 398.7815 ::
iti	398.7815
::Onset of rest expected: 399 recorded: 399.0321 ::
rest	399.0321
::Onset of cue expected: 411 recorded: 411.0171 ::
cue	411.0171
::Onset of trial expected: 411.5 recorded: 411.5169 ::
trial	411.5169
::Onset of iti expected: 413 recorded: 413.0175 ::
iti	413.0175
::Onset of trial expected: 413.25 recorded: 413.2671 ::
trial	413.2671
::Onset of iti expected: 414.75 recorded: 414.7671 ::
iti	414.7671
::Onset of trial expected: 415 recorded: 415.018 ::
trial	415.0180
::Onset of iti expected: 416.5 recorded: 416.5174 ::
iti	416.5174
::Onset of trial expected: 416.75 recorded: 416.7678 ::
trial	416.7678
::Onset of iti expected: 418.25 recorded: 418.2676 ::
iti	418.2676
::Onset of trial expected: 418.5 recorded: 418.5183 ::
trial	418.5183
::Onset of iti expected: 420 recorded: 420.018 ::
iti	420.0180
::Onset of trial expected: 420.25 recorded: 420.2681 ::
trial	420.2681
::Onset of iti expected: 421.75 recorded: 421.7679 ::
iti	421.7679
::Onset of trial expected: 422 recorded: 422.0183 ::
trial	422.0183
::Onset of iti expected: 423.5 recorded: 423.5188 ::
iti	423.5188
::Onset of trial expected: 423.75 recorded: 423.7687 ::
trial	423.7687
::Onset of iti expected: 425.25 recorded: 425.269 ::
iti	425.2690
::Onset of trial expected: 425.5 recorded: 425.5188 ::
trial	425.5188
::Onset of iti expected: 427 recorded: 427.0192 ::
iti	427.0192
::Onset of trial expected: 427.25 recorded: 427.2696 ::
trial	427.2696
::Onset of iti expected: 428.75 recorded: 428.7701 ::
iti	428.7701
::Onset of trial expected: 429 recorded: 429.0192 ::
trial	429.0192
::Onset of iti expected: 430.5 recorded: 430.5198 ::
iti	430.5198
::Onset of trial expected: 430.75 recorded: 430.7706 ::
trial	430.7706
::Onset of iti expected: 432.25 recorded: 432.2705 ::
iti	432.2705
::Onset of trial expected: 432.5 recorded: 432.5206 ::
trial	432.5206
::Onset of iti expected: 434 recorded: 434.0208 ::
iti	434.0208
::Onset of trial expected: 434.25 recorded: 434.2703 ::
trial	434.2703
::Onset of iti expected: 435.75 recorded: 435.7707 ::
iti	435.7707
::Onset of trial expected: 436 recorded: 436.02 ::
trial	436.0200
::Onset of iti expected: 437.5 recorded: 437.5212 ::
iti	437.5212
::Onset of trial expected: 437.75 recorded: 437.7705 ::
trial	437.7705
::Onset of iti expected: 439.25 recorded: 439.2715 ::
iti	439.2715
::Onset of rest expected: 439.5 recorded: 439.5212 ::
rest	439.5212
