::Queue started at 08-Jan-2013 22:44:58, with machine clock reading 35410.8946.::
::Experiment started at 08-Jan-2013 22:45:15, with machine clock reading 35428.0569.::
::TTL #1 expected: 0 recorded: 0 ::
=+	70856.0982
::Onset of cue expected: 0 recorded: 0.016866 ::
cue	0.0169
::Onset of trial expected: 0.5 recorded: 0.53394 ::
trial	0.5339
::Onset of iti expected: 2 recorded: 2.0172 ::
iti	2.0172
::Onset of trial expected: 2.25 recorded: 2.2673 ::
trial	2.2673
::Onset of iti expected: 3.75 recorded: 3.7667 ::
iti	3.7667
::Onset of trial expected: 4 recorded: 4.0337 ::
trial	4.0337
::Onset of iti expected: 5.5 recorded: 5.518 ::
iti	5.5180
::Onset of trial expected: 5.75 recorded: 5.7671 ::
trial	5.7671
::Onset of iti expected: 7.25 recorded: 7.2798 ::
iti	7.2798
::Onset of trial expected: 7.5 recorded: 7.5308 ::
trial	7.5308
::Onset of iti expected: 9 recorded: 9.0184 ::
iti	9.0184
::Onset of trial expected: 9.25 recorded: 9.2673 ::
trial	9.2673
::Onset of iti expected: 10.75 recorded: 10.7689 ::
iti	10.7689
::Onset of trial expected: 11 recorded: 11.0186 ::
trial	11.0186
::Onset of iti expected: 12.5 recorded: 12.5347 ::
iti	12.5347
::Onset of trial expected: 12.75 recorded: 12.768 ::
trial	12.7680
::Onset of iti expected: 14.25 recorded: 14.2682 ::
iti	14.2682
::Onset of trial expected: 14.5 recorded: 14.5194 ::
trial	14.5194
::Onset of iti expected: 16 recorded: 16.0189 ::
iti	16.0189
::Onset of trial expected: 16.25 recorded: 16.2695 ::
trial	16.2695
::Onset of iti expected: 17.75 recorded: 17.7856 ::
iti	17.7856
::Onset of trial expected: 18 recorded: 18.0195 ::
trial	18.0195
::Onset of iti expected: 19.5 recorded: 19.5194 ::
iti	19.5194
::Onset of trial expected: 19.75 recorded: 19.77 ::
trial	19.7700
::Onset of iti expected: 21.25 recorded: 21.27 ::
iti	21.2700
::Onset of trial expected: 21.5 recorded: 21.5202 ::
trial	21.5202
::Onset of iti expected: 23 recorded: 23.0365 ::
iti	23.0365
::Onset of trial expected: 23.25 recorded: 23.2698 ::
trial	23.2698
::Onset of iti expected: 24.75 recorded: 24.7868 ::
iti	24.7868
::Onset of trial expected: 25 recorded: 25.0207 ::
trial	25.0207
::Onset of iti expected: 26.5 recorded: 26.5375 ::
iti	26.5375
::Onset of trial expected: 26.75 recorded: 26.7712 ::
trial	26.7712
::Onset of iti expected: 28.25 recorded: 28.2714 ::
iti	28.2714
::Onset of rest expected: 28.5 recorded: 28.5212 ::
rest	28.5212
::Onset of cue expected: 40.5 recorded: 40.5231 ::
cue	40.5231
::Onset of trial expected: 41 recorded: 41.0224 ::
trial	41.0224
::Onset of iti expected: 42.5 recorded: 42.5226 ::
iti	42.5226
::Onset of trial expected: 42.75 recorded: 42.7727 ::
trial	42.7727
::Onset of iti expected: 44.25 recorded: 44.2738 ::
iti	44.2738
::Onset of trial expected: 44.5 recorded: 44.5228 ::
trial	44.5228
::Onset of iti expected: 46 recorded: 46.0242 ::
iti	46.0242
::Onset of trial expected: 46.25 recorded: 46.274 ::
trial	46.2740
::Onset of iti expected: 47.75 recorded: 47.774 ::
iti	47.7740
::Onset of trial expected: 48 recorded: 48.0242 ::
trial	48.0242
::Onset of iti expected: 49.5 recorded: 49.524 ::
iti	49.5240
::Onset of trial expected: 49.75 recorded: 49.7744 ::
trial	49.7744
::Onset of iti expected: 51.25 recorded: 51.2747 ::
iti	51.2747
::Onset of trial expected: 51.5 recorded: 51.5248 ::
trial	51.5248
::Onset of iti expected: 53 recorded: 53.0245 ::
iti	53.0245
::Onset of trial expected: 53.25 recorded: 53.2749 ::
trial	53.2749
::Onset of iti expected: 54.75 recorded: 54.775 ::
iti	54.7750
::Onset of trial expected: 55 recorded: 55.0248 ::
trial	55.0248
::Onset of iti expected: 56.5 recorded: 56.5249 ::
iti	56.5249
::Onset of trial expected: 56.75 recorded: 56.775 ::
trial	56.7750
::Onset of iti expected: 58.25 recorded: 58.2757 ::
iti	58.2757
::Onset of trial expected: 58.5 recorded: 58.5261 ::
trial	58.5261
::Onset of iti expected: 60 recorded: 60.0255 ::
iti	60.0255
::Onset of trial expected: 60.25 recorded: 60.2758 ::
trial	60.2758
::Onset of iti expected: 61.75 recorded: 61.7763 ::
iti	61.7763
::Onset of trial expected: 62 recorded: 62.0259 ::
trial	62.0259
::Onset of iti expected: 63.5 recorded: 63.5263 ::
iti	63.5263
::Onset of trial expected: 63.75 recorded: 63.7769 ::
trial	63.7769
::Onset of iti expected: 65.25 recorded: 65.2767 ::
iti	65.2767
::Onset of trial expected: 65.5 recorded: 65.5269 ::
trial	65.5269
::Onset of iti expected: 67 recorded: 67.0269 ::
iti	67.0269
::Onset of trial expected: 67.25 recorded: 67.2768 ::
trial	67.2768
::Onset of iti expected: 68.75 recorded: 68.7777 ::
iti	68.7777
::Onset of rest expected: 69 recorded: 69.0269 ::
rest	69.0269
::Onset of cue expected: 81 recorded: 81.0286 ::
cue	81.0286
::Onset of trial expected: 81.5 recorded: 81.5295 ::
trial	81.5295
::Onset of iti expected: 83 recorded: 83.029 ::
iti	83.0290
::Onset of trial expected: 83.25 recorded: 83.2795 ::
trial	83.2795
::Onset of iti expected: 84.75 recorded: 84.78 ::
iti	84.7800
::Onset of trial expected: 85 recorded: 85.0297 ::
trial	85.0297
::Onset of iti expected: 86.5 recorded: 86.5302 ::
iti	86.5302
::Onset of trial expected: 86.75 recorded: 86.7802 ::
trial	86.7802
::Onset of iti expected: 88.25 recorded: 88.2801 ::
iti	88.2801
::Onset of trial expected: 88.5 recorded: 88.5305 ::
trial	88.5305
::Onset of iti expected: 90 recorded: 90.0305 ::
iti	90.0305
::Onset of trial expected: 90.25 recorded: 90.2807 ::
trial	90.2807
::Onset of iti expected: 91.75 recorded: 91.7813 ::
iti	91.7813
::Onset of trial expected: 92 recorded: 92.0304 ::
trial	92.0304
::Onset of iti expected: 93.5 recorded: 93.5315 ::
iti	93.5315
::Onset of trial expected: 93.75 recorded: 93.7814 ::
trial	93.7814
::Onset of iti expected: 95.25 recorded: 95.2812 ::
iti	95.2812
::Onset of trial expected: 95.5 recorded: 95.5318 ::
trial	95.5318
::Onset of iti expected: 97 recorded: 97.0312 ::
iti	97.0312
::Onset of trial expected: 97.25 recorded: 97.2815 ::
trial	97.2815
::Onset of iti expected: 98.75 recorded: 98.7823 ::
iti	98.7823
::Onset of trial expected: 99 recorded: 99.032 ::
trial	99.0320
::Onset of iti expected: 100.5 recorded: 100.5318 ::
iti	100.5318
::Onset of trial expected: 100.75 recorded: 100.7823 ::
trial	100.7823
::Onset of iti expected: 102.25 recorded: 102.2821 ::
iti	102.2821
::Onset of trial expected: 102.5 recorded: 102.5327 ::
trial	102.5327
::Onset of iti expected: 104 recorded: 104.0321 ::
iti	104.0321
::Onset of trial expected: 104.25 recorded: 104.2828 ::
trial	104.2828
::Onset of iti expected: 105.75 recorded: 105.7829 ::
iti	105.7829
::Onset of trial expected: 106 recorded: 106.0327 ::
trial	106.0327
::Onset of iti expected: 107.5 recorded: 107.5326 ::
iti	107.5326
::Onset of trial expected: 107.75 recorded: 107.7828 ::
trial	107.7828
::Onset of iti expected: 109.25 recorded: 109.2662 ::
iti	109.2662
::Onset of rest expected: 109.5 recorded: 109.5166 ::
rest	109.5166
::Onset of cue expected: 121.5 recorded: 121.5188 ::
cue	121.5188
::Onset of trial expected: 122 recorded: 122.0184 ::
trial	122.0184
::Onset of iti expected: 123.5 recorded: 123.5193 ::
iti	123.5193
::Onset of trial expected: 123.75 recorded: 123.7691 ::
trial	123.7691
::Onset of iti expected: 125.25 recorded: 125.269 ::
iti	125.2690
::Onset of trial expected: 125.5 recorded: 125.5186 ::
trial	125.5186
::Onset of iti expected: 127 recorded: 127.0194 ::
iti	127.0194
::Onset of trial expected: 127.25 recorded: 127.2699 ::
trial	127.2699
::Onset of iti expected: 128.75 recorded: 128.7699 ::
iti	128.7699
::Onset of trial expected: 129 recorded: 129.0194 ::
trial	129.0194
::Onset of iti expected: 130.5 recorded: 130.5193 ::
iti	130.5193
::Onset of trial expected: 130.75 recorded: 130.7704 ::
trial	130.7704
::Onset of iti expected: 132.25 recorded: 132.2706 ::
iti	132.2706
::Onset of trial expected: 132.5 recorded: 132.5201 ::
trial	132.5201
::Onset of iti expected: 134 recorded: 134.0205 ::
iti	134.0205
::Onset of trial expected: 134.25 recorded: 134.2699 ::
trial	134.2699
::Onset of iti expected: 135.75 recorded: 135.7706 ::
iti	135.7706
::Onset of trial expected: 136 recorded: 136.0214 ::
trial	136.0214
::Onset of iti expected: 137.5 recorded: 137.5214 ::
iti	137.5214
::Onset of trial expected: 137.75 recorded: 137.7714 ::
trial	137.7714
::Onset of iti expected: 139.25 recorded: 139.2708 ::
iti	139.2708
::Onset of trial expected: 139.5 recorded: 139.5212 ::
trial	139.5212
::Onset of iti expected: 141 recorded: 141.0211 ::
iti	141.0211
::Onset of trial expected: 141.25 recorded: 141.2719 ::
trial	141.2719
::Onset of iti expected: 142.75 recorded: 142.7716 ::
iti	142.7716
::Onset of trial expected: 143 recorded: 143.0223 ::
trial	143.0223
::Onset of iti expected: 144.5 recorded: 144.5226 ::
iti	144.5226
::Onset of trial expected: 144.75 recorded: 144.7719 ::
trial	144.7719
::Onset of iti expected: 146.25 recorded: 146.2717 ::
iti	146.2717
::Onset of trial expected: 146.5 recorded: 146.5218 ::
trial	146.5218
::Onset of iti expected: 148 recorded: 148.0226 ::
iti	148.0226
::Onset of trial expected: 148.25 recorded: 148.2722 ::
trial	148.2722
::Onset of iti expected: 149.75 recorded: 149.7725 ::
iti	149.7725
::Onset of rest expected: 150 recorded: 150.0226 ::
rest	150.0226
::Onset of cue expected: 162 recorded: 162.0247 ::
cue	162.0247
::Onset of trial expected: 162.5 recorded: 162.525 ::
trial	162.5250
::Onset of iti expected: 164 recorded: 164.0255 ::
iti	164.0255
::Onset of trial expected: 164.25 recorded: 164.275 ::
trial	164.2750
::Onset of iti expected: 165.75 recorded: 165.775 ::
iti	165.7750
::Onset of trial expected: 166 recorded: 166.0257 ::
trial	166.0257
::Onset of iti expected: 167.5 recorded: 167.5249 ::
iti	167.5249
::Onset of trial expected: 167.75 recorded: 167.7759 ::
trial	167.7759
::Onset of iti expected: 169.25 recorded: 169.276 ::
iti	169.2760
::Onset of trial expected: 169.5 recorded: 169.5264 ::
trial	169.5264
::Onset of iti expected: 171 recorded: 171.0255 ::
iti	171.0255
::Onset of trial expected: 171.25 recorded: 171.2764 ::
trial	171.2764
::Onset of iti expected: 172.75 recorded: 172.7765 ::
iti	172.7765
::Onset of trial expected: 173 recorded: 173.0266 ::
trial	173.0266
::Onset of iti expected: 174.5 recorded: 174.5261 ::
iti	174.5261
::Onset of trial expected: 174.75 recorded: 174.7772 ::
trial	174.7772
::Onset of iti expected: 176.25 recorded: 176.2771 ::
iti	176.2771
::Onset of trial expected: 176.5 recorded: 176.5273 ::
trial	176.5273
::Onset of iti expected: 178 recorded: 178.0265 ::
iti	178.0265
::Onset of trial expected: 178.25 recorded: 178.2767 ::
trial	178.2767
::Onset of iti expected: 179.75 recorded: 179.7779 ::
iti	179.7779
::Onset of trial expected: 180 recorded: 180.0277 ::
trial	180.0277
::Onset of iti expected: 181.5 recorded: 181.5278 ::
iti	181.5278
::Onset of trial expected: 181.75 recorded: 181.7775 ::
trial	181.7775
::Onset of iti expected: 183.25 recorded: 183.2781 ::
iti	183.2781
::Onset of trial expected: 183.5 recorded: 183.5275 ::
trial	183.5275
::Onset of iti expected: 185 recorded: 185.0288 ::
iti	185.0288
::Onset of trial expected: 185.25 recorded: 185.2787 ::
trial	185.2787
::Onset of iti expected: 186.75 recorded: 186.7788 ::
iti	186.7788
::Onset of trial expected: 187 recorded: 187.0288 ::
trial	187.0288
::Onset of iti expected: 188.5 recorded: 188.5289 ::
iti	188.5289
::Onset of trial expected: 188.75 recorded: 188.7788 ::
trial	188.7788
::Onset of iti expected: 190.25 recorded: 190.2786 ::
iti	190.2786
::Onset of rest expected: 190.5 recorded: 190.5289 ::
rest	190.5289
::Onset of cue expected: 202.5 recorded: 202.5314 ::
cue	202.5314
::Onset of trial expected: 203 recorded: 203.0305 ::
trial	203.0305
::Onset of iti expected: 204.5 recorded: 204.5306 ::
iti	204.5306
::Onset of trial expected: 204.75 recorded: 204.7815 ::
trial	204.7815
::Onset of iti expected: 206.25 recorded: 206.2809 ::
iti	206.2809
::Onset of trial expected: 206.5 recorded: 206.5316 ::
trial	206.5316
::Onset of iti expected: 208 recorded: 208.0323 ::
iti	208.0323
::Onset of trial expected: 208.25 recorded: 208.2818 ::
trial	208.2818
::Onset of iti expected: 209.75 recorded: 209.7816 ::
iti	209.7816
::Onset of trial expected: 210 recorded: 210.0321 ::
trial	210.0321
::Onset of iti expected: 211.5 recorded: 211.5327 ::
iti	211.5327
::Onset of trial expected: 211.75 recorded: 211.7823 ::
trial	211.7823
::Onset of iti expected: 213.25 recorded: 213.2996 ::
iti	213.2996
::Onset of trial expected: 213.5 recorded: 213.5327 ::
trial	213.5327
::Onset of iti expected: 215 recorded: 215.033 ::
iti	215.0330
::Onset of trial expected: 215.25 recorded: 215.2825 ::
trial	215.2825
::Onset of iti expected: 216.75 recorded: 216.7667 ::
iti	216.7667
::Onset of trial expected: 217 recorded: 217.0167 ::
trial	217.0167
::Onset of iti expected: 218.5 recorded: 218.5167 ::
iti	218.5167
::Onset of trial expected: 218.75 recorded: 218.7833 ::
trial	218.7833
::Onset of iti expected: 220.25 recorded: 220.284 ::
iti	220.2840
::Onset of trial expected: 220.5 recorded: 220.5338 ::
trial	220.5338
::Onset of iti expected: 222 recorded: 222.017 ::
iti	222.0170
::Onset of trial expected: 222.25 recorded: 222.2678 ::
trial	222.2678
::Onset of iti expected: 223.75 recorded: 223.784 ::
iti	223.7840
::Onset of trial expected: 224 recorded: 224.0175 ::
trial	224.0175
::Onset of iti expected: 225.5 recorded: 225.5174 ::
iti	225.5174
::Onset of trial expected: 225.75 recorded: 225.7678 ::
trial	225.7678
::Onset of iti expected: 227.25 recorded: 227.2682 ::
iti	227.2682
::Onset of trial expected: 227.5 recorded: 227.5184 ::
trial	227.5184
::Onset of iti expected: 229 recorded: 229.0178 ::
iti	229.0178
::Onset of trial expected: 229.25 recorded: 229.2682 ::
trial	229.2682
::Onset of iti expected: 230.75 recorded: 230.7684 ::
iti	230.7684
::Onset of rest expected: 231 recorded: 231.019 ::
rest	231.0190
::Onset of cue expected: 243 recorded: 243.0203 ::
cue	243.0203
::Onset of trial expected: 243.5 recorded: 243.5208 ::
trial	243.5208
::Onset of iti expected: 245 recorded: 245.0207 ::
iti	245.0207
::Onset of trial expected: 245.25 recorded: 245.2708 ::
trial	245.2708
::Onset of iti expected: 246.75 recorded: 246.7712 ::
iti	246.7712
::Onset of trial expected: 247 recorded: 247.0211 ::
trial	247.0211
::Onset of iti expected: 248.5 recorded: 248.5211 ::
iti	248.5211
::Onset of trial expected: 248.75 recorded: 248.7711 ::
trial	248.7711
::Onset of iti expected: 250.25 recorded: 250.272 ::
iti	250.2720
::Onset of trial expected: 250.5 recorded: 250.5213 ::
trial	250.5213
::Onset of iti expected: 252 recorded: 252.022 ::
iti	252.0220
::Onset of trial expected: 252.25 recorded: 252.2723 ::
trial	252.2723
::Onset of iti expected: 253.75 recorded: 253.7717 ::
iti	253.7717
::Onset of trial expected: 254 recorded: 254.0219 ::
trial	254.0219
::Onset of iti expected: 255.5 recorded: 255.5216 ::
iti	255.5216
::Onset of trial expected: 255.75 recorded: 255.7726 ::
trial	255.7726
::Onset of iti expected: 257.25 recorded: 257.273 ::
iti	257.2730
::Onset of trial expected: 257.5 recorded: 257.5229 ::
trial	257.5229
::Onset of iti expected: 259 recorded: 259.0228 ::
iti	259.0228
::Onset of trial expected: 259.25 recorded: 259.2732 ::
trial	259.2732
::Onset of iti expected: 260.75 recorded: 260.7732 ::
iti	260.7732
::Onset of trial expected: 261 recorded: 261.0233 ::
trial	261.0233
::Onset of iti expected: 262.5 recorded: 262.5234 ::
iti	262.5234
::Onset of trial expected: 262.75 recorded: 262.7737 ::
trial	262.7737
::Onset of iti expected: 264.25 recorded: 264.2741 ::
iti	264.2741
::Onset of trial expected: 264.5 recorded: 264.5243 ::
trial	264.5243
::Onset of iti expected: 266 recorded: 266.0232 ::
iti	266.0232
::Onset of trial expected: 266.25 recorded: 266.2734 ::
trial	266.2734
::Onset of iti expected: 267.75 recorded: 267.7745 ::
iti	267.7745
::Onset of trial expected: 268 recorded: 268.0247 ::
trial	268.0247
::Onset of iti expected: 269.5 recorded: 269.5247 ::
iti	269.5247
::Onset of trial expected: 269.75 recorded: 269.7742 ::
trial	269.7742
::Onset of iti expected: 271.25 recorded: 271.2753 ::
iti	271.2753
::Onset of rest expected: 271.5 recorded: 271.5254 ::
rest	271.5254
::Onset of cue expected: 283.5 recorded: 283.5266 ::
cue	283.5266
::Onset of trial expected: 284 recorded: 284.0268 ::
trial	284.0268
::Onset of iti expected: 285.5 recorded: 285.5268 ::
iti	285.5268
::Onset of trial expected: 285.75 recorded: 285.7774 ::
trial	285.7774
::Onset of iti expected: 287.25 recorded: 287.2774 ::
iti	287.2774
::Onset of trial expected: 287.5 recorded: 287.5276 ::
trial	287.5276
::Onset of iti expected: 289 recorded: 289.027 ::
iti	289.0270
::Onset of trial expected: 289.25 recorded: 289.2779 ::
trial	289.2779
::Onset of iti expected: 290.75 recorded: 290.7776 ::
iti	290.7776
::Onset of trial expected: 291 recorded: 291.0274 ::
trial	291.0274
::Onset of iti expected: 292.5 recorded: 292.528 ::
iti	292.5280
::Onset of trial expected: 292.75 recorded: 292.7776 ::
trial	292.7776
::Onset of iti expected: 294.25 recorded: 294.2785 ::
iti	294.2785
::Onset of trial expected: 294.5 recorded: 294.5283 ::
trial	294.5283
::Onset of iti expected: 296 recorded: 296.0287 ::
iti	296.0287
::Onset of trial expected: 296.25 recorded: 296.2788 ::
trial	296.2788
::Onset of iti expected: 297.75 recorded: 297.7786 ::
iti	297.7786
::Onset of trial expected: 298 recorded: 298.0291 ::
trial	298.0291
::Onset of iti expected: 299.5 recorded: 299.5283 ::
iti	299.5283
::Onset of trial expected: 299.75 recorded: 299.7795 ::
trial	299.7795
::Onset of iti expected: 301.25 recorded: 301.2785 ::
iti	301.2785
::Onset of trial expected: 301.5 recorded: 301.529 ::
trial	301.5290
::Onset of iti expected: 303 recorded: 303.0292 ::
iti	303.0292
::Onset of trial expected: 303.25 recorded: 303.2794 ::
trial	303.2794
::Onset of iti expected: 304.75 recorded: 304.7801 ::
iti	304.7801
::Onset of trial expected: 305 recorded: 305.0294 ::
trial	305.0294
::Onset of iti expected: 306.5 recorded: 306.5298 ::
iti	306.5298
::Onset of trial expected: 306.75 recorded: 306.7801 ::
trial	306.7801
::Onset of iti expected: 308.25 recorded: 308.2806 ::
iti	308.2806
::Onset of trial expected: 308.5 recorded: 308.5309 ::
trial	308.5309
::Onset of iti expected: 310 recorded: 310.0308 ::
iti	310.0308
::Onset of trial expected: 310.25 recorded: 310.2801 ::
trial	310.2801
::Onset of iti expected: 311.75 recorded: 311.7804 ::
iti	311.7804
::Onset of rest expected: 312 recorded: 312.0312 ::
rest	312.0312
::Onset of cue expected: 324 recorded: 324.0332 ::
cue	324.0332
::Onset of trial expected: 324.5 recorded: 324.5328 ::
trial	324.5328
::Onset of iti expected: 326 recorded: 326.0501 ::
iti	326.0501
::Onset of trial expected: 326.25 recorded: 326.2668 ::
trial	326.2668
::Onset of iti expected: 327.75 recorded: 327.7835 ::
iti	327.7835
::Onset of trial expected: 328 recorded: 328.0168 ::
trial	328.0168
::Onset of iti expected: 329.5 recorded: 329.5337 ::
iti	329.5337
::Onset of trial expected: 329.75 recorded: 329.767 ::
trial	329.7670
::Onset of iti expected: 331.25 recorded: 331.2677 ::
iti	331.2677
::Onset of trial expected: 331.5 recorded: 331.5172 ::
trial	331.5172
::Onset of iti expected: 333 recorded: 333.0178 ::
iti	333.0178
::Onset of trial expected: 333.25 recorded: 333.2677 ::
trial	333.2677
::Onset of iti expected: 334.75 recorded: 334.7681 ::
iti	334.7681
::Onset of trial expected: 335 recorded: 335.0176 ::
trial	335.0176
::Onset of iti expected: 336.5 recorded: 336.5181 ::
iti	336.5181
::Onset of trial expected: 336.75 recorded: 336.7681 ::
trial	336.7681
::Onset of iti expected: 338.25 recorded: 338.281 ::
iti	338.2810
::Onset of trial expected: 338.5 recorded: 338.5315 ::
trial	338.5315
::Onset of iti expected: 340 recorded: 340.0312 ::
iti	340.0312
::Onset of trial expected: 340.25 recorded: 340.2814 ::
trial	340.2814
::Onset of iti expected: 341.75 recorded: 341.7695 ::
iti	341.7695
::Onset of trial expected: 342 recorded: 342.0187 ::
trial	342.0187
::Onset of iti expected: 343.5 recorded: 343.5194 ::
iti	343.5194
::Onset of trial expected: 343.75 recorded: 343.7685 ::
trial	343.7685
::Onset of iti expected: 345.25 recorded: 345.2765 ::
iti	345.2765
::Onset of trial expected: 345.5 recorded: 345.5322 ::
trial	345.5322
::Onset of iti expected: 347 recorded: 347.0191 ::
iti	347.0191
::Onset of trial expected: 347.25 recorded: 347.2694 ::
trial	347.2694
::Onset of iti expected: 348.75 recorded: 348.7702 ::
iti	348.7702
::Onset of trial expected: 349 recorded: 349.0199 ::
trial	349.0199
::Onset of iti expected: 350.5 recorded: 350.5199 ::
iti	350.5199
::Onset of trial expected: 350.75 recorded: 350.77 ::
trial	350.7700
::Onset of iti expected: 352.25 recorded: 352.2704 ::
iti	352.2704
::Onset of rest expected: 352.5 recorded: 352.5212 ::
rest	352.5212
::Onset of cue expected: 364.5 recorded: 364.5219 ::
cue	364.5219
::Onset of trial expected: 365 recorded: 365.0222 ::
trial	365.0222
::Onset of iti expected: 366.5 recorded: 366.5229 ::
iti	366.5229
::Onset of trial expected: 366.75 recorded: 366.7732 ::
trial	366.7732
::Onset of iti expected: 368.25 recorded: 368.2728 ::
iti	368.2728
::Onset of trial expected: 368.5 recorded: 368.5227 ::
trial	368.5227
::Onset of iti expected: 370 recorded: 370.0229 ::
iti	370.0229
::Onset of trial expected: 370.25 recorded: 370.273 ::
trial	370.2730
::Onset of iti expected: 371.75 recorded: 371.7729 ::
iti	371.7729
::Onset of trial expected: 372 recorded: 372.023 ::
trial	372.0230
::Onset of iti expected: 373.5 recorded: 373.5238 ::
iti	373.5238
::Onset of trial expected: 373.75 recorded: 373.7736 ::
trial	373.7736
::Onset of iti expected: 375.25 recorded: 375.2741 ::
iti	375.2741
::Onset of trial expected: 375.5 recorded: 375.5244 ::
trial	375.5244
::Onset of iti expected: 377 recorded: 377.0249 ::
iti	377.0249
::Onset of trial expected: 377.25 recorded: 377.2743 ::
trial	377.2743
::Onset of iti expected: 378.75 recorded: 378.7746 ::
iti	378.7746
::Onset of trial expected: 379 recorded: 379.0247 ::
trial	379.0247
::Onset of iti expected: 380.5 recorded: 380.5252 ::
iti	380.5252
::Onset of trial expected: 380.75 recorded: 380.7744 ::
trial	380.7744
::Onset of iti expected: 382.25 recorded: 382.2746 ::
iti	382.2746
::Onset of trial expected: 382.5 recorded: 382.5246 ::
trial	382.5246
::Onset of iti expected: 384 recorded: 384.0255 ::
iti	384.0255
::Onset of trial expected: 384.25 recorded: 384.2758 ::
trial	384.2758
::Onset of iti expected: 385.75 recorded: 385.7755 ::
iti	385.7755
::Onset of trial expected: 386 recorded: 386.0251 ::
trial	386.0251
::Onset of iti expected: 387.5 recorded: 387.5258 ::
iti	387.5258
::Onset of trial expected: 387.75 recorded: 387.7755 ::
trial	387.7755
::Onset of iti expected: 389.25 recorded: 389.2757 ::
iti	389.2757
::Onset of trial expected: 389.5 recorded: 389.5266 ::
trial	389.5266
::Onset of iti expected: 391 recorded: 391.027 ::
iti	391.0270
::Onset of trial expected: 391.25 recorded: 391.2759 ::
trial	391.2759
::Onset of iti expected: 392.75 recorded: 392.7766 ::
iti	392.7766
::Onset of rest expected: 393 recorded: 393.0263 ::
rest	393.0263
::Onset of cue expected: 405 recorded: 405.0289 ::
cue	405.0289
::Onset of trial expected: 405.5 recorded: 405.5284 ::
trial	405.5284
::Onset of iti expected: 407 recorded: 407.0293 ::
iti	407.0293
::Onset of trial expected: 407.25 recorded: 407.2785 ::
trial	407.2785
::Onset of iti expected: 408.75 recorded: 408.7748 ::
iti	408.7748
::Onset of trial expected: 409 recorded: 409.0257 ::
trial	409.0257
::Onset of iti expected: 410.5 recorded: 410.525 ::
iti	410.5250
::Onset of trial expected: 410.75 recorded: 410.7755 ::
trial	410.7755
::Onset of iti expected: 412.25 recorded: 412.2792 ::
iti	412.2792
::Onset of trial expected: 412.5 recorded: 412.5294 ::
trial	412.5294
::Onset of iti expected: 414 recorded: 414.0295 ::
iti	414.0295
::Onset of trial expected: 414.25 recorded: 414.2793 ::
trial	414.2793
::Onset of iti expected: 415.75 recorded: 415.7797 ::
iti	415.7797
::Onset of trial expected: 416 recorded: 416.0301 ::
trial	416.0301
::Onset of iti expected: 417.5 recorded: 417.5302 ::
iti	417.5302
::Onset of trial expected: 417.75 recorded: 417.7805 ::
trial	417.7805
::Onset of iti expected: 419.25 recorded: 419.281 ::
iti	419.2810
::Onset of trial expected: 419.5 recorded: 419.5302 ::
trial	419.5302
::Onset of iti expected: 421 recorded: 421.0302 ::
iti	421.0302
::Onset of trial expected: 421.25 recorded: 421.2812 ::
trial	421.2812
::Onset of iti expected: 422.75 recorded: 422.7807 ::
iti	422.7807
::Onset of trial expected: 423 recorded: 423.0314 ::
trial	423.0314
::Onset of iti expected: 424.5 recorded: 424.5268 ::
iti	424.5268
::Onset of trial expected: 424.75 recorded: 424.7775 ::
trial	424.7775
::Onset of iti expected: 426.25 recorded: 426.2819 ::
iti	426.2819
::Onset of trial expected: 426.5 recorded: 426.5317 ::
trial	426.5317
::Onset of iti expected: 428 recorded: 428.0327 ::
iti	428.0327
::Onset of trial expected: 428.25 recorded: 428.2827 ::
trial	428.2827
::Onset of iti expected: 429.75 recorded: 429.782 ::
iti	429.7820
::Onset of trial expected: 430 recorded: 430.0284 ::
trial	430.0284
::Onset of iti expected: 431.5 recorded: 431.5332 ::
iti	431.5332
::Onset of trial expected: 431.75 recorded: 431.7824 ::
trial	431.7824
::Onset of iti expected: 433.25 recorded: 433.283 ::
iti	433.2830
::Onset of rest expected: 433.5 recorded: 433.5332 ::
rest	433.5332
::Onset of cue expected: 445.5 recorded: 445.5187 ::
cue	445.5187
::Onset of trial expected: 446 recorded: 446.0186 ::
trial	446.0186
::Onset of iti expected: 447.5 recorded: 447.5187 ::
iti	447.5187
::Onset of trial expected: 447.75 recorded: 447.7689 ::
trial	447.7689
::Onset of iti expected: 449.25 recorded: 449.2682 ::
iti	449.2682
::Onset of trial expected: 449.5 recorded: 449.5188 ::
trial	449.5188
::Onset of iti expected: 451 recorded: 451.0183 ::
iti	451.0183
::Onset of trial expected: 451.25 recorded: 451.2688 ::
trial	451.2688
::Onset of iti expected: 452.75 recorded: 452.769 ::
iti	452.7690
::Onset of trial expected: 453 recorded: 453.0194 ::
trial	453.0194
::Onset of iti expected: 454.5 recorded: 454.5187 ::
iti	454.5187
::Onset of trial expected: 454.75 recorded: 454.77 ::
trial	454.7700
::Onset of iti expected: 456.25 recorded: 456.2693 ::
iti	456.2693
::Onset of trial expected: 456.5 recorded: 456.52 ::
trial	456.5200
::Onset of iti expected: 458 recorded: 458.02 ::
iti	458.0200
::Onset of trial expected: 458.25 recorded: 458.2698 ::
trial	458.2698
::Onset of iti expected: 459.75 recorded: 459.7704 ::
iti	459.7704
::Onset of trial expected: 460 recorded: 460.0205 ::
trial	460.0205
::Onset of iti expected: 461.5 recorded: 461.5205 ::
iti	461.5205
::Onset of trial expected: 461.75 recorded: 461.7711 ::
trial	461.7711
::Onset of iti expected: 463.25 recorded: 463.2709 ::
iti	463.2709
::Onset of trial expected: 463.5 recorded: 463.5211 ::
trial	463.5211
::Onset of iti expected: 465 recorded: 465.0205 ::
iti	465.0205
::Onset of trial expected: 465.25 recorded: 465.2705 ::
trial	465.2705
::Onset of iti expected: 466.75 recorded: 466.771 ::
iti	466.7710
::Onset of trial expected: 467 recorded: 467.0217 ::
trial	467.0217
::Onset of iti expected: 468.5 recorded: 468.5217 ::
iti	468.5217
::Onset of trial expected: 468.75 recorded: 468.7723 ::
trial	468.7723
::Onset of iti expected: 470.25 recorded: 470.2713 ::
iti	470.2713
::Onset of trial expected: 470.5 recorded: 470.5223 ::
trial	470.5223
::Onset of iti expected: 472 recorded: 472.0216 ::
iti	472.0216
::Onset of trial expected: 472.25 recorded: 472.2722 ::
trial	472.2722
::Onset of iti expected: 473.75 recorded: 473.7729 ::
iti	473.7729
::Onset of rest expected: 474 recorded: 474.0223 ::
rest	474.0223
::Onset of cue expected: 486 recorded: 486.0235 ::
cue	486.0235
::Onset of trial expected: 486.5 recorded: 486.5239 ::
trial	486.5239
::Onset of iti expected: 488 recorded: 488.0244 ::
iti	488.0244
::Onset of trial expected: 488.25 recorded: 488.275 ::
trial	488.2750
::Onset of iti expected: 489.75 recorded: 489.775 ::
iti	489.7750
::Onset of trial expected: 490 recorded: 490.0246 ::
trial	490.0246
::Onset of iti expected: 491.5 recorded: 491.525 ::
iti	491.5250
::Onset of trial expected: 491.75 recorded: 491.7755 ::
trial	491.7755
::Onset of iti expected: 493.25 recorded: 493.275 ::
iti	493.2750
::Onset of trial expected: 493.5 recorded: 493.5258 ::
trial	493.5258
::Onset of iti expected: 495 recorded: 495.0259 ::
iti	495.0259
::Onset of trial expected: 495.25 recorded: 495.2755 ::
trial	495.2755
::Onset of iti expected: 496.75 recorded: 496.7766 ::
iti	496.7766
::Onset of trial expected: 497 recorded: 497.0262 ::
trial	497.0262
::Onset of iti expected: 498.5 recorded: 498.5263 ::
iti	498.5263
::Onset of trial expected: 498.75 recorded: 498.7759 ::
trial	498.7759
::Onset of iti expected: 500.25 recorded: 500.2762 ::
iti	500.2762
::Onset of trial expected: 500.5 recorded: 500.5267 ::
trial	500.5267
::Onset of iti expected: 502 recorded: 502.0265 ::
iti	502.0265
::Onset of trial expected: 502.25 recorded: 502.2767 ::
trial	502.2767
::Onset of iti expected: 503.75 recorded: 503.7773 ::
iti	503.7773
::Onset of trial expected: 504 recorded: 504.0271 ::
trial	504.0271
::Onset of iti expected: 505.5 recorded: 505.5273 ::
iti	505.5273
::Onset of trial expected: 505.75 recorded: 505.7769 ::
trial	505.7769
::Onset of iti expected: 507.25 recorded: 507.2782 ::
iti	507.2782
::Onset of trial expected: 507.5 recorded: 507.5273 ::
trial	507.5273
::Onset of iti expected: 509 recorded: 509.0281 ::
iti	509.0281
::Onset of trial expected: 509.25 recorded: 509.2777 ::
trial	509.2777
::Onset of iti expected: 510.75 recorded: 510.7785 ::
iti	510.7785
::Onset of trial expected: 511 recorded: 511.0282 ::
trial	511.0282
::Onset of iti expected: 512.5 recorded: 512.5278 ::
iti	512.5278
::Onset of trial expected: 512.75 recorded: 512.7781 ::
trial	512.7781
::Onset of iti expected: 514.25 recorded: 514.278 ::
iti	514.2780
::Onset of rest expected: 514.5 recorded: 514.5286 ::
rest	514.5286
::Onset of cue expected: 526.5 recorded: 526.5203 ::
cue	526.5203
::Onset of trial expected: 527 recorded: 527.0264 ::
trial	527.0264
::Onset of iti expected: 528.5 recorded: 528.5306 ::
iti	528.5306
::Onset of trial expected: 528.75 recorded: 528.7803 ::
trial	528.7803
::Onset of iti expected: 530.25 recorded: 530.2814 ::
iti	530.2814
::Onset of trial expected: 530.5 recorded: 530.5315 ::
trial	530.5315
::Onset of iti expected: 532 recorded: 532.0309 ::
iti	532.0309
::Onset of trial expected: 532.25 recorded: 532.2806 ::
trial	532.2806
::Onset of iti expected: 533.75 recorded: 533.7821 ::
iti	533.7821
::Onset of trial expected: 534 recorded: 534.0319 ::
trial	534.0319
::Onset of iti expected: 535.5 recorded: 535.5318 ::
iti	535.5318
::Onset of trial expected: 535.75 recorded: 535.782 ::
trial	535.7820
::Onset of iti expected: 537.25 recorded: 537.2817 ::
iti	537.2817
::Onset of trial expected: 537.5 recorded: 537.5319 ::
trial	537.5319
::Onset of iti expected: 539 recorded: 539.0321 ::
iti	539.0321
::Onset of trial expected: 539.25 recorded: 539.282 ::
trial	539.2820
::Onset of iti expected: 540.75 recorded: 540.7823 ::
iti	540.7823
::Onset of trial expected: 541 recorded: 541.033 ::
trial	541.0330
::Onset of iti expected: 542.5 recorded: 542.5329 ::
iti	542.5329
::Onset of trial expected: 542.75 recorded: 542.7826 ::
trial	542.7826
::Onset of iti expected: 544.25 recorded: 544.2832 ::
iti	544.2832
::Onset of trial expected: 544.5 recorded: 544.5329 ::
trial	544.5329
::Onset of iti expected: 546 recorded: 546.0334 ::
iti	546.0334
::Onset of trial expected: 546.25 recorded: 546.2672 ::
trial	546.2672
::Onset of iti expected: 547.75 recorded: 547.7671 ::
iti	547.7671
::Onset of trial expected: 548 recorded: 548.0171 ::
trial	548.0171
::Onset of iti expected: 549.5 recorded: 549.5172 ::
iti	549.5172
::Onset of trial expected: 549.75 recorded: 549.7673 ::
trial	549.7673
::Onset of iti expected: 551.25 recorded: 551.2675 ::
iti	551.2675
::Onset of trial expected: 551.5 recorded: 551.5171 ::
trial	551.5171
::Onset of iti expected: 553 recorded: 553.0182 ::
iti	553.0182
::Onset of trial expected: 553.25 recorded: 553.2849 ::
trial	553.2849
::Onset of iti expected: 554.75 recorded: 554.7679 ::
iti	554.7679
::Onset of rest expected: 555 recorded: 555.0184 ::
rest	555.0184
::Onset of cue expected: 567 recorded: 567.0203 ::
cue	567.0203
::Onset of trial expected: 567.5 recorded: 567.5201 ::
trial	567.5201
::Onset of iti expected: 569 recorded: 569.0203 ::
iti	569.0203
::Onset of trial expected: 569.25 recorded: 569.2706 ::
trial	569.2706
::Onset of iti expected: 570.75 recorded: 570.7701 ::
iti	570.7701
::Onset of trial expected: 571 recorded: 571.0205 ::
trial	571.0205
::Onset of iti expected: 572.5 recorded: 572.5204 ::
iti	572.5204
::Onset of trial expected: 572.75 recorded: 572.7703 ::
trial	572.7703
::Onset of iti expected: 574.25 recorded: 574.2705 ::
iti	574.2705
::Onset of trial expected: 574.5 recorded: 574.521 ::
trial	574.5210
::Onset of iti expected: 576 recorded: 576.0215 ::
iti	576.0215
::Onset of trial expected: 576.25 recorded: 576.2711 ::
trial	576.2711
::Onset of iti expected: 577.75 recorded: 577.7723 ::
iti	577.7723
::Onset of trial expected: 578 recorded: 578.022 ::
trial	578.0220
::Onset of iti expected: 579.5 recorded: 579.522 ::
iti	579.5220
::Onset of trial expected: 579.75 recorded: 579.7719 ::
trial	579.7719
::Onset of iti expected: 581.25 recorded: 581.2718 ::
iti	581.2718
::Onset of trial expected: 581.5 recorded: 581.5225 ::
trial	581.5225
::Onset of iti expected: 583 recorded: 583.022 ::
iti	583.0220
::Onset of trial expected: 583.25 recorded: 583.2719 ::
trial	583.2719
::Onset of iti expected: 584.75 recorded: 584.773 ::
iti	584.7730
::Onset of trial expected: 585 recorded: 585.0225 ::
trial	585.0225
::Onset of iti expected: 586.5 recorded: 586.5233 ::
iti	586.5233
::Onset of trial expected: 586.75 recorded: 586.7731 ::
trial	586.7731
::Onset of iti expected: 588.25 recorded: 588.2736 ::
iti	588.2736
::Onset of trial expected: 588.5 recorded: 588.5237 ::
trial	588.5237
::Onset of iti expected: 590 recorded: 590.0235 ::
iti	590.0235
::Onset of trial expected: 590.25 recorded: 590.2742 ::
trial	590.2742
::Onset of iti expected: 591.75 recorded: 591.7739 ::
iti	591.7739
::Onset of trial expected: 592 recorded: 592.0237 ::
trial	592.0237
::Onset of iti expected: 593.5 recorded: 593.524 ::
iti	593.5240
::Onset of trial expected: 593.75 recorded: 593.774 ::
trial	593.7740
::Onset of iti expected: 595.25 recorded: 595.2745 ::
iti	595.2745
::Onset of rest expected: 595.5 recorded: 595.5245 ::
rest	595.5245
::Post-Test started at 08-Jan-2013 22:55:22, with machine clock reading 35428.0569.::
::Post text question started at 08-Jan-2013 22:55:22, with machine clock reading 35428.0569.::
t	622.6354
h	622.7354
e	623.0572
y	623.4354
space	624.1413
a	624.5520
p	624.7185
p	624.9016
e	625.0583
a	625.1949
r	625.3528
space	625.5360
o	625.8021
u	625.9028
t	626.0192
space	626.1022
o	626.2688
f	626.4351
space	626.5588
n	626.7785
o	626.8859
w	627.1858
h	627.3856
e	627.5028
r	627.6362
e	627.7360
Return	630.5699
::Post numerical sequence started at 08-Jan-2013 22:55:46, with machine clock reading 35428.0569.::
::Post movement (non-forced) sequence started at 08-Jan-2013 22:57:19, with machine clock reading 35428.0569.::
::Post movement (forced) sequence started at 08-Jan-2013 22:57:34, with machine clock reading 35428.0569.::
