::Queue started at 28-Jan-2013 13:58:54, with machine clock reading 445078.3056.::
::Experiment started at 28-Jan-2013 13:58:55, with machine clock reading 445078.9117.::
::TTL #1 expected (time-based): 0 recorded: 0 ::
=+	890157.7901
::Onset of cue expected: [N/A SELF PACED]  recorded: 0.030965 ::
cue	0.0310
::Onset of trial expected: [N/A SELF PACED]  recorded: 0.56461 ::
trial	0.5646
::Onset of return expected: [N/A SELF PACED]  recorded: 2.3804 ::
return	2.3804
::Onset of trial expected: [N/A SELF PACED]  recorded: 3.015 ::
trial	3.0150
::Onset of return expected: [N/A SELF PACED]  recorded: 3.7813 ::
return	3.7813
::Onset of trial expected: [N/A SELF PACED]  recorded: 4.4977 ::
trial	4.4977
::Onset of return expected: [N/A SELF PACED]  recorded: 6.2321 ::
return	6.2321
::Onset of trial expected: [N/A SELF PACED]  recorded: 6.9488 ::
trial	6.9488
::Onset of return expected: [N/A SELF PACED]  recorded: 7.7152 ::
return	7.7152
::Onset of trial expected: [N/A SELF PACED]  recorded: 8.8657 ::
trial	8.8657
::Onset of return expected: [N/A SELF PACED]  recorded: 9.5818 ::
return	9.5818
::Onset of trial expected: [N/A SELF PACED]  recorded: 10.216 ::
trial	10.2160
::Onset of return expected: [N/A SELF PACED]  recorded: 10.9329 ::
return	10.9329
::Onset of trial expected: [N/A SELF PACED]  recorded: 11.5656 ::
trial	11.5656
::Onset of return expected: [N/A SELF PACED]  recorded: 12.2824 ::
return	12.2824
::Onset of trial expected: [N/A SELF PACED]  recorded: 12.9331 ::
trial	12.9331
::Onset of return expected: [N/A SELF PACED]  recorded: 13.6494 ::
return	13.6494
::Onset of trial expected: [N/A SELF PACED]  recorded: 14.3666 ::
trial	14.3666
::Onset of return expected: [N/A SELF PACED]  recorded: 15.0836 ::
return	15.0836
::Onset of trial expected: [N/A SELF PACED]  recorded: 15.7168 ::
trial	15.7168
::Onset of return expected: [N/A SELF PACED]  recorded: 16.4336 ::
return	16.4336
::Onset of trial expected: [N/A SELF PACED]  recorded: 17.0663 ::
trial	17.0663
::Onset of return expected: [N/A SELF PACED]  recorded: 17.7833 ::
return	17.7833
::Onset of trial expected: [N/A SELF PACED]  recorded: 18.4336 ::
trial	18.4336
::Onset of return expected: [N/A SELF PACED]  recorded: 19.1508 ::
return	19.1508
::Onset of trial expected: [N/A SELF PACED]  recorded: 19.8667 ::
trial	19.8667
::Onset of return expected: [N/A SELF PACED]  recorded: 20.5845 ::
return	20.5845
::Onset of trial expected: [N/A SELF PACED]  recorded: 21.2183 ::
trial	21.2183
::Onset of return expected: [N/A SELF PACED]  recorded: 21.934 ::
return	21.9340
::Onset of trial expected: [N/A SELF PACED]  recorded: 22.5849 ::
trial	22.5849
::Onset of return expected: [N/A SELF PACED]  recorded: 23.3013 ::
return	23.3013
::Onset of trial expected: [N/A SELF PACED]  recorded: 24.0176 ::
trial	24.0176
::Onset of return expected: [N/A SELF PACED]  recorded: 24.7345 ::
return	24.7345
::Onset of rest expected: [N/A SELF PACED]  recorded: 25.3678 ::
rest	25.3678
::Onset of cue expected: [N/A SELF PACED]  recorded: 37.3872 ::
cue	37.3872
::Onset of trial expected: [N/A SELF PACED]  recorded: 37.9202 ::
trial	37.9202
::Onset of return expected: [N/A SELF PACED]  recorded: 38.8865 ::
return	38.8865
::Onset of trial expected: [N/A SELF PACED]  recorded: 39.5203 ::
trial	39.5203
::Onset of return expected: [N/A SELF PACED]  recorded: 40.2369 ::
return	40.2369
::Onset of trial expected: [N/A SELF PACED]  recorded: 40.9544 ::
trial	40.9544
::Onset of return expected: [N/A SELF PACED]  recorded: 41.6702 ::
return	41.6702
::Onset of trial expected: [N/A SELF PACED]  recorded: 42.3038 ::
trial	42.3038
::Onset of return expected: [N/A SELF PACED]  recorded: 43.021 ::
return	43.0210
::Onset of trial expected: [N/A SELF PACED]  recorded: 43.6715 ::
trial	43.6715
::Onset of return expected: [N/A SELF PACED]  recorded: 44.3885 ::
return	44.3885
::Onset of trial expected: [N/A SELF PACED]  recorded: 45.1039 ::
trial	45.1039
::Onset of return expected: [N/A SELF PACED]  recorded: 45.8214 ::
return	45.8214
::Onset of trial expected: [N/A SELF PACED]  recorded: 46.4544 ::
trial	46.4544
::Onset of return expected: [N/A SELF PACED]  recorded: 47.1713 ::
return	47.1713
::Onset of trial expected: [N/A SELF PACED]  recorded: 47.8055 ::
trial	47.8055
::Onset of return expected: [N/A SELF PACED]  recorded: 48.539 ::
return	48.5390
::Onset of trial expected: [N/A SELF PACED]  recorded: 49.1717 ::
trial	49.1717
::Onset of return expected: [N/A SELF PACED]  recorded: 49.8886 ::
return	49.8886
::Onset of trial expected: [N/A SELF PACED]  recorded: 50.6055 ::
trial	50.6055
::Onset of return expected: [N/A SELF PACED]  recorded: 51.3226 ::
return	51.3226
::Onset of trial expected: [N/A SELF PACED]  recorded: 52.0395 ::
trial	52.0395
::Onset of return expected: [N/A SELF PACED]  recorded: 52.7563 ::
return	52.7563
::Onset of trial expected: [N/A SELF PACED]  recorded: 53.4051 ::
trial	53.4051
::Onset of return expected: [N/A SELF PACED]  recorded: 54.1232 ::
return	54.1232
::Onset of trial expected: [N/A SELF PACED]  recorded: 54.7556 ::
trial	54.7556
::Onset of return expected: [N/A SELF PACED]  recorded: 55.4735 ::
return	55.4735
::Onset of trial expected: [N/A SELF PACED]  recorded: 56.1896 ::
trial	56.1896
::Onset of return expected: [N/A SELF PACED]  recorded: 56.9067 ::
return	56.9067
::Onset of trial expected: [N/A SELF PACED]  recorded: 57.5392 ::
trial	57.5392
::Onset of return expected: [N/A SELF PACED]  recorded: 58.2567 ::
return	58.2567
::Onset of trial expected: [N/A SELF PACED]  recorded: 58.9062 ::
trial	58.9062
::Onset of return expected: [N/A SELF PACED]  recorded: 59.624 ::
return	59.6240
::Onset of trial expected: [N/A SELF PACED]  recorded: 60.2565 ::
trial	60.2565
::Onset of return expected: [N/A SELF PACED]  recorded: 60.9735 ::
return	60.9735
::Onset of trial expected: [N/A SELF PACED]  recorded: 61.6065 ::
trial	61.6065
::Onset of return expected: [N/A SELF PACED]  recorded: 62.3245 ::
return	62.3245
::Onset of trial expected: [N/A SELF PACED]  recorded: 62.9733 ::
trial	62.9733
::Onset of return expected: [N/A SELF PACED]  recorded: 63.6906 ::
return	63.6906
::Onset of trial expected: [N/A SELF PACED]  recorded: 64.324 ::
trial	64.3240
::Onset of return expected: [N/A SELF PACED]  recorded: 65.0411 ::
return	65.0411
::Onset of trial expected: [N/A SELF PACED]  recorded: 65.6745 ::
trial	65.6745
::Onset of return expected: [N/A SELF PACED]  recorded: 66.3915 ::
return	66.3915
::Onset of trial expected: [N/A SELF PACED]  recorded: 67.1083 ::
trial	67.1083
::Onset of return expected: [N/A SELF PACED]  recorded: 67.8418 ::
return	67.8418
::Onset of trial expected: [N/A SELF PACED]  recorded: 68.4749 ::
trial	68.4749
::Onset of return expected: [N/A SELF PACED]  recorded: 69.1918 ::
return	69.1918
::Onset of trial expected: [N/A SELF PACED]  recorded: 69.8243 ::
trial	69.8243
::Onset of return expected: [N/A SELF PACED]  recorded: 70.5416 ::
return	70.5416
::Onset of trial expected: [N/A SELF PACED]  recorded: 71.1743 ::
trial	71.1743
::Onset of return expected: [N/A SELF PACED]  recorded: 71.8923 ::
return	71.8923
::Onset of trial expected: [N/A SELF PACED]  recorded: 72.5422 ::
trial	72.5422
::Onset of return expected: [N/A SELF PACED]  recorded: 73.2586 ::
return	73.2586
::Onset of trial expected: [N/A SELF PACED]  recorded: 73.9751 ::
trial	73.9751
::Onset of return expected: [N/A SELF PACED]  recorded: 74.6924 ::
return	74.6924
::Onset of trial expected: [N/A SELF PACED]  recorded: 75.3257 ::
trial	75.3257
::Onset of return expected: [N/A SELF PACED]  recorded: 76.043 ::
return	76.0430
::Onset of trial expected: [N/A SELF PACED]  recorded: 76.6757 ::
trial	76.6757
::Onset of return expected: [N/A SELF PACED]  recorded: 77.4089 ::
return	77.4089
::Onset of trial expected: [N/A SELF PACED]  recorded: 78.1258 ::
trial	78.1258
::Onset of return expected: [N/A SELF PACED]  recorded: 78.8434 ::
return	78.8434
::Onset of trial expected: [N/A SELF PACED]  recorded: 79.4762 ::
trial	79.4762
::Onset of return expected: [N/A SELF PACED]  recorded: 80.1938 ::
return	80.1938
::Onset of trial expected: [N/A SELF PACED]  recorded: 80.826 ::
trial	80.8260
::Onset of return expected: [N/A SELF PACED]  recorded: 81.5432 ::
return	81.5432
::Onset of trial expected: [N/A SELF PACED]  recorded: 82.1927 ::
trial	82.1927
::Onset of return expected: [N/A SELF PACED]  recorded: 82.9095 ::
return	82.9095
::Onset of trial expected: [N/A SELF PACED]  recorded: 83.5441 ::
trial	83.5441
::Onset of return expected: [N/A SELF PACED]  recorded: 84.2601 ::
return	84.2601
::Onset of trial expected: [N/A SELF PACED]  recorded: 84.894 ::
trial	84.8940
::Onset of return expected: [N/A SELF PACED]  recorded: 85.6112 ::
return	85.6112
::Onset of trial expected: [N/A SELF PACED]  recorded: 86.26 ::
trial	86.2600
::Onset of return expected: [N/A SELF PACED]  recorded: 86.9769 ::
return	86.9769
::Onset of trial expected: [N/A SELF PACED]  recorded: 88.8948 ::
trial	88.8948
::Onset of return expected: [N/A SELF PACED]  recorded: 89.6611 ::
return	89.6611
::Onset of trial expected: [N/A SELF PACED]  recorded: 90.3775 ::
trial	90.3775
::Onset of return expected: [N/A SELF PACED]  recorded: 91.0943 ::
return	91.0943
::Onset of trial expected: [N/A SELF PACED]  recorded: 91.7283 ::
trial	91.7283
::Onset of return expected: [N/A SELF PACED]  recorded: 92.4449 ::
return	92.4449
::Onset of trial expected: [N/A SELF PACED]  recorded: 93.078 ::
trial	93.0780
::Onset of return expected: [N/A SELF PACED]  recorded: 93.7947 ::
return	93.7947
::Onset of trial expected: [N/A SELF PACED]  recorded: 94.4455 ::
trial	94.4455
::Onset of return expected: [N/A SELF PACED]  recorded: 95.1616 ::
return	95.1616
::Onset of trial expected: [N/A SELF PACED]  recorded: 95.7959 ::
trial	95.7959
::Onset of return expected: [N/A SELF PACED]  recorded: 97.2793 ::
return	97.2793
::Onset of trial expected: [N/A SELF PACED]  recorded: 97.9955 ::
trial	97.9955
::Onset of return expected: [N/A SELF PACED]  recorded: 99.4794 ::
return	99.4794
::Onset of trial expected: [N/A SELF PACED]  recorded: 100.1963 ::
trial	100.1963
::Onset of return expected: [N/A SELF PACED]  recorded: 101.2629 ::
return	101.2629
::Onset of trial expected: [N/A SELF PACED]  recorded: 101.9801 ::
trial	101.9801
::Onset of return expected: [N/A SELF PACED]  recorded: 103.0972 ::
return	103.0972
::Onset of trial expected: [N/A SELF PACED]  recorded: 104.9964 ::
trial	104.9964
::Onset of return expected: [N/A SELF PACED]  recorded: 106.0477 ::
return	106.0477
::Onset of trial expected: [N/A SELF PACED]  recorded: 106.7642 ::
trial	106.7642
::Onset of return expected: [N/A SELF PACED]  recorded: 107.7804 ::
return	107.7804
::Onset of trial expected: [N/A SELF PACED]  recorded: 108.4979 ::
trial	108.4979
::Onset of return expected: [N/A SELF PACED]  recorded: 109.4813 ::
return	109.4813
::Onset of rest expected: [N/A SELF PACED]  recorded: 110.1646 ::
rest	110.1646
::Onset of cue expected: [N/A SELF PACED]  recorded: 122.1833 ::
cue	122.1833
::Onset of trial expected: [N/A SELF PACED]  recorded: 122.7164 ::
trial	122.7164
::Onset of return expected: [N/A SELF PACED]  recorded: 125.7663 ::
return	125.7663
::Onset of trial expected: [N/A SELF PACED]  recorded: 126.7338 ::
trial	126.7338
::Onset of return expected: [N/A SELF PACED]  recorded: 127.5501 ::
return	127.5501
::Onset of trial expected: [N/A SELF PACED]  recorded: 128.4338 ::
trial	128.4338
::Onset of return expected: [N/A SELF PACED]  recorded: 129.2003 ::
return	129.2003
::Onset of trial expected: [N/A SELF PACED]  recorded: 130.0003 ::
trial	130.0003
::Onset of return expected: [N/A SELF PACED]  recorded: 130.7173 ::
return	130.7173
::Onset of trial expected: [N/A SELF PACED]  recorded: 131.3504 ::
trial	131.3504
::Onset of return expected: [N/A SELF PACED]  recorded: 132.1013 ::
return	132.1013
::Onset of trial expected: [N/A SELF PACED]  recorded: 132.7847 ::
trial	132.7847
::Onset of return expected: [N/A SELF PACED]  recorded: 133.5517 ::
return	133.5517
::Onset of trial expected: [N/A SELF PACED]  recorded: 134.2188 ::
trial	134.2188
::Onset of return expected: [N/A SELF PACED]  recorded: 134.9352 ::
return	134.9352
::Onset of trial expected: [N/A SELF PACED]  recorded: 135.6187 ::
trial	135.6187
::Onset of return expected: [N/A SELF PACED]  recorded: 136.4011 ::
return	136.4011
::Onset of trial expected: [N/A SELF PACED]  recorded: 137.1186 ::
trial	137.1186
::Onset of return expected: [N/A SELF PACED]  recorded: 137.8351 ::
return	137.8351
::Onset of trial expected: [N/A SELF PACED]  recorded: 138.4681 ::
trial	138.4681
::Onset of return expected: [N/A SELF PACED]  recorded: 139.2356 ::
return	139.2356
::Onset of trial expected: [N/A SELF PACED]  recorded: 139.9516 ::
trial	139.9516
::Onset of return expected: [N/A SELF PACED]  recorded: 140.669 ::
return	140.6690
::Onset of trial expected: [N/A SELF PACED]  recorded: 141.303 ::
trial	141.3030
::Onset of return expected: [N/A SELF PACED]  recorded: 142.0364 ::
return	142.0364
::Onset of trial expected: [N/A SELF PACED]  recorded: 142.7686 ::
trial	142.7686
::Onset of return expected: [N/A SELF PACED]  recorded: 143.5866 ::
return	143.5866
::Onset of trial expected: [N/A SELF PACED]  recorded: 144.3035 ::
trial	144.3035
::Onset of return expected: [N/A SELF PACED]  recorded: 145.1027 ::
return	145.1027
::Onset of trial expected: [N/A SELF PACED]  recorded: 145.8529 ::
trial	145.8529
::Onset of return expected: [N/A SELF PACED]  recorded: 146.5701 ::
return	146.5701
::Onset of trial expected: [N/A SELF PACED]  recorded: 147.2202 ::
trial	147.2202
::Onset of return expected: [N/A SELF PACED]  recorded: 147.9868 ::
return	147.9868
::Onset of rest expected: [N/A SELF PACED]  recorded: 148.687 ::
rest	148.6870
::Onset of cue expected: [N/A SELF PACED]  recorded: 160.7053 ::
cue	160.7053
::Onset of trial expected: [N/A SELF PACED]  recorded: 161.2214 ::
trial	161.2214
::Onset of return expected: [N/A SELF PACED]  recorded: 162.5384 ::
return	162.5384
::Onset of trial expected: [N/A SELF PACED]  recorded: 163.1885 ::
trial	163.1885
::Onset of return expected: [N/A SELF PACED]  recorded: 163.9063 ::
return	163.9063
::Onset of trial expected: [N/A SELF PACED]  recorded: 164.5396 ::
trial	164.5396
::Onset of return expected: [N/A SELF PACED]  recorded: 165.256 ::
return	165.2560
::Onset of trial expected: [N/A SELF PACED]  recorded: 165.8893 ::
trial	165.8893
::Onset of return expected: [N/A SELF PACED]  recorded: 166.6066 ::
return	166.6066
::Onset of trial expected: [N/A SELF PACED]  recorded: 167.2563 ::
trial	167.2563
::Onset of return expected: [N/A SELF PACED]  recorded: 167.9735 ::
return	167.9735
::Onset of trial expected: [N/A SELF PACED]  recorded: 168.6066 ::
trial	168.6066
::Onset of return expected: [N/A SELF PACED]  recorded: 169.3232 ::
return	169.3232
::Onset of trial expected: [N/A SELF PACED]  recorded: 170.0403 ::
trial	170.0403
::Onset of return expected: [N/A SELF PACED]  recorded: 170.7567 ::
return	170.7567
::Onset of trial expected: [N/A SELF PACED]  recorded: 171.3898 ::
trial	171.3898
::Onset of return expected: [N/A SELF PACED]  recorded: 172.1077 ::
return	172.1077
::Onset of trial expected: [N/A SELF PACED]  recorded: 172.7571 ::
trial	172.7571
::Onset of return expected: [N/A SELF PACED]  recorded: 173.4735 ::
return	173.4735
::Onset of trial expected: [N/A SELF PACED]  recorded: 174.1906 ::
trial	174.1906
::Onset of return expected: [N/A SELF PACED]  recorded: 174.9073 ::
return	174.9073
::Onset of trial expected: [N/A SELF PACED]  recorded: 175.6254 ::
trial	175.6254
::Onset of return expected: [N/A SELF PACED]  recorded: 176.3407 ::
return	176.3407
::Onset of trial expected: [N/A SELF PACED]  recorded: 176.974 ::
trial	176.9740
::Onset of return expected: [N/A SELF PACED]  recorded: 177.6912 ::
return	177.6912
::Onset of trial expected: [N/A SELF PACED]  recorded: 178.3409 ::
trial	178.3409
::Onset of return expected: [N/A SELF PACED]  recorded: 179.0584 ::
return	179.0584
::Onset of trial expected: [N/A SELF PACED]  recorded: 179.6924 ::
trial	179.6924
::Onset of return expected: [N/A SELF PACED]  recorded: 180.4084 ::
return	180.4084
::Onset of trial expected: [N/A SELF PACED]  recorded: 181.0417 ::
trial	181.0417
::Onset of return expected: [N/A SELF PACED]  recorded: 181.7591 ::
return	181.7591
::Onset of trial expected: [N/A SELF PACED]  recorded: 182.4083 ::
trial	182.4083
::Onset of return expected: [N/A SELF PACED]  recorded: 183.1253 ::
return	183.1253
::Onset of trial expected: [N/A SELF PACED]  recorded: 183.7591 ::
trial	183.7591
::Onset of return expected: [N/A SELF PACED]  recorded: 184.476 ::
return	184.4760
::Onset of trial expected: [N/A SELF PACED]  recorded: 185.1094 ::
trial	185.1094
::Onset of return expected: [N/A SELF PACED]  recorded: 185.826 ::
return	185.8260
::Onset of trial expected: [N/A SELF PACED]  recorded: 186.4766 ::
trial	186.4766
::Onset of return expected: [N/A SELF PACED]  recorded: 187.1934 ::
return	187.1934
::Onset of trial expected: [N/A SELF PACED]  recorded: 187.8266 ::
trial	187.8266
::Onset of return expected: [N/A SELF PACED]  recorded: 188.5436 ::
return	188.5436
::Onset of trial expected: [N/A SELF PACED]  recorded: 189.1767 ::
trial	189.1767
::Onset of return expected: [N/A SELF PACED]  recorded: 189.893 ::
return	189.8930
::Onset of trial expected: [N/A SELF PACED]  recorded: 190.6108 ::
trial	190.6108
::Onset of return expected: [N/A SELF PACED]  recorded: 191.3444 ::
return	191.3444
::Onset of trial expected: [N/A SELF PACED]  recorded: 191.9775 ::
trial	191.9775
::Onset of return expected: [N/A SELF PACED]  recorded: 192.6937 ::
return	192.6937
::Onset of trial expected: [N/A SELF PACED]  recorded: 193.327 ::
trial	193.3270
::Onset of return expected: [N/A SELF PACED]  recorded: 194.044 ::
return	194.0440
::Onset of trial expected: [N/A SELF PACED]  recorded: 194.6777 ::
trial	194.6777
::Onset of return expected: [N/A SELF PACED]  recorded: 195.3947 ::
return	195.3947
::Onset of trial expected: [N/A SELF PACED]  recorded: 196.044 ::
trial	196.0440
::Onset of return expected: [N/A SELF PACED]  recorded: 196.7616 ::
return	196.7616
::Onset of trial expected: [N/A SELF PACED]  recorded: 197.4777 ::
trial	197.4777
::Onset of return expected: [N/A SELF PACED]  recorded: 198.1944 ::
return	198.1944
::Onset of trial expected: [N/A SELF PACED]  recorded: 199.7112 ::
trial	199.7112
::Onset of return expected: [N/A SELF PACED]  recorded: 200.6117 ::
return	200.6117
::Onset of trial expected: [N/A SELF PACED]  recorded: 201.3288 ::
trial	201.3288
::Onset of return expected: [N/A SELF PACED]  recorded: 202.0452 ::
return	202.0452
::Onset of trial expected: [N/A SELF PACED]  recorded: 202.6793 ::
trial	202.6793
::Onset of return expected: [N/A SELF PACED]  recorded: 203.3955 ::
return	203.3955
::Onset of trial expected: [N/A SELF PACED]  recorded: 205.0618 ::
trial	205.0618
::Onset of return expected: [N/A SELF PACED]  recorded: 206.0629 ::
return	206.0629
::Onset of trial expected: [N/A SELF PACED]  recorded: 207.3628 ::
trial	207.3628
::Onset of return expected: [N/A SELF PACED]  recorded: 208.3627 ::
return	208.3627
::Onset of trial expected: [N/A SELF PACED]  recorded: 209.1298 ::
trial	209.1298
::Onset of return expected: [N/A SELF PACED]  recorded: 209.9628 ::
return	209.9628
::Onset of trial expected: [N/A SELF PACED]  recorded: 210.5962 ::
trial	210.5962
::Onset of return expected: [N/A SELF PACED]  recorded: 211.3136 ::
return	211.3136
::Onset of trial expected: [N/A SELF PACED]  recorded: 211.946 ::
trial	211.9460
::Onset of return expected: [N/A SELF PACED]  recorded: 212.6632 ::
return	212.6632
::Onset of trial expected: [N/A SELF PACED]  recorded: 213.2971 ::
trial	213.2971
::Onset of return expected: [N/A SELF PACED]  recorded: 214.0304 ::
return	214.0304
::Onset of trial expected: [N/A SELF PACED]  recorded: 214.6646 ::
trial	214.6646
::Onset of return expected: [N/A SELF PACED]  recorded: 215.3803 ::
return	215.3803
::Onset of trial expected: [N/A SELF PACED]  recorded: 216.0139 ::
trial	216.0139
::Onset of return expected: [N/A SELF PACED]  recorded: 216.7315 ::
return	216.7315
::Onset of trial expected: [N/A SELF PACED]  recorded: 217.3639 ::
trial	217.3639
::Onset of return expected: [N/A SELF PACED]  recorded: 218.0983 ::
return	218.0983
::Onset of trial expected: [N/A SELF PACED]  recorded: 218.7315 ::
trial	218.7315
::Onset of return expected: [N/A SELF PACED]  recorded: 219.4486 ::
return	219.4486
::Onset of trial expected: [N/A SELF PACED]  recorded: 220.081 ::
trial	220.0810
::Onset of return expected: [N/A SELF PACED]  recorded: 220.7979 ::
return	220.7979
::Onset of trial expected: [N/A SELF PACED]  recorded: 221.432 ::
trial	221.4320
::Onset of return expected: [N/A SELF PACED]  recorded: 222.1478 ::
return	222.1478
::Onset of trial expected: [N/A SELF PACED]  recorded: 222.798 ::
trial	222.7980
::Onset of return expected: [N/A SELF PACED]  recorded: 223.5153 ::
return	223.5153
::Onset of trial expected: [N/A SELF PACED]  recorded: 224.1487 ::
trial	224.1487
::Onset of return expected: [N/A SELF PACED]  recorded: 224.8661 ::
return	224.8661
::Onset of trial expected: [N/A SELF PACED]  recorded: 225.4982 ::
trial	225.4982
::Onset of return expected: [N/A SELF PACED]  recorded: 226.2151 ::
return	226.2151
::Onset of trial expected: [N/A SELF PACED]  recorded: 226.8651 ::
trial	226.8651
::Onset of return expected: [N/A SELF PACED]  recorded: 227.5825 ::
return	227.5825
::Onset of trial expected: [N/A SELF PACED]  recorded: 228.9153 ::
trial	228.9153
::Onset of return expected: [N/A SELF PACED]  recorded: 229.6328 ::
return	229.6328
::Onset of trial expected: [N/A SELF PACED]  recorded: 230.2658 ::
trial	230.2658
::Onset of return expected: [N/A SELF PACED]  recorded: 230.9835 ::
return	230.9835
::Onset of rest expected: [N/A SELF PACED]  recorded: 231.6662 ::
rest	231.6662
::Onset of cue expected: [N/A SELF PACED]  recorded: 243.6852 ::
cue	243.6852
::Onset of trial expected: [N/A SELF PACED]  recorded: 244.218 ::
trial	244.2180
::Onset of return expected: [N/A SELF PACED]  recorded: 245.7356 ::
return	245.7356
::Onset of trial expected: [N/A SELF PACED]  recorded: 246.452 ::
trial	246.4520
::Onset of return expected: [N/A SELF PACED]  recorded: 247.2359 ::
return	247.2359
::Onset of trial expected: [N/A SELF PACED]  recorded: 247.9526 ::
trial	247.9526
::Onset of return expected: [N/A SELF PACED]  recorded: 248.8029 ::
return	248.8029
::Onset of trial expected: [N/A SELF PACED]  recorded: 249.5196 ::
trial	249.5196
::Onset of return expected: [N/A SELF PACED]  recorded: 250.4864 ::
return	250.4864
::Onset of trial expected: [N/A SELF PACED]  recorded: 251.2024 ::
trial	251.2024
::Onset of return expected: [N/A SELF PACED]  recorded: 251.9862 ::
return	251.9862
::Onset of trial expected: [N/A SELF PACED]  recorded: 252.7031 ::
trial	252.7031
::Onset of return expected: [N/A SELF PACED]  recorded: 253.6204 ::
return	253.6204
::Onset of trial expected: [N/A SELF PACED]  recorded: 254.336 ::
trial	254.3360
::Onset of return expected: [N/A SELF PACED]  recorded: 255.3369 ::
return	255.3369
::Onset of trial expected: [N/A SELF PACED]  recorded: 256.0532 ::
trial	256.0532
::Onset of return expected: [N/A SELF PACED]  recorded: 256.8533 ::
return	256.8533
::Onset of trial expected: [N/A SELF PACED]  recorded: 257.5703 ::
trial	257.5703
::Onset of return expected: [N/A SELF PACED]  recorded: 258.5705 ::
return	258.5705
::Onset of trial expected: [N/A SELF PACED]  recorded: 259.2872 ::
trial	259.2872
::Onset of return expected: [N/A SELF PACED]  recorded: 260.0373 ::
return	260.0373
::Onset of trial expected: [N/A SELF PACED]  recorded: 260.7543 ::
trial	260.7543
::Onset of return expected: [N/A SELF PACED]  recorded: 261.7544 ::
return	261.7544
::Onset of trial expected: [N/A SELF PACED]  recorded: 262.4716 ::
trial	262.4716
::Onset of return expected: [N/A SELF PACED]  recorded: 263.287 ::
return	263.2870
::Onset of trial expected: [N/A SELF PACED]  recorded: 264.0044 ::
trial	264.0044
::Onset of return expected: [N/A SELF PACED]  recorded: 264.7881 ::
return	264.7881
::Onset of trial expected: [N/A SELF PACED]  recorded: 265.5048 ::
trial	265.5048
::Onset of return expected: [N/A SELF PACED]  recorded: 266.221 ::
return	266.2210
::Onset of trial expected: [N/A SELF PACED]  recorded: 266.9386 ::
trial	266.9386
::Onset of return expected: [N/A SELF PACED]  recorded: 267.8724 ::
return	267.8724
::Onset of trial expected: [N/A SELF PACED]  recorded: 268.5893 ::
trial	268.5893
::Onset of return expected: [N/A SELF PACED]  recorded: 269.5386 ::
return	269.5386
::Onset of rest expected: [N/A SELF PACED]  recorded: 270.2558 ::
rest	270.2558
::Onset of cue expected: [N/A SELF PACED]  recorded: 282.2746 ::
cue	282.2746
::Onset of trial expected: [N/A SELF PACED]  recorded: 282.7908 ::
trial	282.7908
::Onset of return expected: [N/A SELF PACED]  recorded: 283.6739 ::
return	283.6739
::Onset of trial expected: [N/A SELF PACED]  recorded: 284.3909 ::
trial	284.3909
::Onset of return expected: [N/A SELF PACED]  recorded: 285.3579 ::
return	285.3579
::Onset of trial expected: [N/A SELF PACED]  recorded: 286.0739 ::
trial	286.0739
::Onset of return expected: [N/A SELF PACED]  recorded: 287.6582 ::
return	287.6582
::Onset of trial expected: [N/A SELF PACED]  recorded: 288.4921 ::
trial	288.4921
::Onset of return expected: [N/A SELF PACED]  recorded: 289.2914 ::
return	289.2914
::Onset of trial expected: [N/A SELF PACED]  recorded: 290.009 ::
trial	290.0090
::Onset of return expected: [N/A SELF PACED]  recorded: 290.9582 ::
return	290.9582
::Onset of trial expected: [N/A SELF PACED]  recorded: 292.1422 ::
trial	292.1422
::Onset of return expected: [N/A SELF PACED]  recorded: 292.9927 ::
return	292.9927
::Onset of trial expected: [N/A SELF PACED]  recorded: 293.7091 ::
trial	293.7091
::Onset of return expected: [N/A SELF PACED]  recorded: 294.5764 ::
return	294.5764
::Onset of trial expected: [N/A SELF PACED]  recorded: 295.2925 ::
trial	295.2925
::Onset of return expected: [N/A SELF PACED]  recorded: 296.2928 ::
return	296.2928
::Onset of trial expected: [N/A SELF PACED]  recorded: 297.0092 ::
trial	297.0092
::Onset of return expected: [N/A SELF PACED]  recorded: 297.9093 ::
return	297.9093
::Onset of trial expected: [N/A SELF PACED]  recorded: 298.6266 ::
trial	298.6266
::Onset of return expected: [N/A SELF PACED]  recorded: 299.4438 ::
return	299.4438
::Onset of trial expected: [N/A SELF PACED]  recorded: 300.1601 ::
trial	300.1601
::Onset of return expected: [N/A SELF PACED]  recorded: 302.1099 ::
return	302.1099
::Onset of trial expected: [N/A SELF PACED]  recorded: 302.8273 ::
trial	302.8273
::Onset of return expected: [N/A SELF PACED]  recorded: 303.5445 ::
return	303.5445
::Onset of trial expected: [N/A SELF PACED]  recorded: 304.2605 ::
trial	304.2605
::Onset of return expected: [N/A SELF PACED]  recorded: 305.1108 ::
return	305.1108
::Onset of trial expected: [N/A SELF PACED]  recorded: 305.8273 ::
trial	305.8273
::Onset of return expected: [N/A SELF PACED]  recorded: 306.5445 ::
return	306.5445
::Onset of trial expected: [N/A SELF PACED]  recorded: 307.2608 ::
trial	307.2608
::Onset of return expected: [N/A SELF PACED]  recorded: 307.9774 ::
return	307.9774
::Onset of trial expected: [N/A SELF PACED]  recorded: 308.6118 ::
trial	308.6118
::Onset of return expected: [N/A SELF PACED]  recorded: 309.3952 ::
return	309.3952
::Onset of trial expected: [N/A SELF PACED]  recorded: 310.1121 ::
trial	310.1121
::Onset of return expected: [N/A SELF PACED]  recorded: 310.9617 ::
return	310.9617
::Onset of trial expected: [N/A SELF PACED]  recorded: 311.678 ::
trial	311.6780
::Onset of return expected: [N/A SELF PACED]  recorded: 312.3958 ::
return	312.3958
::Onset of trial expected: [N/A SELF PACED]  recorded: 313.1131 ::
trial	313.1131
::Onset of return expected: [N/A SELF PACED]  recorded: 313.9622 ::
return	313.9622
::Onset of trial expected: [N/A SELF PACED]  recorded: 314.8619 ::
trial	314.8619
::Onset of return expected: [N/A SELF PACED]  recorded: 315.5958 ::
return	315.5958
::Onset of trial expected: [N/A SELF PACED]  recorded: 316.3129 ::
trial	316.3129
::Onset of return expected: [N/A SELF PACED]  recorded: 317.0633 ::
return	317.0633
::Onset of trial expected: [N/A SELF PACED]  recorded: 317.7794 ::
trial	317.7794
::Onset of return expected: [N/A SELF PACED]  recorded: 318.4961 ::
return	318.4961
::Onset of trial expected: [N/A SELF PACED]  recorded: 319.2128 ::
trial	319.2128
::Onset of return expected: [N/A SELF PACED]  recorded: 319.9297 ::
return	319.9297
::Onset of trial expected: [N/A SELF PACED]  recorded: 320.6466 ::
trial	320.6466
::Onset of return expected: [N/A SELF PACED]  recorded: 321.3637 ::
return	321.3637
::Onset of trial expected: [N/A SELF PACED]  recorded: 322.0804 ::
trial	322.0804
::Onset of return expected: [N/A SELF PACED]  recorded: 322.83 ::
return	322.8300
::Onset of trial expected: [N/A SELF PACED]  recorded: 323.547 ::
trial	323.5470
::Onset of return expected: [N/A SELF PACED]  recorded: 324.2639 ::
return	324.2639
::Onset of trial expected: [N/A SELF PACED]  recorded: 324.9811 ::
trial	324.9811
::Onset of return expected: [N/A SELF PACED]  recorded: 325.6972 ::
return	325.6972
::Onset of trial expected: [N/A SELF PACED]  recorded: 326.4146 ::
trial	326.4146
::Onset of return expected: [N/A SELF PACED]  recorded: 328.0307 ::
return	328.0307
::Onset of trial expected: [N/A SELF PACED]  recorded: 328.7475 ::
trial	328.7475
::Onset of return expected: [N/A SELF PACED]  recorded: 329.4646 ::
return	329.4646
::Onset of trial expected: [N/A SELF PACED]  recorded: 330.1812 ::
trial	330.1812
::Onset of return expected: [N/A SELF PACED]  recorded: 330.8987 ::
return	330.8987
::Onset of trial expected: [N/A SELF PACED]  recorded: 331.6143 ::
trial	331.6143
::Onset of return expected: [N/A SELF PACED]  recorded: 332.4656 ::
return	332.4656
::Onset of trial expected: [N/A SELF PACED]  recorded: 333.1818 ::
trial	333.1818
::Onset of return expected: [N/A SELF PACED]  recorded: 333.8988 ::
return	333.8988
::Onset of trial expected: [N/A SELF PACED]  recorded: 334.6156 ::
trial	334.6156
::Onset of return expected: [N/A SELF PACED]  recorded: 335.4486 ::
return	335.4486
::Onset of trial expected: [N/A SELF PACED]  recorded: 336.1656 ::
trial	336.1656
::Onset of return expected: [N/A SELF PACED]  recorded: 336.8824 ::
return	336.8824
::Onset of trial expected: [N/A SELF PACED]  recorded: 337.5997 ::
trial	337.5997
::Onset of return expected: [N/A SELF PACED]  recorded: 338.4157 ::
return	338.4157
::Onset of trial expected: [N/A SELF PACED]  recorded: 339.1165 ::
trial	339.1165
::Onset of return expected: [N/A SELF PACED]  recorded: 339.9824 ::
return	339.9824
::Onset of trial expected: [N/A SELF PACED]  recorded: 341.4337 ::
trial	341.4337
::Onset of return expected: [N/A SELF PACED]  recorded: 342.3671 ::
return	342.3671
::Onset of trial expected: [N/A SELF PACED]  recorded: 343.0835 ::
trial	343.0835
::Onset of return expected: [N/A SELF PACED]  recorded: 343.8007 ::
return	343.8007
::Onset of trial expected: [N/A SELF PACED]  recorded: 344.4334 ::
trial	344.4334
::Onset of return expected: [N/A SELF PACED]  recorded: 345.2506 ::
return	345.2506
::Onset of trial expected: [N/A SELF PACED]  recorded: 345.967 ::
trial	345.9670
::Onset of return expected: [N/A SELF PACED]  recorded: 346.6844 ::
return	346.6844
::Onset of trial expected: [N/A SELF PACED]  recorded: 347.4017 ::
trial	347.4017
::Onset of return expected: [N/A SELF PACED]  recorded: 348.2013 ::
return	348.2013
::Onset of trial expected: [N/A SELF PACED]  recorded: 348.9173 ::
trial	348.9173
::Onset of return expected: [N/A SELF PACED]  recorded: 349.6342 ::
return	349.6342
::Onset of trial expected: [N/A SELF PACED]  recorded: 350.3505 ::
trial	350.3505
::Onset of return expected: [N/A SELF PACED]  recorded: 351.2346 ::
return	351.2346
::Onset of trial expected: [N/A SELF PACED]  recorded: 351.9523 ::
trial	351.9523
::Onset of return expected: [N/A SELF PACED]  recorded: 352.7515 ::
return	352.7515
::Onset of trial expected: [N/A SELF PACED]  recorded: 354.2354 ::
trial	354.2354
::Onset of return expected: [N/A SELF PACED]  recorded: 355.0348 ::
return	355.0348
::Onset of trial expected: [N/A SELF PACED]  recorded: 355.7525 ::
trial	355.7525
::Onset of return expected: [N/A SELF PACED]  recorded: 356.4852 ::
return	356.4852
::Onset of trial expected: [N/A SELF PACED]  recorded: 357.2023 ::
trial	357.2023
::Onset of return expected: [N/A SELF PACED]  recorded: 359.0856 ::
return	359.0856
::Onset of trial expected: [N/A SELF PACED]  recorded: 359.8032 ::
trial	359.8032
::Onset of return expected: [N/A SELF PACED]  recorded: 360.6191 ::
return	360.6191
::Onset of rest expected: [N/A SELF PACED]  recorded: 361.9692 ::
rest	361.9692
::Onset of cue expected: [N/A SELF PACED]  recorded: 373.9876 ::
cue	373.9876
::Onset of trial expected: [N/A SELF PACED]  recorded: 374.5051 ::
trial	374.5051
::Onset of return expected: [N/A SELF PACED]  recorded: 377.3392 ::
return	377.3392
::Onset of trial expected: [N/A SELF PACED]  recorded: 378.0557 ::
trial	378.0557
::Onset of return expected: [N/A SELF PACED]  recorded: 378.839 ::
return	378.8390
::Onset of trial expected: [N/A SELF PACED]  recorded: 379.5553 ::
trial	379.5553
::Onset of return expected: [N/A SELF PACED]  recorded: 380.2725 ::
return	380.2725
::Onset of trial expected: [N/A SELF PACED]  recorded: 380.9896 ::
trial	380.9896
::Onset of return expected: [N/A SELF PACED]  recorded: 382.506 ::
return	382.5060
::Onset of trial expected: [N/A SELF PACED]  recorded: 383.2231 ::
trial	383.2231
::Onset of return expected: [N/A SELF PACED]  recorded: 385.057 ::
return	385.0570
::Onset of trial expected: [N/A SELF PACED]  recorded: 385.7736 ::
trial	385.7736
::Onset of return expected: [N/A SELF PACED]  recorded: 386.5062 ::
return	386.5062
::Onset of trial expected: [N/A SELF PACED]  recorded: 387.2239 ::
trial	387.2239
::Onset of return expected: [N/A SELF PACED]  recorded: 388.0737 ::
return	388.0737
::Onset of trial expected: [N/A SELF PACED]  recorded: 388.7906 ::
trial	388.7906
::Onset of return expected: [N/A SELF PACED]  recorded: 389.5571 ::
return	389.5571
::Onset of trial expected: [N/A SELF PACED]  recorded: 390.2578 ::
trial	390.2578
::Onset of return expected: [N/A SELF PACED]  recorded: 392.1745 ::
return	392.1745
::Onset of trial expected: [N/A SELF PACED]  recorded: 392.9241 ::
trial	392.9241
::Onset of return expected: [N/A SELF PACED]  recorded: 393.9576 ::
return	393.9576
::Onset of trial expected: [N/A SELF PACED]  recorded: 394.6748 ::
trial	394.6748
::Onset of return expected: [N/A SELF PACED]  recorded: 396.4242 ::
return	396.4242
::Onset of trial expected: [N/A SELF PACED]  recorded: 397.459 ::
trial	397.4590
::Onset of return expected: [N/A SELF PACED]  recorded: 398.4754 ::
return	398.4754
::Onset of trial expected: [N/A SELF PACED]  recorded: 399.1923 ::
trial	399.1923
::Onset of return expected: [N/A SELF PACED]  recorded: 400.0422 ::
return	400.0422
::Onset of trial expected: [N/A SELF PACED]  recorded: 400.7594 ::
trial	400.7594
::Onset of return expected: [N/A SELF PACED]  recorded: 401.6085 ::
return	401.6085
::Onset of trial expected: [N/A SELF PACED]  recorded: 402.3255 ::
trial	402.3255
::Onset of return expected: [N/A SELF PACED]  recorded: 403.109 ::
return	403.1090
::Onset of trial expected: [N/A SELF PACED]  recorded: 403.8265 ::
trial	403.8265
::Onset of return expected: [N/A SELF PACED]  recorded: 404.6096 ::
return	404.6096
::Onset of rest expected: [N/A SELF PACED]  recorded: 405.3262 ::
rest	405.3262
::Onset of cue expected: [N/A SELF PACED]  recorded: 417.3453 ::
cue	417.3453
::Onset of trial expected: [N/A SELF PACED]  recorded: 417.8782 ::
trial	417.8782
::Onset of return expected: [N/A SELF PACED]  recorded: 419.5792 ::
return	419.5792
::Onset of trial expected: [N/A SELF PACED]  recorded: 420.3124 ::
trial	420.3124
::Onset of return expected: [N/A SELF PACED]  recorded: 421.5787 ::
return	421.5787
::Onset of trial expected: [N/A SELF PACED]  recorded: 422.2961 ::
trial	422.2961
::Onset of return expected: [N/A SELF PACED]  recorded: 423.2623 ::
return	423.2623
::Onset of trial expected: [N/A SELF PACED]  recorded: 423.9792 ::
trial	423.9792
::Onset of return expected: [N/A SELF PACED]  recorded: 424.6962 ::
return	424.6962
::Onset of trial expected: [N/A SELF PACED]  recorded: 425.4126 ::
trial	425.4126
::Onset of return expected: [N/A SELF PACED]  recorded: 426.2793 ::
return	426.2793
::Onset of trial expected: [N/A SELF PACED]  recorded: 429.1305 ::
trial	429.1305
::Onset of return expected: [N/A SELF PACED]  recorded: 430.8471 ::
return	430.8471
::Onset of trial expected: [N/A SELF PACED]  recorded: 431.647 ::
trial	431.6470
::Onset of return expected: [N/A SELF PACED]  recorded: 433.3135 ::
return	433.3135
::Onset of trial expected: [N/A SELF PACED]  recorded: 434.0306 ::
trial	434.0306
::Onset of return expected: [N/A SELF PACED]  recorded: 434.9807 ::
return	434.9807
::Onset of trial expected: [N/A SELF PACED]  recorded: 438.2481 ::
trial	438.2481
::Onset of return expected: [N/A SELF PACED]  recorded: 443.0325 ::
return	443.0325
::Onset of trial expected: [N/A SELF PACED]  recorded: 443.6659 ::
trial	443.6659
::Onset of return expected: [N/A SELF PACED]  recorded: 444.782 ::
return	444.7820
::Onset of trial expected: [N/A SELF PACED]  recorded: 445.4995 ::
trial	445.4995
::Onset of return expected: [N/A SELF PACED]  recorded: 446.4493 ::
return	446.4493
::Onset of trial expected: [N/A SELF PACED]  recorded: 447.2496 ::
trial	447.2496
::Onset of return expected: [N/A SELF PACED]  recorded: 448.1993 ::
return	448.1993
::Onset of trial expected: [N/A SELF PACED]  recorded: 448.9162 ::
trial	448.9162
::Onset of return expected: [N/A SELF PACED]  recorded: 450.9497 ::
return	450.9497
::Onset of trial expected: [N/A SELF PACED]  recorded: 451.683 ::
trial	451.6830
::Onset of return expected: [N/A SELF PACED]  recorded: 452.6333 ::
return	452.6333
::Onset of trial expected: [N/A SELF PACED]  recorded: 453.3666 ::
trial	453.3666
::Onset of return expected: [N/A SELF PACED]  recorded: 454.2841 ::
return	454.2841
::Onset of trial expected: [N/A SELF PACED]  recorded: 455.0006 ::
trial	455.0006
::Onset of return expected: [N/A SELF PACED]  recorded: 455.8673 ::
return	455.8673
::Onset of trial expected: [N/A SELF PACED]  recorded: 456.6004 ::
trial	456.6004
::Onset of return expected: [N/A SELF PACED]  recorded: 457.4016 ::
return	457.4016
::Onset of trial expected: [N/A SELF PACED]  recorded: 458.151 ::
trial	458.1510
::Onset of return expected: [N/A SELF PACED]  recorded: 459.3681 ::
return	459.3681
::Onset of trial expected: [N/A SELF PACED]  recorded: 460.085 ::
trial	460.0850
::Onset of return expected: [N/A SELF PACED]  recorded: 460.8187 ::
return	460.8187
::Onset of trial expected: [N/A SELF PACED]  recorded: 462.8521 ::
trial	462.8521
::Onset of return expected: [N/A SELF PACED]  recorded: 463.6516 ::
return	463.6516
::Onset of trial expected: [N/A SELF PACED]  recorded: 464.3518 ::
trial	464.3518
::Onset of return expected: [N/A SELF PACED]  recorded: 465.2023 ::
return	465.2023
::Onset of trial expected: [N/A SELF PACED]  recorded: 465.9686 ::
trial	465.9686
::Onset of return expected: [N/A SELF PACED]  recorded: 466.6853 ::
return	466.6853
::Onset of trial expected: [N/A SELF PACED]  recorded: 467.4029 ::
trial	467.4029
::Onset of return expected: [N/A SELF PACED]  recorded: 468.2524 ::
return	468.2524
::Onset of trial expected: [N/A SELF PACED]  recorded: 468.9692 ::
trial	468.9692
::Onset of return expected: [N/A SELF PACED]  recorded: 469.6869 ::
return	469.6869
::Onset of trial expected: [N/A SELF PACED]  recorded: 470.4855 ::
trial	470.4855
::Onset of return expected: [N/A SELF PACED]  recorded: 471.403 ::
return	471.4030
::Onset of trial expected: [N/A SELF PACED]  recorded: 472.1208 ::
trial	472.1208
::Onset of return expected: [N/A SELF PACED]  recorded: 472.8373 ::
return	472.8373
::Onset of trial expected: [N/A SELF PACED]  recorded: 474.0039 ::
trial	474.0039
::Onset of return expected: [N/A SELF PACED]  recorded: 474.7703 ::
return	474.7703
::Onset of trial expected: [N/A SELF PACED]  recorded: 476.1876 ::
trial	476.1876
::Onset of return expected: [N/A SELF PACED]  recorded: 476.9038 ::
return	476.9038
::Onset of trial expected: [N/A SELF PACED]  recorded: 477.6203 ::
trial	477.6203
::Onset of return expected: [N/A SELF PACED]  recorded: 478.3377 ::
return	478.3377
::Onset of trial expected: [N/A SELF PACED]  recorded: 478.9707 ::
trial	478.9707
::Onset of return expected: [N/A SELF PACED]  recorded: 479.7041 ::
return	479.7041
::Onset of trial expected: [N/A SELF PACED]  recorded: 480.4209 ::
trial	480.4209
::Onset of return expected: [N/A SELF PACED]  recorded: 481.2714 ::
return	481.2714
::Onset of trial expected: [N/A SELF PACED]  recorded: 481.9878 ::
trial	481.9878
::Onset of return expected: [N/A SELF PACED]  recorded: 482.7377 ::
return	482.7377
::Onset of trial expected: [N/A SELF PACED]  recorded: 483.4543 ::
trial	483.4543
::Onset of return expected: [N/A SELF PACED]  recorded: 484.2218 ::
return	484.2218
::Onset of trial expected: [N/A SELF PACED]  recorded: 484.939 ::
trial	484.9390
::Onset of return expected: [N/A SELF PACED]  recorded: 485.6559 ::
return	485.6559
::Onset of trial expected: [N/A SELF PACED]  recorded: 486.3722 ::
trial	486.3722
::Onset of return expected: [N/A SELF PACED]  recorded: 487.0884 ::
return	487.0884
::Onset of trial expected: [N/A SELF PACED]  recorded: 487.8064 ::
trial	487.8064
::Onset of return expected: [N/A SELF PACED]  recorded: 488.5217 ::
return	488.5217
::Onset of trial expected: [N/A SELF PACED]  recorded: 489.2391 ::
trial	489.2391
::Onset of return expected: [N/A SELF PACED]  recorded: 490.0393 ::
return	490.0393
::Onset of trial expected: [N/A SELF PACED]  recorded: 491.2224 ::
trial	491.2224
::Onset of return expected: [N/A SELF PACED]  recorded: 491.9902 ::
return	491.9902
::Onset of trial expected: [N/A SELF PACED]  recorded: 492.7073 ::
trial	492.7073
::Onset of return expected: [N/A SELF PACED]  recorded: 493.5073 ::
return	493.5073
::Onset of trial expected: [N/A SELF PACED]  recorded: 494.2568 ::
trial	494.2568
::Onset of return expected: [N/A SELF PACED]  recorded: 494.9741 ::
return	494.9741
::Onset of trial expected: [N/A SELF PACED]  recorded: 496.3908 ::
trial	496.3908
::Onset of return expected: [N/A SELF PACED]  recorded: 497.3075 ::
return	497.3075
::Onset of trial expected: [N/A SELF PACED]  recorded: 498.0235 ::
trial	498.0235
::Onset of return expected: [N/A SELF PACED]  recorded: 498.79 ::
return	498.7900
::Onset of trial expected: [N/A SELF PACED]  recorded: 500.1579 ::
trial	500.1579
::Onset of return expected: [N/A SELF PACED]  recorded: 500.9412 ::
return	500.9412
::Onset of trial expected: [N/A SELF PACED]  recorded: 501.8744 ::
trial	501.8744
::Onset of return expected: [N/A SELF PACED]  recorded: 502.8078 ::
return	502.8078
::Onset of trial expected: [N/A SELF PACED]  recorded: 503.5247 ::
trial	503.5247
::Onset of return expected: [N/A SELF PACED]  recorded: 504.4253 ::
return	504.4253
::Onset of trial expected: [N/A SELF PACED]  recorded: 505.2411 ::
trial	505.2411
::Onset of return expected: [N/A SELF PACED]  recorded: 506.1589 ::
return	506.1589
::Onset of trial expected: [N/A SELF PACED]  recorded: 506.8745 ::
trial	506.8745
::Onset of return expected: [N/A SELF PACED]  recorded: 507.7416 ::
return	507.7416
::Onset of trial expected: [N/A SELF PACED]  recorded: 508.6594 ::
trial	508.6594
::Onset of return expected: [N/A SELF PACED]  recorded: 509.5592 ::
return	509.5592
::Onset of rest expected: [N/A SELF PACED]  recorded: 510.2761 ::
rest	510.2761
::Onset of cue expected: [N/A SELF PACED]  recorded: 522.2947 ::
cue	522.2947
::Onset of trial expected: [N/A SELF PACED]  recorded: 522.8282 ::
trial	522.8282
::Onset of return expected: [N/A SELF PACED]  recorded: 523.7117 ::
return	523.7117
::Onset of trial expected: [N/A SELF PACED]  recorded: 524.4453 ::
trial	524.4453
::Onset of return expected: [N/A SELF PACED]  recorded: 525.2617 ::
return	525.2617
::Onset of trial expected: [N/A SELF PACED]  recorded: 526.0446 ::
trial	526.0446
::Onset of return expected: [N/A SELF PACED]  recorded: 526.7622 ::
return	526.7622
::Onset of trial expected: [N/A SELF PACED]  recorded: 527.4789 ::
trial	527.4789
::Onset of return expected: [N/A SELF PACED]  recorded: 528.1951 ::
return	528.1951
::Onset of trial expected: [N/A SELF PACED]  recorded: 528.9119 ::
trial	528.9119
::Onset of return expected: [N/A SELF PACED]  recorded: 529.6292 ::
return	529.6292
::Onset of trial expected: [N/A SELF PACED]  recorded: 530.3449 ::
trial	530.3449
::Onset of return expected: [N/A SELF PACED]  recorded: 531.1458 ::
return	531.1458
::Onset of trial expected: [N/A SELF PACED]  recorded: 531.8962 ::
trial	531.8962
::Onset of return expected: [N/A SELF PACED]  recorded: 532.7463 ::
return	532.7463
::Onset of trial expected: [N/A SELF PACED]  recorded: 533.4621 ::
trial	533.4621
::Onset of return expected: [N/A SELF PACED]  recorded: 534.2128 ::
return	534.2128
::Onset of trial expected: [N/A SELF PACED]  recorded: 535.4299 ::
trial	535.4299
::Onset of return expected: [N/A SELF PACED]  recorded: 536.3302 ::
return	536.3302
::Onset of trial expected: [N/A SELF PACED]  recorded: 537.0463 ::
trial	537.0463
::Onset of return expected: [N/A SELF PACED]  recorded: 537.7638 ::
return	537.7638
::Onset of trial expected: [N/A SELF PACED]  recorded: 540.2134 ::
trial	540.2134
::Onset of return expected: [N/A SELF PACED]  recorded: 540.9301 ::
return	540.9301
::Onset of trial expected: [N/A SELF PACED]  recorded: 541.5643 ::
trial	541.5643
::Onset of return expected: [N/A SELF PACED]  recorded: 542.281 ::
return	542.2810
::Onset of trial expected: [N/A SELF PACED]  recorded: 544.9648 ::
trial	544.9648
::Onset of return expected: [N/A SELF PACED]  recorded: 545.9314 ::
return	545.9314
::Onset of trial expected: [N/A SELF PACED]  recorded: 546.7488 ::
trial	546.7488
::Onset of return expected: [N/A SELF PACED]  recorded: 547.5478 ::
return	547.5478
::Onset of trial expected: [N/A SELF PACED]  recorded: 548.2649 ::
trial	548.2649
::Onset of return expected: [N/A SELF PACED]  recorded: 548.9817 ::
return	548.9817
::Onset of trial expected: [N/A SELF PACED]  recorded: 550.1155 ::
trial	550.1155
::Onset of return expected: [N/A SELF PACED]  recorded: 550.9159 ::
return	550.9159
::Onset of rest expected: [N/A SELF PACED]  recorded: 551.6816 ::
rest	551.6816
