::Queue started at 14-Jan-2013 19:53:27, with machine clock reading 193917.7025.::
::Experiment started at 14-Jan-2013 19:53:44, with machine clock reading 193934.431.::
::TTL #1 expected: 0 recorded: 0 ::
=+	387868.8586
::Onset of cue expected: 0 recorded: 0.016336 ::
cue	0.0163
::Onset of trial expected: 0.5 recorded: 0.53292 ::
trial	0.5329
::Onset of iti expected: 1.7 recorded: 1.7324 ::
iti	1.7324
::Onset of trial expected: 1.9 recorded: 1.9324 ::
trial	1.9324
::Onset of iti expected: 3.1 recorded: 3.132 ::
iti	3.1320
::Onset of trial expected: 3.3 recorded: 3.3319 ::
trial	3.3319
::Onset of iti expected: 4.5 recorded: 4.5314 ::
iti	4.5314
::Onset of trial expected: 4.7 recorded: 4.7314 ::
trial	4.7314
::Onset of iti expected: 5.9 recorded: 5.931 ::
iti	5.9310
::Onset of trial expected: 6.1 recorded: 6.131 ::
trial	6.1310
::Onset of iti expected: 7.3 recorded: 7.331 ::
iti	7.3310
::Onset of trial expected: 7.5 recorded: 7.5312 ::
trial	7.5312
::Onset of iti expected: 8.7 recorded: 8.7312 ::
iti	8.7312
::Onset of trial expected: 8.9 recorded: 8.9312 ::
trial	8.9312
::Onset of iti expected: 10.1 recorded: 10.1314 ::
iti	10.1314
::Onset of trial expected: 10.3 recorded: 10.3315 ::
trial	10.3315
::Onset of iti expected: 11.5 recorded: 11.5317 ::
iti	11.5317
::Onset of trial expected: 11.7 recorded: 11.7317 ::
trial	11.7317
::Onset of iti expected: 12.9 recorded: 12.9319 ::
iti	12.9319
::Onset of trial expected: 13.1 recorded: 13.132 ::
trial	13.1320
::Onset of iti expected: 14.3 recorded: 14.3321 ::
iti	14.3321
::Onset of trial expected: 14.5 recorded: 14.5321 ::
trial	14.5321
::Onset of iti expected: 15.7 recorded: 15.7323 ::
iti	15.7323
::Onset of trial expected: 15.9 recorded: 15.9323 ::
trial	15.9323
::Onset of iti expected: 17.1 recorded: 17.1326 ::
iti	17.1326
::Onset of trial expected: 17.3 recorded: 17.3326 ::
trial	17.3326
::Onset of iti expected: 18.5 recorded: 18.5327 ::
iti	18.5327
::Onset of trial expected: 18.7 recorded: 18.7328 ::
trial	18.7328
::Onset of iti expected: 19.9 recorded: 19.933 ::
iti	19.9330
::Onset of trial expected: 20.1 recorded: 20.1329 ::
trial	20.1329
::Onset of iti expected: 21.3 recorded: 21.3332 ::
iti	21.3332
::Onset of trial expected: 21.5 recorded: 21.5333 ::
trial	21.5333
::Onset of iti expected: 22.7 recorded: 22.7334 ::
iti	22.7334
::Onset of rest expected: 22.9 recorded: 22.9336 ::
rest	22.9336
::Onset of cue expected: 34.9 recorded: 34.9213 ::
cue	34.9213
::Onset of trial expected: 35.4 recorded: 35.4211 ::
trial	35.4211
::Onset of iti expected: 36.6 recorded: 36.6207 ::
iti	36.6207
::Onset of trial expected: 36.8 recorded: 36.8206 ::
trial	36.8206
::Onset of iti expected: 38 recorded: 38.0202 ::
iti	38.0202
::Onset of trial expected: 38.2 recorded: 38.2201 ::
trial	38.2201
::Onset of iti expected: 39.4 recorded: 39.4197 ::
iti	39.4197
::Onset of trial expected: 39.6 recorded: 39.6197 ::
trial	39.6197
::Onset of iti expected: 40.8 recorded: 40.8196 ::
iti	40.8196
::Onset of trial expected: 41 recorded: 41.0195 ::
trial	41.0195
::Onset of iti expected: 42.2 recorded: 42.2197 ::
iti	42.2197
::Onset of trial expected: 42.4 recorded: 42.4197 ::
trial	42.4197
::Onset of iti expected: 43.6 recorded: 43.62 ::
iti	43.6200
::Onset of trial expected: 43.8 recorded: 43.8199 ::
trial	43.8199
::Onset of iti expected: 45 recorded: 45.0202 ::
iti	45.0202
::Onset of trial expected: 45.2 recorded: 45.2201 ::
trial	45.2201
::Onset of iti expected: 46.4 recorded: 46.4203 ::
iti	46.4203
::Onset of trial expected: 46.6 recorded: 46.6204 ::
trial	46.6204
::Onset of iti expected: 47.8 recorded: 47.8205 ::
iti	47.8205
::Onset of trial expected: 48 recorded: 48.0206 ::
trial	48.0206
::Onset of iti expected: 49.2 recorded: 49.2208 ::
iti	49.2208
::Onset of trial expected: 49.4 recorded: 49.4208 ::
trial	49.4208
::Onset of iti expected: 50.6 recorded: 50.621 ::
iti	50.6210
::Onset of trial expected: 50.8 recorded: 50.821 ::
trial	50.8210
::Onset of iti expected: 52 recorded: 52.0213 ::
iti	52.0213
::Onset of trial expected: 52.2 recorded: 52.2213 ::
trial	52.2213
::Onset of iti expected: 53.4 recorded: 53.4214 ::
iti	53.4214
::Onset of trial expected: 53.6 recorded: 53.6214 ::
trial	53.6214
::Onset of iti expected: 54.8 recorded: 54.8216 ::
iti	54.8216
::Onset of trial expected: 55 recorded: 55.0217 ::
trial	55.0217
::Onset of iti expected: 56.2 recorded: 56.2218 ::
iti	56.2218
::Onset of trial expected: 56.4 recorded: 56.4219 ::
trial	56.4219
::Onset of iti expected: 57.6 recorded: 57.6221 ::
iti	57.6221
::Onset of trial expected: 57.8 recorded: 57.8222 ::
trial	57.8222
::Onset of iti expected: 59 recorded: 59.0222 ::
iti	59.0222
::Onset of trial expected: 59.2 recorded: 59.2224 ::
trial	59.2224
::Onset of iti expected: 60.4 recorded: 60.4294 ::
iti	60.4294
::Onset of trial expected: 60.6 recorded: 60.6293 ::
trial	60.6293
::Onset of iti expected: 61.8 recorded: 61.8288 ::
iti	61.8288
::Onset of trial expected: 62 recorded: 62.0287 ::
trial	62.0287
::Onset of iti expected: 63.2 recorded: 63.2283 ::
iti	63.2283
::Onset of trial expected: 63.4 recorded: 63.4285 ::
trial	63.4285
::Onset of iti expected: 64.6 recorded: 64.628 ::
iti	64.6280
::Onset of trial expected: 64.8 recorded: 64.8279 ::
trial	64.8279
::Onset of iti expected: 66 recorded: 66.0274 ::
iti	66.0274
::Onset of trial expected: 66.2 recorded: 66.2274 ::
trial	66.2274
::Onset of iti expected: 67.4 recorded: 67.4271 ::
iti	67.4271
::Onset of trial expected: 67.6 recorded: 67.6269 ::
trial	67.6269
::Onset of iti expected: 68.8 recorded: 68.8266 ::
iti	68.8266
::Onset of trial expected: 69 recorded: 69.0265 ::
trial	69.0265
::Onset of iti expected: 70.2 recorded: 70.226 ::
iti	70.2260
::Onset of trial expected: 70.4 recorded: 70.426 ::
trial	70.4260
::Onset of iti expected: 71.6 recorded: 71.6256 ::
iti	71.6256
::Onset of trial expected: 71.8 recorded: 71.8254 ::
trial	71.8254
::Onset of iti expected: 73 recorded: 73.0251 ::
iti	73.0251
::Onset of trial expected: 73.2 recorded: 73.225 ::
trial	73.2250
::Onset of iti expected: 74.4 recorded: 74.4247 ::
iti	74.4247
::Onset of trial expected: 74.6 recorded: 74.6247 ::
trial	74.6247
::Onset of iti expected: 75.8 recorded: 75.8248 ::
iti	75.8248
::Onset of trial expected: 76 recorded: 76.0249 ::
trial	76.0249
::Onset of iti expected: 77.2 recorded: 77.2252 ::
iti	77.2252
::Onset of trial expected: 77.4 recorded: 77.4251 ::
trial	77.4251
::Onset of iti expected: 78.6 recorded: 78.6254 ::
iti	78.6254
::Onset of trial expected: 78.8 recorded: 78.8254 ::
trial	78.8254
::Onset of iti expected: 80 recorded: 80.0256 ::
iti	80.0256
::Onset of trial expected: 80.2 recorded: 80.2256 ::
trial	80.2256
::Onset of iti expected: 81.4 recorded: 81.4257 ::
iti	81.4257
::Onset of trial expected: 81.6 recorded: 81.6257 ::
trial	81.6257
::Onset of iti expected: 82.8 recorded: 82.8259 ::
iti	82.8259
::Onset of trial expected: 83 recorded: 83.0259 ::
trial	83.0259
::Onset of iti expected: 84.2 recorded: 84.2262 ::
iti	84.2262
::Onset of trial expected: 84.4 recorded: 84.4261 ::
trial	84.4261
::Onset of iti expected: 85.6 recorded: 85.6263 ::
iti	85.6263
::Onset of trial expected: 85.8 recorded: 85.8263 ::
trial	85.8263
::Onset of iti expected: 87 recorded: 87.0266 ::
iti	87.0266
::Onset of trial expected: 87.2 recorded: 87.2266 ::
trial	87.2266
::Onset of iti expected: 88.4 recorded: 88.4268 ::
iti	88.4268
::Onset of trial expected: 88.6 recorded: 88.6269 ::
trial	88.6269
::Onset of iti expected: 89.8 recorded: 89.827 ::
iti	89.8270
::Onset of trial expected: 90 recorded: 90.027 ::
trial	90.0270
::Onset of iti expected: 91.2 recorded: 91.2273 ::
iti	91.2273
::Onset of trial expected: 91.4 recorded: 91.4272 ::
trial	91.4272
::Onset of iti expected: 92.6 recorded: 92.6274 ::
iti	92.6274
::Onset of trial expected: 92.8 recorded: 92.8274 ::
trial	92.8274
::Onset of iti expected: 94 recorded: 94.0277 ::
iti	94.0277
::Onset of trial expected: 94.2 recorded: 94.2277 ::
trial	94.2277
::Onset of iti expected: 95.4 recorded: 95.4175 ::
iti	95.4175
::Onset of trial expected: 95.6 recorded: 95.6174 ::
trial	95.6174
::Onset of iti expected: 96.8 recorded: 96.8171 ::
iti	96.8171
::Onset of trial expected: 97 recorded: 97.017 ::
trial	97.0170
::Onset of iti expected: 98.2 recorded: 98.2167 ::
iti	98.2167
::Onset of trial expected: 98.4 recorded: 98.4332 ::
trial	98.4332
::Onset of iti expected: 99.6 recorded: 99.6328 ::
iti	99.6328
::Onset of trial expected: 99.8 recorded: 99.8327 ::
trial	99.8327
::Onset of iti expected: 101 recorded: 101.0324 ::
iti	101.0324
::Onset of trial expected: 101.2 recorded: 101.2323 ::
trial	101.2323
::Onset of iti expected: 102.4 recorded: 102.4319 ::
iti	102.4319
::Onset of rest expected: 102.6 recorded: 102.6318 ::
rest	102.6318
LeftControl	106.0806
