::Queue started at 14-Jan-2013 20:24:35, with machine clock reading 195785.3722.::
::Experiment started at 14-Jan-2013 20:24:55, with machine clock reading 195805.4684.::
::TTL #1 expected: 0 recorded: 0 ::
=+	391610.9321
::Onset of cue expected: 0 recorded: 0.016203 ::
cue	0.0162
::Onset of trial expected: 0.5 recorded: 0.53269 ::
trial	0.5327
::Onset of iti expected: 1.7 recorded: 1.7318 ::
iti	1.7318
::Onset of trial expected: 1.9 recorded: 1.9318 ::
trial	1.9318
::Onset of iti expected: 3.1 recorded: 3.1312 ::
iti	3.1312
::Onset of trial expected: 3.3 recorded: 3.3312 ::
trial	3.3312
::Onset of iti expected: 4.5 recorded: 4.5307 ::
iti	4.5307
::Onset of trial expected: 4.7 recorded: 4.7307 ::
trial	4.7307
::Onset of iti expected: 5.9 recorded: 5.9304 ::
iti	5.9304
::Onset of trial expected: 6.1 recorded: 6.1303 ::
trial	6.1303
::Onset of iti expected: 7.3 recorded: 7.33 ::
iti	7.3300
::Onset of trial expected: 7.5 recorded: 7.5302 ::
trial	7.5302
::Onset of iti expected: 8.7 recorded: 8.7303 ::
iti	8.7303
::Onset of trial expected: 8.9 recorded: 8.9302 ::
trial	8.9302
::Onset of iti expected: 10.1 recorded: 10.1305 ::
iti	10.1305
::Onset of trial expected: 10.3 recorded: 10.3305 ::
trial	10.3305
::Onset of iti expected: 11.5 recorded: 11.5313 ::
iti	11.5313
::Onset of trial expected: 11.7 recorded: 11.7314 ::
trial	11.7314
::Onset of iti expected: 12.9 recorded: 12.9315 ::
iti	12.9315
::Onset of trial expected: 13.1 recorded: 13.1315 ::
trial	13.1315
::Onset of iti expected: 14.3 recorded: 14.3317 ::
iti	14.3317
::Onset of trial expected: 14.5 recorded: 14.5318 ::
trial	14.5318
::Onset of iti expected: 15.7 recorded: 15.7319 ::
iti	15.7319
::Onset of trial expected: 15.9 recorded: 15.9319 ::
trial	15.9319
::Onset of iti expected: 17.1 recorded: 17.1322 ::
iti	17.1322
::Onset of trial expected: 17.3 recorded: 17.3322 ::
trial	17.3322
::Onset of iti expected: 18.5 recorded: 18.5324 ::
iti	18.5324
::Onset of trial expected: 18.7 recorded: 18.7325 ::
trial	18.7325
::Onset of iti expected: 19.9 recorded: 19.9326 ::
iti	19.9326
::Onset of trial expected: 20.1 recorded: 20.1326 ::
trial	20.1326
::Onset of iti expected: 21.3 recorded: 21.3328 ::
iti	21.3328
::Onset of trial expected: 21.5 recorded: 21.5328 ::
trial	21.5328
::Onset of iti expected: 22.7 recorded: 22.733 ::
iti	22.7330
::Onset of rest expected: 22.9 recorded: 22.933 ::
rest	22.9330
::Onset of cue expected: 34.9 recorded: 34.9183 ::
cue	34.9183
::Onset of trial expected: 35.4 recorded: 35.4183 ::
trial	35.4183
::Onset of iti expected: 36.6 recorded: 36.6206 ::
iti	36.6206
::Onset of trial expected: 36.8 recorded: 36.8206 ::
trial	36.8206
::Onset of iti expected: 38 recorded: 38.0195 ::
iti	38.0195
::Onset of trial expected: 38.2 recorded: 38.2195 ::
trial	38.2195
::Onset of iti expected: 39.4 recorded: 39.4196 ::
iti	39.4196
::Onset of trial expected: 39.6 recorded: 39.6195 ::
trial	39.6195
::Onset of iti expected: 40.8 recorded: 40.819 ::
iti	40.8190
::Onset of trial expected: 41 recorded: 41.0187 ::
trial	41.0187
::Onset of iti expected: 42.2 recorded: 42.2193 ::
iti	42.2193
::Onset of trial expected: 42.4 recorded: 42.4194 ::
trial	42.4194
::Onset of iti expected: 43.6 recorded: 43.6196 ::
iti	43.6196
::Onset of trial expected: 43.8 recorded: 43.8196 ::
trial	43.8196
::Onset of iti expected: 45 recorded: 45.0198 ::
iti	45.0198
::Onset of trial expected: 45.2 recorded: 45.2198 ::
trial	45.2198
::Onset of iti expected: 46.4 recorded: 46.4199 ::
iti	46.4199
::Onset of trial expected: 46.6 recorded: 46.6201 ::
trial	46.6201
::Onset of iti expected: 47.8 recorded: 47.8203 ::
iti	47.8203
::Onset of trial expected: 48 recorded: 48.0202 ::
trial	48.0202
::Onset of iti expected: 49.2 recorded: 49.2204 ::
iti	49.2204
::Onset of trial expected: 49.4 recorded: 49.4205 ::
trial	49.4205
::Onset of iti expected: 50.6 recorded: 50.6206 ::
iti	50.6206
::Onset of trial expected: 50.8 recorded: 50.8206 ::
trial	50.8206
::Onset of iti expected: 52 recorded: 52.0209 ::
iti	52.0209
::Onset of trial expected: 52.2 recorded: 52.2209 ::
trial	52.2209
::Onset of iti expected: 53.4 recorded: 53.421 ::
iti	53.4210
::Onset of trial expected: 53.6 recorded: 53.6211 ::
trial	53.6211
::Onset of iti expected: 54.8 recorded: 54.8213 ::
iti	54.8213
::Onset of trial expected: 55 recorded: 55.0213 ::
trial	55.0213
::Onset of iti expected: 56.2 recorded: 56.2215 ::
iti	56.2215
::Onset of trial expected: 56.4 recorded: 56.4215 ::
trial	56.4215
::Onset of iti expected: 57.6 recorded: 57.6216 ::
iti	57.6216
::Onset of trial expected: 57.8 recorded: 57.8217 ::
trial	57.8217
::Onset of iti expected: 59 recorded: 59.022 ::
iti	59.0220
::Onset of trial expected: 59.2 recorded: 59.222 ::
trial	59.2220
::Onset of iti expected: 60.4 recorded: 60.4222 ::
iti	60.4222
::Onset of trial expected: 60.6 recorded: 60.6222 ::
trial	60.6222
::Onset of iti expected: 61.8 recorded: 61.8288 ::
iti	61.8288
::Onset of trial expected: 62 recorded: 62.0287 ::
trial	62.0287
::Onset of iti expected: 63.2 recorded: 63.2283 ::
iti	63.2283
::Onset of trial expected: 63.4 recorded: 63.4283 ::
trial	63.4283
::Onset of iti expected: 64.6 recorded: 64.6278 ::
iti	64.6278
::Onset of trial expected: 64.8 recorded: 64.8278 ::
trial	64.8278
::Onset of iti expected: 66 recorded: 66.0274 ::
iti	66.0274
::Onset of trial expected: 66.2 recorded: 66.2273 ::
trial	66.2273
::Onset of iti expected: 67.4 recorded: 67.4268 ::
iti	67.4268
::Onset of trial expected: 67.6 recorded: 67.6269 ::
trial	67.6269
::Onset of iti expected: 68.8 recorded: 68.8264 ::
iti	68.8264
::Onset of trial expected: 69 recorded: 69.0263 ::
trial	69.0263
::Onset of iti expected: 70.2 recorded: 70.2259 ::
iti	70.2259
::Onset of trial expected: 70.4 recorded: 70.4259 ::
trial	70.4259
::Onset of iti expected: 71.6 recorded: 71.6255 ::
iti	71.6255
::Onset of trial expected: 71.8 recorded: 71.8254 ::
trial	71.8254
::Onset of iti expected: 73 recorded: 73.0251 ::
iti	73.0251
::Onset of trial expected: 73.2 recorded: 73.225 ::
trial	73.2250
::Onset of iti expected: 74.4 recorded: 74.4245 ::
iti	74.4245
::Onset of trial expected: 74.6 recorded: 74.6246 ::
trial	74.6246
::Onset of iti expected: 75.8 recorded: 75.8246 ::
iti	75.8246
::Onset of trial expected: 76 recorded: 76.0246 ::
trial	76.0246
::Onset of iti expected: 77.2 recorded: 77.2248 ::
iti	77.2248
::Onset of trial expected: 77.4 recorded: 77.4247 ::
trial	77.4247
::Onset of iti expected: 78.6 recorded: 78.6249 ::
iti	78.6249
::Onset of trial expected: 78.8 recorded: 78.8249 ::
trial	78.8249
::Onset of iti expected: 80 recorded: 80.0252 ::
iti	80.0252
::Onset of trial expected: 80.2 recorded: 80.2252 ::
trial	80.2252
::Onset of iti expected: 81.4 recorded: 81.4254 ::
iti	81.4254
::Onset of trial expected: 81.6 recorded: 81.6253 ::
trial	81.6253
::Onset of iti expected: 82.8 recorded: 82.8256 ::
iti	82.8256
::Onset of trial expected: 83 recorded: 83.0256 ::
trial	83.0256
::Onset of iti expected: 84.2 recorded: 84.2259 ::
iti	84.2259
::Onset of trial expected: 84.4 recorded: 84.4259 ::
trial	84.4259
::Onset of iti expected: 85.6 recorded: 85.626 ::
iti	85.6260
::Onset of trial expected: 85.8 recorded: 85.826 ::
trial	85.8260
::Onset of iti expected: 87 recorded: 87.0261 ::
iti	87.0261
::Onset of trial expected: 87.2 recorded: 87.2263 ::
trial	87.2263
::Onset of iti expected: 88.4 recorded: 88.4264 ::
iti	88.4264
::Onset of trial expected: 88.6 recorded: 88.6265 ::
trial	88.6265
::Onset of iti expected: 89.8 recorded: 89.8266 ::
iti	89.8266
::Onset of trial expected: 90 recorded: 90.0266 ::
trial	90.0266
::Onset of iti expected: 91.2 recorded: 91.2269 ::
iti	91.2269
::Onset of trial expected: 91.4 recorded: 91.4269 ::
trial	91.4269
::Onset of iti expected: 92.6 recorded: 92.6184 ::
iti	92.6184
::Onset of trial expected: 92.8 recorded: 92.8183 ::
trial	92.8183
::Onset of iti expected: 94 recorded: 94.018 ::
iti	94.0180
::Onset of trial expected: 94.2 recorded: 94.2179 ::
trial	94.2179
::Onset of iti expected: 95.4 recorded: 95.4175 ::
iti	95.4175
::Onset of trial expected: 95.6 recorded: 95.6176 ::
trial	95.6176
::Onset of iti expected: 96.8 recorded: 96.817 ::
iti	96.8170
::Onset of trial expected: 97 recorded: 97.017 ::
trial	97.0170
::Onset of iti expected: 98.2 recorded: 98.2332 ::
iti	98.2332
::Onset of trial expected: 98.4 recorded: 98.4332 ::
trial	98.4332
::Onset of iti expected: 99.6 recorded: 99.6328 ::
iti	99.6328
::Onset of trial expected: 99.8 recorded: 99.8327 ::
trial	99.8327
::Onset of iti expected: 101 recorded: 101.0323 ::
iti	101.0323
::Onset of trial expected: 101.2 recorded: 101.2322 ::
trial	101.2322
::Onset of iti expected: 102.4 recorded: 102.4318 ::
iti	102.4318
::Onset of rest expected: 102.6 recorded: 102.6317 ::
rest	102.6317
Return	107.9799
LeftControl	109.4297
s	109.8963
LeftControl	110.6965
