::Queue started at 14-Jan-2013 19:55:45, with machine clock reading 194055.6904.::
::Experiment started at 14-Jan-2013 19:55:57, with machine clock reading 194067.1197.::
::TTL #1 expected: 0 recorded: 0 ::
=+	388134.2246
::Onset of cue expected: 0 recorded: 0.016187 ::
cue	0.0162
::Onset of trial expected: 0.5 recorded: 0.53277 ::
trial	0.5328
::Onset of iti expected: 1.7 recorded: 1.7325 ::
iti	1.7325
::Onset of trial expected: 1.9 recorded: 1.9322 ::
trial	1.9322
::Onset of iti expected: 3.1 recorded: 3.1319 ::
iti	3.1319
::Onset of trial expected: 3.3 recorded: 3.3318 ::
trial	3.3318
::Onset of iti expected: 4.5 recorded: 4.5313 ::
iti	4.5313
::Onset of trial expected: 4.7 recorded: 4.7314 ::
trial	4.7314
::Onset of iti expected: 5.9 recorded: 5.9309 ::
iti	5.9309
::Onset of trial expected: 6.1 recorded: 6.131 ::
trial	6.1310
::Onset of iti expected: 7.3 recorded: 7.3304 ::
iti	7.3304
::Onset of trial expected: 7.5 recorded: 7.5304 ::
trial	7.5304
::Onset of iti expected: 8.7 recorded: 8.73 ::
iti	8.7300
::Onset of trial expected: 8.9 recorded: 8.9299 ::
trial	8.9299
::Onset of iti expected: 10.1 recorded: 10.1297 ::
iti	10.1297
::Onset of trial expected: 10.3 recorded: 10.3296 ::
trial	10.3296
::Onset of iti expected: 11.5 recorded: 11.5299 ::
iti	11.5299
::Onset of trial expected: 11.7 recorded: 11.7299 ::
trial	11.7299
::Onset of iti expected: 12.9 recorded: 12.9302 ::
iti	12.9302
::Onset of trial expected: 13.1 recorded: 13.1301 ::
trial	13.1301
::Onset of iti expected: 14.3 recorded: 14.3303 ::
iti	14.3303
::Onset of trial expected: 14.5 recorded: 14.5303 ::
trial	14.5303
::Onset of iti expected: 15.7 recorded: 15.7306 ::
iti	15.7306
::Onset of trial expected: 15.9 recorded: 15.9305 ::
trial	15.9305
::Onset of iti expected: 17.1 recorded: 17.1307 ::
iti	17.1307
::Onset of trial expected: 17.3 recorded: 17.3307 ::
trial	17.3307
::Onset of iti expected: 18.5 recorded: 18.531 ::
iti	18.5310
::Onset of trial expected: 18.7 recorded: 18.7309 ::
trial	18.7309
::Onset of iti expected: 19.9 recorded: 19.9312 ::
iti	19.9312
::Onset of trial expected: 20.1 recorded: 20.1313 ::
trial	20.1313
::Onset of iti expected: 21.3 recorded: 21.3314 ::
iti	21.3314
::Onset of trial expected: 21.5 recorded: 21.5314 ::
trial	21.5314
::Onset of iti expected: 22.7 recorded: 22.7316 ::
iti	22.7316
::Onset of rest expected: 22.9 recorded: 22.9317 ::
rest	22.9317
::Onset of cue expected: 34.9 recorded: 34.9168 ::
cue	34.9168
::Onset of trial expected: 35.4 recorded: 35.4168 ::
trial	35.4168
::Onset of iti expected: 36.6 recorded: 36.6206 ::
iti	36.6206
::Onset of trial expected: 36.8 recorded: 36.8205 ::
trial	36.8205
::Onset of iti expected: 38 recorded: 38.0202 ::
iti	38.0202
::Onset of trial expected: 38.2 recorded: 38.22 ::
trial	38.2200
::Onset of iti expected: 39.4 recorded: 39.4197 ::
iti	39.4197
::Onset of trial expected: 39.6 recorded: 39.6196 ::
trial	39.6196
::Onset of iti expected: 40.8 recorded: 40.8192 ::
iti	40.8192
::Onset of trial expected: 41 recorded: 41.0191 ::
trial	41.0191
::Onset of iti expected: 42.2 recorded: 42.2186 ::
iti	42.2186
::Onset of trial expected: 42.4 recorded: 42.4186 ::
trial	42.4186
::Onset of iti expected: 43.6 recorded: 43.6183 ::
iti	43.6183
::Onset of trial expected: 43.8 recorded: 43.8181 ::
trial	43.8181
::Onset of iti expected: 45 recorded: 45.0183 ::
iti	45.0183
::Onset of trial expected: 45.2 recorded: 45.2184 ::
trial	45.2184
::Onset of iti expected: 46.4 recorded: 46.4186 ::
iti	46.4186
::Onset of trial expected: 46.6 recorded: 46.6186 ::
trial	46.6186
::Onset of iti expected: 47.8 recorded: 47.8188 ::
iti	47.8188
::Onset of trial expected: 48 recorded: 48.0188 ::
trial	48.0188
::Onset of iti expected: 49.2 recorded: 49.219 ::
iti	49.2190
::Onset of trial expected: 49.4 recorded: 49.419 ::
trial	49.4190
::Onset of iti expected: 50.6 recorded: 50.6193 ::
iti	50.6193
::Onset of trial expected: 50.8 recorded: 50.8192 ::
trial	50.8192
::Onset of iti expected: 52 recorded: 52.0195 ::
iti	52.0195
::Onset of trial expected: 52.2 recorded: 52.2195 ::
trial	52.2195
::Onset of iti expected: 53.4 recorded: 53.4197 ::
iti	53.4197
::Onset of trial expected: 53.6 recorded: 53.6196 ::
trial	53.6196
::Onset of iti expected: 54.8 recorded: 54.8199 ::
iti	54.8199
::Onset of trial expected: 55 recorded: 55.0199 ::
trial	55.0199
::Onset of iti expected: 56.2 recorded: 56.2201 ::
iti	56.2201
::Onset of trial expected: 56.4 recorded: 56.4202 ::
trial	56.4202
::Onset of iti expected: 57.6 recorded: 57.6203 ::
iti	57.6203
::Onset of trial expected: 57.8 recorded: 57.8204 ::
trial	57.8204
::Onset of iti expected: 59 recorded: 59.0205 ::
iti	59.0205
::Onset of trial expected: 59.2 recorded: 59.2205 ::
trial	59.2205
::Onset of iti expected: 60.4 recorded: 60.4208 ::
iti	60.4208
::Onset of trial expected: 60.6 recorded: 60.6207 ::
trial	60.6207
::Onset of iti expected: 61.8 recorded: 61.8209 ::
iti	61.8209
::Onset of trial expected: 62 recorded: 62.021 ::
trial	62.0210
::Onset of iti expected: 63.2 recorded: 63.2211 ::
iti	63.2211
::Onset of trial expected: 63.4 recorded: 63.4211 ::
trial	63.4211
::Onset of iti expected: 64.6 recorded: 64.6278 ::
iti	64.6278
::Onset of trial expected: 64.8 recorded: 64.8278 ::
trial	64.8278
::Onset of iti expected: 66 recorded: 66.0275 ::
iti	66.0275
::Onset of trial expected: 66.2 recorded: 66.2273 ::
trial	66.2273
::Onset of iti expected: 67.4 recorded: 67.4268 ::
iti	67.4268
::Onset of trial expected: 67.6 recorded: 67.6269 ::
trial	67.6269
::Onset of iti expected: 68.8 recorded: 68.8264 ::
iti	68.8264
::Onset of trial expected: 69 recorded: 69.0264 ::
trial	69.0264
::Onset of iti expected: 70.2 recorded: 70.2259 ::
iti	70.2259
::Onset of trial expected: 70.4 recorded: 70.4259 ::
trial	70.4259
::Onset of iti expected: 71.6 recorded: 71.6255 ::
iti	71.6255
::Onset of trial expected: 71.8 recorded: 71.8256 ::
trial	71.8256
::Onset of iti expected: 73 recorded: 73.0249 ::
iti	73.0249
::Onset of trial expected: 73.2 recorded: 73.2249 ::
trial	73.2249
::Onset of iti expected: 74.4 recorded: 74.4245 ::
iti	74.4245
::Onset of trial expected: 74.6 recorded: 74.6244 ::
trial	74.6244
::Onset of iti expected: 75.8 recorded: 75.8239 ::
iti	75.8239
::Onset of trial expected: 76 recorded: 76.0241 ::
trial	76.0241
::Onset of iti expected: 77.2 recorded: 77.2235 ::
iti	77.2235
::Onset of trial expected: 77.4 recorded: 77.4235 ::
trial	77.4235
::Onset of iti expected: 78.6 recorded: 78.6235 ::
iti	78.6235
::Onset of trial expected: 78.8 recorded: 78.8235 ::
trial	78.8235
::Onset of iti expected: 80 recorded: 80.0237 ::
iti	80.0237
::Onset of trial expected: 80.2 recorded: 80.2238 ::
trial	80.2238
::Onset of iti expected: 81.4 recorded: 81.4239 ::
iti	81.4239
::Onset of trial expected: 81.6 recorded: 81.624 ::
trial	81.6240
::Onset of iti expected: 82.8 recorded: 82.8241 ::
iti	82.8241
::Onset of trial expected: 83 recorded: 83.0241 ::
trial	83.0241
::Onset of iti expected: 84.2 recorded: 84.2244 ::
iti	84.2244
::Onset of trial expected: 84.4 recorded: 84.4244 ::
trial	84.4244
::Onset of iti expected: 85.6 recorded: 85.6246 ::
iti	85.6246
::Onset of trial expected: 85.8 recorded: 85.8246 ::
trial	85.8246
::Onset of iti expected: 87 recorded: 87.0248 ::
iti	87.0248
::Onset of trial expected: 87.2 recorded: 87.2248 ::
trial	87.2248
::Onset of iti expected: 88.4 recorded: 88.425 ::
iti	88.4250
::Onset of trial expected: 88.6 recorded: 88.625 ::
trial	88.6250
::Onset of iti expected: 89.8 recorded: 89.8252 ::
iti	89.8252
::Onset of trial expected: 90 recorded: 90.0252 ::
trial	90.0252
::Onset of iti expected: 91.2 recorded: 91.2255 ::
iti	91.2255
::Onset of trial expected: 91.4 recorded: 91.4255 ::
trial	91.4255
::Onset of iti expected: 92.6 recorded: 92.6256 ::
iti	92.6256
::Onset of trial expected: 92.8 recorded: 92.8256 ::
trial	92.8256
::Onset of iti expected: 94 recorded: 94.0259 ::
iti	94.0259
::Onset of trial expected: 94.2 recorded: 94.226 ::
trial	94.2260
::Onset of iti expected: 95.4 recorded: 95.4261 ::
iti	95.4261
::Onset of trial expected: 95.6 recorded: 95.6261 ::
trial	95.6261
::Onset of iti expected: 96.8 recorded: 96.8264 ::
iti	96.8264
::Onset of trial expected: 97 recorded: 97.0263 ::
trial	97.0263
::Onset of iti expected: 98.2 recorded: 98.2332 ::
iti	98.2332
::Onset of trial expected: 98.4 recorded: 98.4331 ::
trial	98.4331
::Onset of iti expected: 99.6 recorded: 99.6327 ::
iti	99.6327
::Onset of trial expected: 99.8 recorded: 99.8327 ::
trial	99.8327
::Onset of iti expected: 101 recorded: 101.0322 ::
iti	101.0322
::Onset of trial expected: 101.2 recorded: 101.2321 ::
trial	101.2321
::Onset of iti expected: 102.4 recorded: 102.4318 ::
iti	102.4318
::Onset of rest expected: 102.6 recorded: 102.6316 ::
rest	102.6316
LeftControl	104.6811
