::Queue started at 14-Jan-2013 20:07:50, with machine clock reading 194780.3896.::
::Experiment started at 14-Jan-2013 20:10:07, with machine clock reading 194917.617.::
::TTL #1 expected: 0 recorded: 0 ::
=+	389835.2312
::Onset of cue expected: 0 recorded: 0.016384 ::
cue	0.0164
::Onset of trial expected: 0.5 recorded: 0.53289 ::
trial	0.5329
::Onset of iti expected: 1.7 recorded: 1.7324 ::
iti	1.7324
::Onset of trial expected: 1.9 recorded: 1.9317 ::
trial	1.9317
::Onset of iti expected: 3.1 recorded: 3.1313 ::
iti	3.1313
::Onset of trial expected: 3.3 recorded: 3.3313 ::
trial	3.3313
::Onset of iti expected: 4.5 recorded: 4.5309 ::
iti	4.5309
::Onset of trial expected: 4.7 recorded: 4.7308 ::
trial	4.7308
::Onset of iti expected: 5.9 recorded: 5.9303 ::
iti	5.9303
::Onset of trial expected: 6.1 recorded: 6.1304 ::
trial	6.1304
::Onset of iti expected: 7.3 recorded: 7.3299 ::
iti	7.3299
::Onset of trial expected: 7.5 recorded: 7.5298 ::
trial	7.5298
::Onset of iti expected: 8.7 recorded: 8.7295 ::
iti	8.7295
::Onset of trial expected: 8.9 recorded: 8.9294 ::
trial	8.9294
::Onset of iti expected: 10.1 recorded: 10.129 ::
iti	10.1290
::Onset of trial expected: 10.3 recorded: 10.3291 ::
trial	10.3291
::Onset of iti expected: 11.5 recorded: 11.5294 ::
iti	11.5294
::Onset of trial expected: 11.7 recorded: 11.7294 ::
trial	11.7294
::Onset of iti expected: 12.9 recorded: 12.9301 ::
iti	12.9301
::Onset of trial expected: 13.1 recorded: 13.1302 ::
trial	13.1302
::Onset of iti expected: 14.3 recorded: 14.3304 ::
iti	14.3304
::Onset of trial expected: 14.5 recorded: 14.5304 ::
trial	14.5304
::Onset of iti expected: 15.7 recorded: 15.7306 ::
iti	15.7306
::Onset of trial expected: 15.9 recorded: 15.9306 ::
trial	15.9306
::Onset of iti expected: 17.1 recorded: 17.1307 ::
iti	17.1307
::Onset of trial expected: 17.3 recorded: 17.3308 ::
trial	17.3308
::Onset of iti expected: 18.5 recorded: 18.5309 ::
iti	18.5309
::Onset of trial expected: 18.7 recorded: 18.731 ::
trial	18.7310
::Onset of iti expected: 19.9 recorded: 19.9312 ::
iti	19.9312
::Onset of trial expected: 20.1 recorded: 20.1312 ::
trial	20.1312
::Onset of iti expected: 21.3 recorded: 21.3313 ::
iti	21.3313
::Onset of trial expected: 21.5 recorded: 21.5314 ::
trial	21.5314
::Onset of iti expected: 22.7 recorded: 22.7316 ::
iti	22.7316
::Onset of rest expected: 22.9 recorded: 22.9317 ::
rest	22.9317
::Onset of cue expected: 34.9 recorded: 34.9168 ::
cue	34.9168
::Onset of trial expected: 35.4 recorded: 35.4169 ::
trial	35.4169
::Onset of iti expected: 36.6 recorded: 36.6208 ::
iti	36.6208
::Onset of trial expected: 36.8 recorded: 36.8206 ::
trial	36.8206
::Onset of iti expected: 38 recorded: 38.0196 ::
iti	38.0196
::Onset of trial expected: 38.2 recorded: 38.2196 ::
trial	38.2196
::Onset of iti expected: 39.4 recorded: 39.4191 ::
iti	39.4191
::Onset of trial expected: 39.6 recorded: 39.619 ::
trial	39.6190
::Onset of iti expected: 40.8 recorded: 40.8187 ::
iti	40.8187
::Onset of trial expected: 41 recorded: 41.0187 ::
trial	41.0187
::Onset of iti expected: 42.2 recorded: 42.2182 ::
iti	42.2182
::Onset of trial expected: 42.4 recorded: 42.4182 ::
trial	42.4182
::Onset of iti expected: 43.6 recorded: 43.6177 ::
iti	43.6177
::Onset of trial expected: 43.8 recorded: 43.8177 ::
trial	43.8177
::Onset of iti expected: 45 recorded: 45.0177 ::
iti	45.0177
::Onset of trial expected: 45.2 recorded: 45.2178 ::
trial	45.2178
::Onset of iti expected: 46.4 recorded: 46.4185 ::
iti	46.4185
::Onset of trial expected: 46.6 recorded: 46.6186 ::
trial	46.6186
::Onset of iti expected: 47.8 recorded: 47.8188 ::
iti	47.8188
::Onset of trial expected: 48 recorded: 48.0189 ::
trial	48.0189
::Onset of iti expected: 49.2 recorded: 49.219 ::
iti	49.2190
::Onset of trial expected: 49.4 recorded: 49.4191 ::
trial	49.4191
::Onset of iti expected: 50.6 recorded: 50.6193 ::
iti	50.6193
::Onset of trial expected: 50.8 recorded: 50.8192 ::
trial	50.8192
::Onset of iti expected: 52 recorded: 52.0195 ::
iti	52.0195
::Onset of trial expected: 52.2 recorded: 52.2195 ::
trial	52.2195
::Onset of iti expected: 53.4 recorded: 53.4196 ::
iti	53.4196
::Onset of trial expected: 53.6 recorded: 53.6197 ::
trial	53.6197
::Onset of iti expected: 54.8 recorded: 54.8198 ::
iti	54.8198
::Onset of trial expected: 55 recorded: 55.0199 ::
trial	55.0199
::Onset of iti expected: 56.2 recorded: 56.2201 ::
iti	56.2201
::Onset of trial expected: 56.4 recorded: 56.4201 ::
trial	56.4201
::Onset of iti expected: 57.6 recorded: 57.6203 ::
iti	57.6203
::Onset of trial expected: 57.8 recorded: 57.8203 ::
trial	57.8203
::Onset of iti expected: 59 recorded: 59.0205 ::
iti	59.0205
::Onset of trial expected: 59.2 recorded: 59.2206 ::
trial	59.2206
::Onset of iti expected: 60.4 recorded: 60.4206 ::
iti	60.4206
::Onset of trial expected: 60.6 recorded: 60.6207 ::
trial	60.6207
::Onset of iti expected: 61.8 recorded: 61.8209 ::
iti	61.8209
::Onset of trial expected: 62 recorded: 62.021 ::
trial	62.0210
::Onset of iti expected: 63.2 recorded: 63.2213 ::
iti	63.2213
::Onset of trial expected: 63.4 recorded: 63.4212 ::
trial	63.4212
::Onset of iti expected: 64.6 recorded: 64.6279 ::
iti	64.6279
::Onset of trial expected: 64.8 recorded: 64.828 ::
trial	64.8280
::Onset of iti expected: 66 recorded: 66.0275 ::
iti	66.0275
::Onset of trial expected: 66.2 recorded: 66.2274 ::
trial	66.2274
::Onset of iti expected: 67.4 recorded: 67.4271 ::
iti	67.4271
::Onset of trial expected: 67.6 recorded: 67.6269 ::
trial	67.6269
::Onset of iti expected: 68.8 recorded: 68.8265 ::
iti	68.8265
::Onset of trial expected: 69 recorded: 69.0265 ::
trial	69.0265
::Onset of iti expected: 70.2 recorded: 70.2261 ::
iti	70.2261
::Onset of trial expected: 70.4 recorded: 70.426 ::
trial	70.4260
::Onset of iti expected: 71.6 recorded: 71.6256 ::
iti	71.6256
::Onset of trial expected: 71.8 recorded: 71.8255 ::
trial	71.8255
::Onset of iti expected: 73 recorded: 73.0252 ::
iti	73.0252
::Onset of trial expected: 73.2 recorded: 73.225 ::
trial	73.2250
::Onset of iti expected: 74.4 recorded: 74.4247 ::
iti	74.4247
::Onset of trial expected: 74.6 recorded: 74.6246 ::
trial	74.6246
::Onset of iti expected: 75.8 recorded: 75.8242 ::
iti	75.8242
::Onset of trial expected: 76 recorded: 76.0241 ::
trial	76.0241
::Onset of iti expected: 77.2 recorded: 77.2237 ::
iti	77.2237
::Onset of trial expected: 77.4 recorded: 77.4237 ::
trial	77.4237
::Onset of iti expected: 78.6 recorded: 78.6236 ::
iti	78.6236
::Onset of trial expected: 78.8 recorded: 78.8235 ::
trial	78.8235
::Onset of iti expected: 80 recorded: 80.0237 ::
iti	80.0237
::Onset of trial expected: 80.2 recorded: 80.2238 ::
trial	80.2238
::Onset of iti expected: 81.4 recorded: 81.4239 ::
iti	81.4239
::Onset of trial expected: 81.6 recorded: 81.624 ::
trial	81.6240
::Onset of iti expected: 82.8 recorded: 82.8242 ::
iti	82.8242
::Onset of trial expected: 83 recorded: 83.0242 ::
trial	83.0242
::Onset of iti expected: 84.2 recorded: 84.2243 ::
iti	84.2243
::Onset of trial expected: 84.4 recorded: 84.4244 ::
trial	84.4244
::Onset of iti expected: 85.6 recorded: 85.6247 ::
iti	85.6247
::Onset of trial expected: 85.8 recorded: 85.8246 ::
trial	85.8246
::Onset of iti expected: 87 recorded: 87.0249 ::
iti	87.0249
::Onset of trial expected: 87.2 recorded: 87.2249 ::
trial	87.2249
::Onset of iti expected: 88.4 recorded: 88.425 ::
iti	88.4250
::Onset of trial expected: 88.6 recorded: 88.625 ::
trial	88.6250
::Onset of iti expected: 89.8 recorded: 89.8252 ::
iti	89.8252
::Onset of trial expected: 90 recorded: 90.0253 ::
trial	90.0253
::Onset of iti expected: 91.2 recorded: 91.2255 ::
iti	91.2255
::Onset of trial expected: 91.4 recorded: 91.4255 ::
trial	91.4255
::Onset of iti expected: 92.6 recorded: 92.6257 ::
iti	92.6257
::Onset of trial expected: 92.8 recorded: 92.8256 ::
trial	92.8256
::Onset of iti expected: 94 recorded: 94.0259 ::
iti	94.0259
::Onset of trial expected: 94.2 recorded: 94.226 ::
trial	94.2260
::Onset of iti expected: 95.4 recorded: 95.4261 ::
iti	95.4261
::Onset of trial expected: 95.6 recorded: 95.6262 ::
trial	95.6262
::Onset of iti expected: 96.8 recorded: 96.8172 ::
iti	96.8172
::Onset of trial expected: 97 recorded: 97.017 ::
trial	97.0170
::Onset of iti expected: 98.2 recorded: 98.2334 ::
iti	98.2334
::Onset of trial expected: 98.4 recorded: 98.4333 ::
trial	98.4333
::Onset of iti expected: 99.6 recorded: 99.6329 ::
iti	99.6329
::Onset of trial expected: 99.8 recorded: 99.8327 ::
trial	99.8327
::Onset of iti expected: 101 recorded: 101.0325 ::
iti	101.0325
::Onset of trial expected: 101.2 recorded: 101.2323 ::
trial	101.2323
::Onset of iti expected: 102.4 recorded: 102.4319 ::
iti	102.4319
::Onset of rest expected: 102.6 recorded: 102.632 ::
rest	102.6320
LeftControl	104.2647
