::Queue started at 14-Jan-2013 20:14:58, with machine clock reading 195208.6503.::
::Experiment started at 14-Jan-2013 20:16:51, with machine clock reading 195320.8482.::
::TTL #1 expected: 0 recorded: 0 ::
=+	390641.6827
::Onset of cue expected: 0 recorded: 0.016282 ::
cue	0.0163
::Onset of trial expected: 0.5 recorded: 0.53277 ::
trial	0.5328
::Onset of iti expected: 1.7 recorded: 1.7324 ::
iti	1.7324
::Onset of trial expected: 1.9 recorded: 1.9324 ::
trial	1.9324
::Onset of iti expected: 3.1 recorded: 3.1316 ::
iti	3.1316
::Onset of trial expected: 3.3 recorded: 3.3312 ::
trial	3.3312
::Onset of iti expected: 4.5 recorded: 4.5308 ::
iti	4.5308
::Onset of trial expected: 4.7 recorded: 4.7314 ::
trial	4.7314
::Onset of iti expected: 5.9 recorded: 5.9304 ::
iti	5.9304
::Onset of trial expected: 6.1 recorded: 6.1303 ::
trial	6.1303
::Onset of iti expected: 7.3 recorded: 7.3299 ::
iti	7.3299
::Onset of trial expected: 7.5 recorded: 7.5299 ::
trial	7.5299
::Onset of iti expected: 8.7 recorded: 8.7294 ::
iti	8.7294
::Onset of trial expected: 8.9 recorded: 8.9294 ::
trial	8.9294
::Onset of iti expected: 10.1 recorded: 10.129 ::
iti	10.1290
::Onset of trial expected: 10.3 recorded: 10.3289 ::
trial	10.3289
::Onset of iti expected: 11.5 recorded: 11.5291 ::
iti	11.5291
::Onset of trial expected: 11.7 recorded: 11.7284 ::
trial	11.7284
::Onset of iti expected: 12.9 recorded: 12.928 ::
iti	12.9280
::Onset of trial expected: 13.1 recorded: 13.1279 ::
trial	13.1279
::Onset of iti expected: 14.3 recorded: 14.3281 ::
iti	14.3281
::Onset of trial expected: 14.5 recorded: 14.5281 ::
trial	14.5281
::Onset of iti expected: 15.7 recorded: 15.7273 ::
iti	15.7273
::Onset of trial expected: 15.9 recorded: 15.9274 ::
trial	15.9274
::Onset of iti expected: 17.1 recorded: 17.1282 ::
iti	17.1282
::Onset of trial expected: 17.3 recorded: 17.3281 ::
trial	17.3281
::Onset of iti expected: 18.5 recorded: 18.5284 ::
iti	18.5284
::Onset of trial expected: 18.7 recorded: 18.7285 ::
trial	18.7285
::Onset of iti expected: 19.9 recorded: 19.9286 ::
iti	19.9286
::Onset of trial expected: 20.1 recorded: 20.1287 ::
trial	20.1287
::Onset of iti expected: 21.3 recorded: 21.3288 ::
iti	21.3288
::Onset of trial expected: 21.5 recorded: 21.5289 ::
trial	21.5289
::Onset of iti expected: 22.7 recorded: 22.729 ::
iti	22.7290
::Onset of rest expected: 22.9 recorded: 22.9291 ::
rest	22.9291
::Onset of cue expected: 34.9 recorded: 34.9309 ::
cue	34.9309
::Onset of trial expected: 35.4 recorded: 35.4309 ::
trial	35.4309
::Onset of iti expected: 36.6 recorded: 36.6207 ::
iti	36.6207
::Onset of trial expected: 36.8 recorded: 36.8206 ::
trial	36.8206
::Onset of iti expected: 38 recorded: 38.0201 ::
iti	38.0201
::Onset of trial expected: 38.2 recorded: 38.22 ::
trial	38.2200
::Onset of iti expected: 39.4 recorded: 39.4197 ::
iti	39.4197
::Onset of trial expected: 39.6 recorded: 39.6196 ::
trial	39.6196
::Onset of iti expected: 40.8 recorded: 40.8193 ::
iti	40.8193
::Onset of trial expected: 41 recorded: 41.0192 ::
trial	41.0192
::Onset of iti expected: 42.2 recorded: 42.2188 ::
iti	42.2188
::Onset of trial expected: 42.4 recorded: 42.4187 ::
trial	42.4187
::Onset of iti expected: 43.6 recorded: 43.6183 ::
iti	43.6183
::Onset of trial expected: 43.8 recorded: 43.8183 ::
trial	43.8183
::Onset of iti expected: 45 recorded: 45.0178 ::
iti	45.0178
::Onset of trial expected: 45.2 recorded: 45.2178 ::
trial	45.2178
::Onset of iti expected: 46.4 recorded: 46.4172 ::
iti	46.4172
::Onset of trial expected: 46.6 recorded: 46.6172 ::
trial	46.6172
::Onset of iti expected: 47.8 recorded: 47.8169 ::
iti	47.8169
::Onset of trial expected: 48 recorded: 48.0168 ::
trial	48.0168
::Onset of iti expected: 49.2 recorded: 49.2332 ::
iti	49.2332
::Onset of trial expected: 49.4 recorded: 49.4332 ::
trial	49.4332
::Onset of iti expected: 50.6 recorded: 50.6334 ::
iti	50.6334
::Onset of trial expected: 50.8 recorded: 50.8167 ::
trial	50.8167
::Onset of iti expected: 52 recorded: 52.0168 ::
iti	52.0168
::Onset of trial expected: 52.2 recorded: 52.217 ::
trial	52.2170
::Onset of iti expected: 53.4 recorded: 53.4171 ::
iti	53.4171
::Onset of trial expected: 53.6 recorded: 53.6172 ::
trial	53.6172
::Onset of iti expected: 54.8 recorded: 54.8173 ::
iti	54.8173
::Onset of trial expected: 55 recorded: 55.0172 ::
trial	55.0172
::Onset of iti expected: 56.2 recorded: 56.2175 ::
iti	56.2175
::Onset of trial expected: 56.4 recorded: 56.4175 ::
trial	56.4175
::Onset of iti expected: 57.6 recorded: 57.6177 ::
iti	57.6177
::Onset of trial expected: 57.8 recorded: 57.8178 ::
trial	57.8178
::Onset of iti expected: 59 recorded: 59.0179 ::
iti	59.0179
::Onset of trial expected: 59.2 recorded: 59.2181 ::
trial	59.2181
::Onset of iti expected: 60.4 recorded: 60.4181 ::
iti	60.4181
::Onset of trial expected: 60.6 recorded: 60.6181 ::
trial	60.6181
::Onset of iti expected: 61.8 recorded: 61.8183 ::
iti	61.8183
::Onset of trial expected: 62 recorded: 62.0185 ::
trial	62.0185
::Onset of iti expected: 63.2 recorded: 63.2187 ::
iti	63.2187
::Onset of trial expected: 63.4 recorded: 63.4186 ::
trial	63.4186
::Onset of iti expected: 64.6 recorded: 64.6189 ::
iti	64.6189
::Onset of trial expected: 64.8 recorded: 64.8188 ::
trial	64.8188
::Onset of iti expected: 66 recorded: 66.019 ::
iti	66.0190
::Onset of trial expected: 66.2 recorded: 66.219 ::
trial	66.2190
::Onset of iti expected: 67.4 recorded: 67.4193 ::
iti	67.4193
::Onset of trial expected: 67.6 recorded: 67.6193 ::
trial	67.6193
::Onset of iti expected: 68.8 recorded: 68.8195 ::
iti	68.8195
::Onset of trial expected: 69 recorded: 69.0195 ::
trial	69.0195
::Onset of iti expected: 70.2 recorded: 70.226 ::
iti	70.2260
::Onset of trial expected: 70.4 recorded: 70.4259 ::
trial	70.4259
::Onset of iti expected: 71.6 recorded: 71.6255 ::
iti	71.6255
::Onset of trial expected: 71.8 recorded: 71.8255 ::
trial	71.8255
::Onset of iti expected: 73 recorded: 73.0251 ::
iti	73.0251
::Onset of trial expected: 73.2 recorded: 73.225 ::
trial	73.2250
::Onset of iti expected: 74.4 recorded: 74.4246 ::
iti	74.4246
::Onset of trial expected: 74.6 recorded: 74.6245 ::
trial	74.6245
::Onset of iti expected: 75.8 recorded: 75.8242 ::
iti	75.8242
::Onset of trial expected: 76 recorded: 76.024 ::
trial	76.0240
::Onset of iti expected: 77.2 recorded: 77.2236 ::
iti	77.2236
::Onset of trial expected: 77.4 recorded: 77.4236 ::
trial	77.4236
::Onset of iti expected: 78.6 recorded: 78.6231 ::
iti	78.6231
::Onset of trial expected: 78.8 recorded: 78.8231 ::
trial	78.8231
::Onset of iti expected: 80 recorded: 80.0227 ::
iti	80.0227
::Onset of trial expected: 80.2 recorded: 80.2226 ::
trial	80.2226
::Onset of iti expected: 81.4 recorded: 81.4222 ::
iti	81.4222
::Onset of trial expected: 81.6 recorded: 81.6222 ::
trial	81.6222
::Onset of iti expected: 82.8 recorded: 82.8218 ::
iti	82.8218
::Onset of trial expected: 83 recorded: 83.0217 ::
trial	83.0217
::Onset of iti expected: 84.2 recorded: 84.2218 ::
iti	84.2218
::Onset of trial expected: 84.4 recorded: 84.4219 ::
trial	84.4219
::Onset of iti expected: 85.6 recorded: 85.622 ::
iti	85.6220
::Onset of trial expected: 85.8 recorded: 85.8221 ::
trial	85.8221
::Onset of iti expected: 87 recorded: 87.0223 ::
iti	87.0223
::Onset of trial expected: 87.2 recorded: 87.2222 ::
trial	87.2222
::Onset of iti expected: 88.4 recorded: 88.4225 ::
iti	88.4225
::Onset of trial expected: 88.6 recorded: 88.6225 ::
trial	88.6225
::Onset of iti expected: 89.8 recorded: 89.8227 ::
iti	89.8227
::Onset of trial expected: 90 recorded: 90.0227 ::
trial	90.0227
::Onset of iti expected: 91.2 recorded: 91.2229 ::
iti	91.2229
::Onset of trial expected: 91.4 recorded: 91.4229 ::
trial	91.4229
::Onset of iti expected: 92.6 recorded: 92.6231 ::
iti	92.6231
::Onset of trial expected: 92.8 recorded: 92.8232 ::
trial	92.8232
::Onset of iti expected: 94 recorded: 94.0234 ::
iti	94.0234
::Onset of trial expected: 94.2 recorded: 94.223 ::
trial	94.2230
::Onset of iti expected: 95.4 recorded: 95.4235 ::
iti	95.4235
::Onset of trial expected: 95.6 recorded: 95.6236 ::
trial	95.6236
::Onset of iti expected: 96.8 recorded: 96.8238 ::
iti	96.8238
::Onset of trial expected: 97 recorded: 97.0238 ::
trial	97.0238
::Onset of iti expected: 98.2 recorded: 98.224 ::
iti	98.2240
::Onset of trial expected: 98.4 recorded: 98.424 ::
trial	98.4240
::Onset of iti expected: 99.6 recorded: 99.6242 ::
iti	99.6242
::Onset of trial expected: 99.8 recorded: 99.8242 ::
trial	99.8242
::Onset of iti expected: 101 recorded: 101.0244 ::
iti	101.0244
::Onset of trial expected: 101.2 recorded: 101.2244 ::
trial	101.2244
::Onset of iti expected: 102.4 recorded: 102.4245 ::
iti	102.4245
::Onset of rest expected: 102.6 recorded: 102.6246 ::
rest	102.6246
LeftControl	104.4249
